[2024-07-02 18:30:22] production.ERROR: include(/Users/juanpi/Documents/laravel/gotrip/vendor/composer/../../themes/BC/ThemeProvider.php): Failed to open stream: No such file or directory {"exception":"[object] (ErrorException(code: 0): include(/Users/juanpi/Documents/laravel/gotrip/vendor/composer/../../themes/BC/ThemeProvider.php): Failed to open stream: No such file or directory at /Users/juanpi/Documents/laravel/gotrip/vendor/composer/ClassLoader.php:571)
[stacktrace]
#0 /Users/juanpi/Documents/laravel/gotrip/vendor/laravel/framework/src/Illuminate/Foundation/Bootstrap/HandleExceptions.php(255): Illuminate\\Foundation\\Bootstrap\\HandleExceptions->handleError(2, 'include(/Users/...', '/Users/juanpi/D...', 571)
#1 /Users/juanpi/Documents/laravel/gotrip/vendor/composer/ClassLoader.php(571): Illuminate\\Foundation\\Bootstrap\\HandleExceptions->Illuminate\\Foundation\\Bootstrap\\{closure}(2, 'include(/Users/...', '/Users/juanpi/D...', 571)
#2 /Users/juanpi/Documents/laravel/gotrip/vendor/composer/ClassLoader.php(571): include('/Users/juanpi/D...')
#3 /Users/juanpi/Documents/laravel/gotrip/vendor/composer/ClassLoader.php(428): Composer\\Autoload\\includeFile('/Users/juanpi/D...')
#4 [internal function]: Composer\\Autoload\\ClassLoader->loadClass('Themes\\\\BC\\\\Theme...')
#5 /Users/juanpi/Documents/laravel/gotrip/themes/ThemeServiceProvider.php(78): class_exists('\\\\Themes\\\\BC\\\\Them...')
#6 /Users/juanpi/Documents/laravel/gotrip/vendor/laravel/framework/src/Illuminate/Foundation/Application.php(788): Themes\\ThemeServiceProvider->register()
#7 /Users/juanpi/Documents/laravel/gotrip/vendor/laravel/framework/src/Illuminate/Foundation/ProviderRepository.php(75): Illuminate\\Foundation\\Application->register(Object(Themes\\ThemeServiceProvider))
#8 /Users/juanpi/Documents/laravel/gotrip/vendor/laravel/framework/src/Illuminate/Foundation/Application.php(765): Illuminate\\Foundation\\ProviderRepository->load(Array)
#9 /Users/juanpi/Documents/laravel/gotrip/vendor/laravel/framework/src/Illuminate/Foundation/Bootstrap/RegisterProviders.php(17): Illuminate\\Foundation\\Application->registerConfiguredProviders()
#10 /Users/juanpi/Documents/laravel/gotrip/vendor/laravel/framework/src/Illuminate/Foundation/Application.php(263): Illuminate\\Foundation\\Bootstrap\\RegisterProviders->bootstrap(Object(Illuminate\\Foundation\\Application))
#11 /Users/juanpi/Documents/laravel/gotrip/vendor/laravel/framework/src/Illuminate/Foundation/Console/Kernel.php(447): Illuminate\\Foundation\\Application->bootstrapWith(Array)
#12 /Users/juanpi/Documents/laravel/gotrip/vendor/laravel/framework/src/Illuminate/Foundation/Console/Kernel.php(199): Illuminate\\Foundation\\Console\\Kernel->bootstrap()
#13 Command line code(1): Illuminate\\Foundation\\Console\\Kernel->handle(Object(Symfony\\Component\\Console\\Input\\ArgvInput), Object(Symfony\\Component\\Console\\Output\\ConsoleOutput))
#14 {main}
"} 
[2024-07-02 18:30:22] production.ERROR: include(/Users/juanpi/Documents/laravel/gotrip/vendor/composer/../../themes/BC/ThemeProvider.php): Failed to open stream: No such file or directory {"exception":"[object] (ErrorException(code: 0): include(/Users/juanpi/Documents/laravel/gotrip/vendor/composer/../../themes/BC/ThemeProvider.php): Failed to open stream: No such file or directory at /Users/juanpi/Documents/laravel/gotrip/vendor/composer/ClassLoader.php:571)
[stacktrace]
#0 /Users/juanpi/Documents/laravel/gotrip/vendor/laravel/framework/src/Illuminate/Foundation/Bootstrap/HandleExceptions.php(255): Illuminate\\Foundation\\Bootstrap\\HandleExceptions->handleError(2, 'include(/Users/...', '/Users/juanpi/D...', 571)
#1 /Users/juanpi/Documents/laravel/gotrip/vendor/composer/ClassLoader.php(571): Illuminate\\Foundation\\Bootstrap\\HandleExceptions->Illuminate\\Foundation\\Bootstrap\\{closure}(2, 'include(/Users/...', '/Users/juanpi/D...', 571)
#2 /Users/juanpi/Documents/laravel/gotrip/vendor/composer/ClassLoader.php(571): include('/Users/juanpi/D...')
#3 /Users/juanpi/Documents/laravel/gotrip/vendor/composer/ClassLoader.php(428): Composer\\Autoload\\includeFile('/Users/juanpi/D...')
#4 [internal function]: Composer\\Autoload\\ClassLoader->loadClass('Themes\\\\BC\\\\Theme...')
#5 /Users/juanpi/Documents/laravel/gotrip/themes/ThemeServiceProvider.php(78): class_exists('\\\\Themes\\\\BC\\\\Them...')
#6 /Users/juanpi/Documents/laravel/gotrip/vendor/laravel/framework/src/Illuminate/Foundation/Application.php(788): Themes\\ThemeServiceProvider->register()
#7 /Users/juanpi/Documents/laravel/gotrip/vendor/laravel/framework/src/Illuminate/Foundation/ProviderRepository.php(75): Illuminate\\Foundation\\Application->register(Object(Themes\\ThemeServiceProvider))
#8 /Users/juanpi/Documents/laravel/gotrip/vendor/laravel/framework/src/Illuminate/Foundation/Application.php(765): Illuminate\\Foundation\\ProviderRepository->load(Array)
#9 /Users/juanpi/Documents/laravel/gotrip/vendor/laravel/framework/src/Illuminate/Foundation/Bootstrap/RegisterProviders.php(17): Illuminate\\Foundation\\Application->registerConfiguredProviders()
#10 /Users/juanpi/Documents/laravel/gotrip/vendor/laravel/framework/src/Illuminate/Foundation/Application.php(263): Illuminate\\Foundation\\Bootstrap\\RegisterProviders->bootstrap(Object(Illuminate\\Foundation\\Application))
#11 /Users/juanpi/Documents/laravel/gotrip/vendor/laravel/framework/src/Illuminate/Foundation/Console/Kernel.php(447): Illuminate\\Foundation\\Application->bootstrapWith(Array)
#12 /Users/juanpi/Documents/laravel/gotrip/vendor/laravel/framework/src/Illuminate/Foundation/Console/Kernel.php(199): Illuminate\\Foundation\\Console\\Kernel->bootstrap()
#13 Command line code(1): Illuminate\\Foundation\\Console\\Kernel->handle(Object(Symfony\\Component\\Console\\Input\\ArgvInput), Object(Symfony\\Component\\Console\\Output\\ConsoleOutput))
#14 {main}
"} 
[2024-07-02 18:30:22] production.ERROR: include(/Users/juanpi/Documents/laravel/gotrip/vendor/composer/../../themes/BC/ThemeProvider.php): Failed to open stream: No such file or directory {"exception":"[object] (ErrorException(code: 0): include(/Users/juanpi/Documents/laravel/gotrip/vendor/composer/../../themes/BC/ThemeProvider.php): Failed to open stream: No such file or directory at /Users/juanpi/Documents/laravel/gotrip/vendor/composer/ClassLoader.php:571)
[stacktrace]
#0 /Users/juanpi/Documents/laravel/gotrip/vendor/laravel/framework/src/Illuminate/Foundation/Bootstrap/HandleExceptions.php(255): Illuminate\\Foundation\\Bootstrap\\HandleExceptions->handleError(2, 'include(/Users/...', '/Users/juanpi/D...', 571)
#1 /Users/juanpi/Documents/laravel/gotrip/vendor/composer/ClassLoader.php(571): Illuminate\\Foundation\\Bootstrap\\HandleExceptions->Illuminate\\Foundation\\Bootstrap\\{closure}(2, 'include(/Users/...', '/Users/juanpi/D...', 571)
#2 /Users/juanpi/Documents/laravel/gotrip/vendor/composer/ClassLoader.php(571): include('/Users/juanpi/D...')
#3 /Users/juanpi/Documents/laravel/gotrip/vendor/composer/ClassLoader.php(428): Composer\\Autoload\\includeFile('/Users/juanpi/D...')
#4 [internal function]: Composer\\Autoload\\ClassLoader->loadClass('Themes\\\\BC\\\\Theme...')
#5 /Users/juanpi/Documents/laravel/gotrip/themes/ThemeServiceProvider.php(78): class_exists('\\\\Themes\\\\BC\\\\Them...')
#6 /Users/juanpi/Documents/laravel/gotrip/vendor/laravel/framework/src/Illuminate/Foundation/Application.php(788): Themes\\ThemeServiceProvider->register()
#7 /Users/juanpi/Documents/laravel/gotrip/vendor/laravel/framework/src/Illuminate/Foundation/ProviderRepository.php(75): Illuminate\\Foundation\\Application->register(Object(Themes\\ThemeServiceProvider))
#8 /Users/juanpi/Documents/laravel/gotrip/vendor/laravel/framework/src/Illuminate/Foundation/Application.php(765): Illuminate\\Foundation\\ProviderRepository->load(Array)
#9 /Users/juanpi/Documents/laravel/gotrip/vendor/laravel/framework/src/Illuminate/Foundation/Bootstrap/RegisterProviders.php(17): Illuminate\\Foundation\\Application->registerConfiguredProviders()
#10 /Users/juanpi/Documents/laravel/gotrip/vendor/laravel/framework/src/Illuminate/Foundation/Application.php(263): Illuminate\\Foundation\\Bootstrap\\RegisterProviders->bootstrap(Object(Illuminate\\Foundation\\Application))
#11 /Users/juanpi/Documents/laravel/gotrip/vendor/laravel/framework/src/Illuminate/Foundation/Console/Kernel.php(447): Illuminate\\Foundation\\Application->bootstrapWith(Array)
#12 /Users/juanpi/Documents/laravel/gotrip/vendor/laravel/framework/src/Illuminate/Foundation/Console/Kernel.php(199): Illuminate\\Foundation\\Console\\Kernel->bootstrap()
#13 Command line code(1): Illuminate\\Foundation\\Console\\Kernel->handle(Object(Symfony\\Component\\Console\\Input\\ArgvInput), Object(Symfony\\Component\\Console\\Output\\ConsoleOutput))
#14 {main}
"} 
[2024-07-02 18:30:22] production.ERROR: include(/Users/juanpi/Documents/laravel/gotrip/vendor/composer/../../themes/BC/ThemeProvider.php): Failed to open stream: No such file or directory {"exception":"[object] (ErrorException(code: 0): include(/Users/juanpi/Documents/laravel/gotrip/vendor/composer/../../themes/BC/ThemeProvider.php): Failed to open stream: No such file or directory at /Users/juanpi/Documents/laravel/gotrip/vendor/composer/ClassLoader.php:571)
[stacktrace]
#0 /Users/juanpi/Documents/laravel/gotrip/vendor/laravel/framework/src/Illuminate/Foundation/Bootstrap/HandleExceptions.php(255): Illuminate\\Foundation\\Bootstrap\\HandleExceptions->handleError(2, 'include(/Users/...', '/Users/juanpi/D...', 571)
#1 /Users/juanpi/Documents/laravel/gotrip/vendor/composer/ClassLoader.php(571): Illuminate\\Foundation\\Bootstrap\\HandleExceptions->Illuminate\\Foundation\\Bootstrap\\{closure}(2, 'include(/Users/...', '/Users/juanpi/D...', 571)
#2 /Users/juanpi/Documents/laravel/gotrip/vendor/composer/ClassLoader.php(571): include('/Users/juanpi/D...')
#3 /Users/juanpi/Documents/laravel/gotrip/vendor/composer/ClassLoader.php(428): Composer\\Autoload\\includeFile('/Users/juanpi/D...')
#4 [internal function]: Composer\\Autoload\\ClassLoader->loadClass('Themes\\\\BC\\\\Theme...')
#5 /Users/juanpi/Documents/laravel/gotrip/themes/ThemeServiceProvider.php(78): class_exists('\\\\Themes\\\\BC\\\\Them...')
#6 /Users/juanpi/Documents/laravel/gotrip/vendor/laravel/framework/src/Illuminate/Foundation/Application.php(788): Themes\\ThemeServiceProvider->register()
#7 /Users/juanpi/Documents/laravel/gotrip/vendor/laravel/framework/src/Illuminate/Foundation/ProviderRepository.php(75): Illuminate\\Foundation\\Application->register(Object(Themes\\ThemeServiceProvider))
#8 /Users/juanpi/Documents/laravel/gotrip/vendor/laravel/framework/src/Illuminate/Foundation/Application.php(765): Illuminate\\Foundation\\ProviderRepository->load(Array)
#9 /Users/juanpi/Documents/laravel/gotrip/vendor/laravel/framework/src/Illuminate/Foundation/Bootstrap/RegisterProviders.php(17): Illuminate\\Foundation\\Application->registerConfiguredProviders()
#10 /Users/juanpi/Documents/laravel/gotrip/vendor/laravel/framework/src/Illuminate/Foundation/Application.php(263): Illuminate\\Foundation\\Bootstrap\\RegisterProviders->bootstrap(Object(Illuminate\\Foundation\\Application))
#11 /Users/juanpi/Documents/laravel/gotrip/vendor/laravel/framework/src/Illuminate/Foundation/Console/Kernel.php(447): Illuminate\\Foundation\\Application->bootstrapWith(Array)
#12 /Users/juanpi/Documents/laravel/gotrip/vendor/laravel/framework/src/Illuminate/Foundation/Console/Kernel.php(199): Illuminate\\Foundation\\Console\\Kernel->bootstrap()
#13 Command line code(1): Illuminate\\Foundation\\Console\\Kernel->handle(Object(Symfony\\Component\\Console\\Input\\ArgvInput), Object(Symfony\\Component\\Console\\Output\\ConsoleOutput))
#14 {main}
"} 
[2024-07-02 18:30:22] production.ERROR: include(/Users/juanpi/Documents/laravel/gotrip/vendor/composer/../../themes/BC/ThemeProvider.php): Failed to open stream: No such file or directory {"exception":"[object] (ErrorException(code: 0): include(/Users/juanpi/Documents/laravel/gotrip/vendor/composer/../../themes/BC/ThemeProvider.php): Failed to open stream: No such file or directory at /Users/juanpi/Documents/laravel/gotrip/vendor/composer/ClassLoader.php:571)
[stacktrace]
#0 /Users/juanpi/Documents/laravel/gotrip/vendor/laravel/framework/src/Illuminate/Foundation/Bootstrap/HandleExceptions.php(255): Illuminate\\Foundation\\Bootstrap\\HandleExceptions->handleError(2, 'include(/Users/...', '/Users/juanpi/D...', 571)
#1 /Users/juanpi/Documents/laravel/gotrip/vendor/composer/ClassLoader.php(571): Illuminate\\Foundation\\Bootstrap\\HandleExceptions->Illuminate\\Foundation\\Bootstrap\\{closure}(2, 'include(/Users/...', '/Users/juanpi/D...', 571)
#2 /Users/juanpi/Documents/laravel/gotrip/vendor/composer/ClassLoader.php(571): include('/Users/juanpi/D...')
#3 /Users/juanpi/Documents/laravel/gotrip/vendor/composer/ClassLoader.php(428): Composer\\Autoload\\includeFile('/Users/juanpi/D...')
#4 [internal function]: Composer\\Autoload\\ClassLoader->loadClass('Themes\\\\BC\\\\Theme...')
#5 /Users/juanpi/Documents/laravel/gotrip/themes/ThemeServiceProvider.php(78): class_exists('\\\\Themes\\\\BC\\\\Them...')
#6 /Users/juanpi/Documents/laravel/gotrip/vendor/laravel/framework/src/Illuminate/Foundation/Application.php(788): Themes\\ThemeServiceProvider->register()
#7 /Users/juanpi/Documents/laravel/gotrip/vendor/laravel/framework/src/Illuminate/Foundation/ProviderRepository.php(75): Illuminate\\Foundation\\Application->register(Object(Themes\\ThemeServiceProvider))
#8 /Users/juanpi/Documents/laravel/gotrip/vendor/laravel/framework/src/Illuminate/Foundation/Application.php(765): Illuminate\\Foundation\\ProviderRepository->load(Array)
#9 /Users/juanpi/Documents/laravel/gotrip/vendor/laravel/framework/src/Illuminate/Foundation/Bootstrap/RegisterProviders.php(17): Illuminate\\Foundation\\Application->registerConfiguredProviders()
#10 /Users/juanpi/Documents/laravel/gotrip/vendor/laravel/framework/src/Illuminate/Foundation/Application.php(263): Illuminate\\Foundation\\Bootstrap\\RegisterProviders->bootstrap(Object(Illuminate\\Foundation\\Application))
#11 /Users/juanpi/Documents/laravel/gotrip/vendor/laravel/framework/src/Illuminate/Foundation/Console/Kernel.php(447): Illuminate\\Foundation\\Application->bootstrapWith(Array)
#12 /Users/juanpi/Documents/laravel/gotrip/vendor/laravel/framework/src/Illuminate/Foundation/Console/Kernel.php(199): Illuminate\\Foundation\\Console\\Kernel->bootstrap()
#13 Command line code(1): Illuminate\\Foundation\\Console\\Kernel->handle(Object(Symfony\\Component\\Console\\Input\\ArgvInput), Object(Symfony\\Component\\Console\\Output\\ConsoleOutput))
#14 {main}
"} 
[2024-07-02 18:30:22] production.ERROR: include(/Users/juanpi/Documents/laravel/gotrip/vendor/composer/../../themes/BC/ThemeProvider.php): Failed to open stream: No such file or directory {"exception":"[object] (ErrorException(code: 0): include(/Users/juanpi/Documents/laravel/gotrip/vendor/composer/../../themes/BC/ThemeProvider.php): Failed to open stream: No such file or directory at /Users/juanpi/Documents/laravel/gotrip/vendor/composer/ClassLoader.php:571)
[stacktrace]
#0 /Users/juanpi/Documents/laravel/gotrip/vendor/laravel/framework/src/Illuminate/Foundation/Bootstrap/HandleExceptions.php(255): Illuminate\\Foundation\\Bootstrap\\HandleExceptions->handleError(2, 'include(/Users/...', '/Users/juanpi/D...', 571)
#1 /Users/juanpi/Documents/laravel/gotrip/vendor/composer/ClassLoader.php(571): Illuminate\\Foundation\\Bootstrap\\HandleExceptions->Illuminate\\Foundation\\Bootstrap\\{closure}(2, 'include(/Users/...', '/Users/juanpi/D...', 571)
#2 /Users/juanpi/Documents/laravel/gotrip/vendor/composer/ClassLoader.php(571): include('/Users/juanpi/D...')
#3 /Users/juanpi/Documents/laravel/gotrip/vendor/composer/ClassLoader.php(428): Composer\\Autoload\\includeFile('/Users/juanpi/D...')
#4 [internal function]: Composer\\Autoload\\ClassLoader->loadClass('Themes\\\\BC\\\\Theme...')
#5 /Users/juanpi/Documents/laravel/gotrip/themes/ThemeServiceProvider.php(78): class_exists('\\\\Themes\\\\BC\\\\Them...')
#6 /Users/juanpi/Documents/laravel/gotrip/vendor/laravel/framework/src/Illuminate/Foundation/Application.php(788): Themes\\ThemeServiceProvider->register()
#7 /Users/juanpi/Documents/laravel/gotrip/vendor/laravel/framework/src/Illuminate/Foundation/ProviderRepository.php(75): Illuminate\\Foundation\\Application->register(Object(Themes\\ThemeServiceProvider))
#8 /Users/juanpi/Documents/laravel/gotrip/vendor/laravel/framework/src/Illuminate/Foundation/Application.php(765): Illuminate\\Foundation\\ProviderRepository->load(Array)
#9 /Users/juanpi/Documents/laravel/gotrip/vendor/laravel/framework/src/Illuminate/Foundation/Bootstrap/RegisterProviders.php(17): Illuminate\\Foundation\\Application->registerConfiguredProviders()
#10 /Users/juanpi/Documents/laravel/gotrip/vendor/laravel/framework/src/Illuminate/Foundation/Application.php(263): Illuminate\\Foundation\\Bootstrap\\RegisterProviders->bootstrap(Object(Illuminate\\Foundation\\Application))
#11 /Users/juanpi/Documents/laravel/gotrip/vendor/laravel/framework/src/Illuminate/Foundation/Console/Kernel.php(447): Illuminate\\Foundation\\Application->bootstrapWith(Array)
#12 /Users/juanpi/Documents/laravel/gotrip/vendor/laravel/framework/src/Illuminate/Foundation/Console/Kernel.php(199): Illuminate\\Foundation\\Console\\Kernel->bootstrap()
#13 Command line code(1): Illuminate\\Foundation\\Console\\Kernel->handle(Object(Symfony\\Component\\Console\\Input\\ArgvInput), Object(Symfony\\Component\\Console\\Output\\ConsoleOutput))
#14 {main}
"} 
[2024-07-02 18:30:22] production.ERROR: include(/Users/juanpi/Documents/laravel/gotrip/vendor/composer/../../themes/BC/ThemeProvider.php): Failed to open stream: No such file or directory {"exception":"[object] (ErrorException(code: 0): include(/Users/juanpi/Documents/laravel/gotrip/vendor/composer/../../themes/BC/ThemeProvider.php): Failed to open stream: No such file or directory at /Users/juanpi/Documents/laravel/gotrip/vendor/composer/ClassLoader.php:571)
[stacktrace]
#0 /Users/juanpi/Documents/laravel/gotrip/vendor/laravel/framework/src/Illuminate/Foundation/Bootstrap/HandleExceptions.php(255): Illuminate\\Foundation\\Bootstrap\\HandleExceptions->handleError(2, 'include(/Users/...', '/Users/juanpi/D...', 571)
#1 /Users/juanpi/Documents/laravel/gotrip/vendor/composer/ClassLoader.php(571): Illuminate\\Foundation\\Bootstrap\\HandleExceptions->Illuminate\\Foundation\\Bootstrap\\{closure}(2, 'include(/Users/...', '/Users/juanpi/D...', 571)
#2 /Users/juanpi/Documents/laravel/gotrip/vendor/composer/ClassLoader.php(571): include('/Users/juanpi/D...')
#3 /Users/juanpi/Documents/laravel/gotrip/vendor/composer/ClassLoader.php(428): Composer\\Autoload\\includeFile('/Users/juanpi/D...')
#4 [internal function]: Composer\\Autoload\\ClassLoader->loadClass('Themes\\\\BC\\\\Theme...')
#5 /Users/juanpi/Documents/laravel/gotrip/themes/ThemeServiceProvider.php(78): class_exists('\\\\Themes\\\\BC\\\\Them...')
#6 /Users/juanpi/Documents/laravel/gotrip/vendor/laravel/framework/src/Illuminate/Foundation/Application.php(788): Themes\\ThemeServiceProvider->register()
#7 /Users/juanpi/Documents/laravel/gotrip/vendor/laravel/framework/src/Illuminate/Foundation/ProviderRepository.php(75): Illuminate\\Foundation\\Application->register(Object(Themes\\ThemeServiceProvider))
#8 /Users/juanpi/Documents/laravel/gotrip/vendor/laravel/framework/src/Illuminate/Foundation/Application.php(765): Illuminate\\Foundation\\ProviderRepository->load(Array)
#9 /Users/juanpi/Documents/laravel/gotrip/vendor/laravel/framework/src/Illuminate/Foundation/Bootstrap/RegisterProviders.php(17): Illuminate\\Foundation\\Application->registerConfiguredProviders()
#10 /Users/juanpi/Documents/laravel/gotrip/vendor/laravel/framework/src/Illuminate/Foundation/Application.php(263): Illuminate\\Foundation\\Bootstrap\\RegisterProviders->bootstrap(Object(Illuminate\\Foundation\\Application))
#11 /Users/juanpi/Documents/laravel/gotrip/vendor/laravel/framework/src/Illuminate/Foundation/Console/Kernel.php(447): Illuminate\\Foundation\\Application->bootstrapWith(Array)
#12 /Users/juanpi/Documents/laravel/gotrip/vendor/laravel/framework/src/Illuminate/Foundation/Console/Kernel.php(199): Illuminate\\Foundation\\Console\\Kernel->bootstrap()
#13 Command line code(1): Illuminate\\Foundation\\Console\\Kernel->handle(Object(Symfony\\Component\\Console\\Input\\ArgvInput), Object(Symfony\\Component\\Console\\Output\\ConsoleOutput))
#14 {main}
"} 
[2024-07-02 18:30:22] production.ERROR: include(/Users/juanpi/Documents/laravel/gotrip/vendor/composer/../../themes/BC/ThemeProvider.php): Failed to open stream: No such file or directory {"exception":"[object] (ErrorException(code: 0): include(/Users/juanpi/Documents/laravel/gotrip/vendor/composer/../../themes/BC/ThemeProvider.php): Failed to open stream: No such file or directory at /Users/juanpi/Documents/laravel/gotrip/vendor/composer/ClassLoader.php:571)
[stacktrace]
#0 /Users/juanpi/Documents/laravel/gotrip/vendor/laravel/framework/src/Illuminate/Foundation/Bootstrap/HandleExceptions.php(255): Illuminate\\Foundation\\Bootstrap\\HandleExceptions->handleError(2, 'include(/Users/...', '/Users/juanpi/D...', 571)
#1 /Users/juanpi/Documents/laravel/gotrip/vendor/composer/ClassLoader.php(571): Illuminate\\Foundation\\Bootstrap\\HandleExceptions->Illuminate\\Foundation\\Bootstrap\\{closure}(2, 'include(/Users/...', '/Users/juanpi/D...', 571)
#2 /Users/juanpi/Documents/laravel/gotrip/vendor/composer/ClassLoader.php(571): include('/Users/juanpi/D...')
#3 /Users/juanpi/Documents/laravel/gotrip/vendor/composer/ClassLoader.php(428): Composer\\Autoload\\includeFile('/Users/juanpi/D...')
#4 [internal function]: Composer\\Autoload\\ClassLoader->loadClass('Themes\\\\BC\\\\Theme...')
#5 /Users/juanpi/Documents/laravel/gotrip/themes/ThemeServiceProvider.php(78): class_exists('\\\\Themes\\\\BC\\\\Them...')
#6 /Users/juanpi/Documents/laravel/gotrip/vendor/laravel/framework/src/Illuminate/Foundation/Application.php(788): Themes\\ThemeServiceProvider->register()
#7 /Users/juanpi/Documents/laravel/gotrip/vendor/laravel/framework/src/Illuminate/Foundation/ProviderRepository.php(75): Illuminate\\Foundation\\Application->register(Object(Themes\\ThemeServiceProvider))
#8 /Users/juanpi/Documents/laravel/gotrip/vendor/laravel/framework/src/Illuminate/Foundation/Application.php(765): Illuminate\\Foundation\\ProviderRepository->load(Array)
#9 /Users/juanpi/Documents/laravel/gotrip/vendor/laravel/framework/src/Illuminate/Foundation/Bootstrap/RegisterProviders.php(17): Illuminate\\Foundation\\Application->registerConfiguredProviders()
#10 /Users/juanpi/Documents/laravel/gotrip/vendor/laravel/framework/src/Illuminate/Foundation/Application.php(263): Illuminate\\Foundation\\Bootstrap\\RegisterProviders->bootstrap(Object(Illuminate\\Foundation\\Application))
#11 /Users/juanpi/Documents/laravel/gotrip/vendor/laravel/framework/src/Illuminate/Foundation/Console/Kernel.php(447): Illuminate\\Foundation\\Application->bootstrapWith(Array)
#12 /Users/juanpi/Documents/laravel/gotrip/vendor/laravel/framework/src/Illuminate/Foundation/Console/Kernel.php(199): Illuminate\\Foundation\\Console\\Kernel->bootstrap()
#13 Command line code(1): Illuminate\\Foundation\\Console\\Kernel->handle(Object(Symfony\\Component\\Console\\Input\\ArgvInput), Object(Symfony\\Component\\Console\\Output\\ConsoleOutput))
#14 {main}
"} 
[2024-07-02 18:30:22] production.ERROR: include(/Users/juanpi/Documents/laravel/gotrip/vendor/composer/../../themes/BC/ThemeProvider.php): Failed to open stream: No such file or directory {"exception":"[object] (ErrorException(code: 0): include(/Users/juanpi/Documents/laravel/gotrip/vendor/composer/../../themes/BC/ThemeProvider.php): Failed to open stream: No such file or directory at /Users/juanpi/Documents/laravel/gotrip/vendor/composer/ClassLoader.php:571)
[stacktrace]
#0 /Users/juanpi/Documents/laravel/gotrip/vendor/laravel/framework/src/Illuminate/Foundation/Bootstrap/HandleExceptions.php(255): Illuminate\\Foundation\\Bootstrap\\HandleExceptions->handleError(2, 'include(/Users/...', '/Users/juanpi/D...', 571)
#1 /Users/juanpi/Documents/laravel/gotrip/vendor/composer/ClassLoader.php(571): Illuminate\\Foundation\\Bootstrap\\HandleExceptions->Illuminate\\Foundation\\Bootstrap\\{closure}(2, 'include(/Users/...', '/Users/juanpi/D...', 571)
#2 /Users/juanpi/Documents/laravel/gotrip/vendor/composer/ClassLoader.php(571): include('/Users/juanpi/D...')
#3 /Users/juanpi/Documents/laravel/gotrip/vendor/composer/ClassLoader.php(428): Composer\\Autoload\\includeFile('/Users/juanpi/D...')
#4 [internal function]: Composer\\Autoload\\ClassLoader->loadClass('Themes\\\\BC\\\\Theme...')
#5 /Users/juanpi/Documents/laravel/gotrip/themes/ThemeServiceProvider.php(78): class_exists('\\\\Themes\\\\BC\\\\Them...')
#6 /Users/juanpi/Documents/laravel/gotrip/vendor/laravel/framework/src/Illuminate/Foundation/Application.php(788): Themes\\ThemeServiceProvider->register()
#7 /Users/juanpi/Documents/laravel/gotrip/vendor/laravel/framework/src/Illuminate/Foundation/ProviderRepository.php(75): Illuminate\\Foundation\\Application->register(Object(Themes\\ThemeServiceProvider))
#8 /Users/juanpi/Documents/laravel/gotrip/vendor/laravel/framework/src/Illuminate/Foundation/Application.php(765): Illuminate\\Foundation\\ProviderRepository->load(Array)
#9 /Users/juanpi/Documents/laravel/gotrip/vendor/laravel/framework/src/Illuminate/Foundation/Bootstrap/RegisterProviders.php(17): Illuminate\\Foundation\\Application->registerConfiguredProviders()
#10 /Users/juanpi/Documents/laravel/gotrip/vendor/laravel/framework/src/Illuminate/Foundation/Application.php(263): Illuminate\\Foundation\\Bootstrap\\RegisterProviders->bootstrap(Object(Illuminate\\Foundation\\Application))
#11 /Users/juanpi/Documents/laravel/gotrip/vendor/laravel/framework/src/Illuminate/Foundation/Console/Kernel.php(447): Illuminate\\Foundation\\Application->bootstrapWith(Array)
#12 /Users/juanpi/Documents/laravel/gotrip/vendor/laravel/framework/src/Illuminate/Foundation/Console/Kernel.php(199): Illuminate\\Foundation\\Console\\Kernel->bootstrap()
#13 Command line code(1): Illuminate\\Foundation\\Console\\Kernel->handle(Object(Symfony\\Component\\Console\\Input\\ArgvInput), Object(Symfony\\Component\\Console\\Output\\ConsoleOutput))
#14 {main}
"} 
[2024-07-02 18:30:22] production.ERROR: include(/Users/juanpi/Documents/laravel/gotrip/vendor/composer/../../themes/BC/ThemeProvider.php): Failed to open stream: No such file or directory {"exception":"[object] (ErrorException(code: 0): include(/Users/juanpi/Documents/laravel/gotrip/vendor/composer/../../themes/BC/ThemeProvider.php): Failed to open stream: No such file or directory at /Users/juanpi/Documents/laravel/gotrip/vendor/composer/ClassLoader.php:571)
[stacktrace]
#0 /Users/juanpi/Documents/laravel/gotrip/vendor/laravel/framework/src/Illuminate/Foundation/Bootstrap/HandleExceptions.php(255): Illuminate\\Foundation\\Bootstrap\\HandleExceptions->handleError(2, 'include(/Users/...', '/Users/juanpi/D...', 571)
#1 /Users/juanpi/Documents/laravel/gotrip/vendor/composer/ClassLoader.php(571): Illuminate\\Foundation\\Bootstrap\\HandleExceptions->Illuminate\\Foundation\\Bootstrap\\{closure}(2, 'include(/Users/...', '/Users/juanpi/D...', 571)
#2 /Users/juanpi/Documents/laravel/gotrip/vendor/composer/ClassLoader.php(571): include('/Users/juanpi/D...')
#3 /Users/juanpi/Documents/laravel/gotrip/vendor/composer/ClassLoader.php(428): Composer\\Autoload\\includeFile('/Users/juanpi/D...')
#4 [internal function]: Composer\\Autoload\\ClassLoader->loadClass('Themes\\\\BC\\\\Theme...')
#5 /Users/juanpi/Documents/laravel/gotrip/themes/ThemeServiceProvider.php(78): class_exists('\\\\Themes\\\\BC\\\\Them...')
#6 /Users/juanpi/Documents/laravel/gotrip/vendor/laravel/framework/src/Illuminate/Foundation/Application.php(788): Themes\\ThemeServiceProvider->register()
#7 /Users/juanpi/Documents/laravel/gotrip/vendor/laravel/framework/src/Illuminate/Foundation/ProviderRepository.php(75): Illuminate\\Foundation\\Application->register(Object(Themes\\ThemeServiceProvider))
#8 /Users/juanpi/Documents/laravel/gotrip/vendor/laravel/framework/src/Illuminate/Foundation/Application.php(765): Illuminate\\Foundation\\ProviderRepository->load(Array)
#9 /Users/juanpi/Documents/laravel/gotrip/vendor/laravel/framework/src/Illuminate/Foundation/Bootstrap/RegisterProviders.php(17): Illuminate\\Foundation\\Application->registerConfiguredProviders()
#10 /Users/juanpi/Documents/laravel/gotrip/vendor/laravel/framework/src/Illuminate/Foundation/Application.php(263): Illuminate\\Foundation\\Bootstrap\\RegisterProviders->bootstrap(Object(Illuminate\\Foundation\\Application))
#11 /Users/juanpi/Documents/laravel/gotrip/vendor/laravel/framework/src/Illuminate/Foundation/Console/Kernel.php(447): Illuminate\\Foundation\\Application->bootstrapWith(Array)
#12 /Users/juanpi/Documents/laravel/gotrip/vendor/laravel/framework/src/Illuminate/Foundation/Console/Kernel.php(199): Illuminate\\Foundation\\Console\\Kernel->bootstrap()
#13 Command line code(1): Illuminate\\Foundation\\Console\\Kernel->handle(Object(Symfony\\Component\\Console\\Input\\ArgvInput), Object(Symfony\\Component\\Console\\Output\\ConsoleOutput))
#14 {main}
"} 
[2024-07-02 18:30:22] production.ERROR: include(/Users/juanpi/Documents/laravel/gotrip/vendor/composer/../../themes/BC/ThemeProvider.php): Failed to open stream: No such file or directory {"exception":"[object] (ErrorException(code: 0): include(/Users/juanpi/Documents/laravel/gotrip/vendor/composer/../../themes/BC/ThemeProvider.php): Failed to open stream: No such file or directory at /Users/juanpi/Documents/laravel/gotrip/vendor/composer/ClassLoader.php:571)
[stacktrace]
#0 /Users/juanpi/Documents/laravel/gotrip/vendor/laravel/framework/src/Illuminate/Foundation/Bootstrap/HandleExceptions.php(255): Illuminate\\Foundation\\Bootstrap\\HandleExceptions->handleError(2, 'include(/Users/...', '/Users/juanpi/D...', 571)
#1 /Users/juanpi/Documents/laravel/gotrip/vendor/composer/ClassLoader.php(571): Illuminate\\Foundation\\Bootstrap\\HandleExceptions->Illuminate\\Foundation\\Bootstrap\\{closure}(2, 'include(/Users/...', '/Users/juanpi/D...', 571)
#2 /Users/juanpi/Documents/laravel/gotrip/vendor/composer/ClassLoader.php(571): include('/Users/juanpi/D...')
#3 /Users/juanpi/Documents/laravel/gotrip/vendor/composer/ClassLoader.php(428): Composer\\Autoload\\includeFile('/Users/juanpi/D...')
#4 [internal function]: Composer\\Autoload\\ClassLoader->loadClass('Themes\\\\BC\\\\Theme...')
#5 /Users/juanpi/Documents/laravel/gotrip/themes/ThemeServiceProvider.php(78): class_exists('\\\\Themes\\\\BC\\\\Them...')
#6 /Users/juanpi/Documents/laravel/gotrip/vendor/laravel/framework/src/Illuminate/Foundation/Application.php(788): Themes\\ThemeServiceProvider->register()
#7 /Users/juanpi/Documents/laravel/gotrip/vendor/laravel/framework/src/Illuminate/Foundation/ProviderRepository.php(75): Illuminate\\Foundation\\Application->register(Object(Themes\\ThemeServiceProvider))
#8 /Users/juanpi/Documents/laravel/gotrip/vendor/laravel/framework/src/Illuminate/Foundation/Application.php(765): Illuminate\\Foundation\\ProviderRepository->load(Array)
#9 /Users/juanpi/Documents/laravel/gotrip/vendor/laravel/framework/src/Illuminate/Foundation/Bootstrap/RegisterProviders.php(17): Illuminate\\Foundation\\Application->registerConfiguredProviders()
#10 /Users/juanpi/Documents/laravel/gotrip/vendor/laravel/framework/src/Illuminate/Foundation/Application.php(263): Illuminate\\Foundation\\Bootstrap\\RegisterProviders->bootstrap(Object(Illuminate\\Foundation\\Application))
#11 /Users/juanpi/Documents/laravel/gotrip/vendor/laravel/framework/src/Illuminate/Foundation/Console/Kernel.php(447): Illuminate\\Foundation\\Application->bootstrapWith(Array)
#12 /Users/juanpi/Documents/laravel/gotrip/vendor/laravel/framework/src/Illuminate/Foundation/Console/Kernel.php(199): Illuminate\\Foundation\\Console\\Kernel->bootstrap()
#13 Command line code(1): Illuminate\\Foundation\\Console\\Kernel->handle(Object(Symfony\\Component\\Console\\Input\\ArgvInput), Object(Symfony\\Component\\Console\\Output\\ConsoleOutput))
#14 {main}
"} 
[2024-07-02 18:30:22] production.ERROR: Uncaught ReflectionException: Class "translator" does not exist in /Users/juanpi/Documents/laravel/gotrip/vendor/laravel/framework/src/Illuminate/Container/Container.php:912
Stack trace:
#0 /Users/juanpi/Documents/laravel/gotrip/vendor/laravel/framework/src/Illuminate/Container/Container.php(912): ReflectionClass->__construct('translator')
#1 /Users/juanpi/Documents/laravel/gotrip/vendor/laravel/framework/src/Illuminate/Container/Container.php(795): Illuminate\Container\Container->build('translator')
#2 /Users/juanpi/Documents/laravel/gotrip/vendor/laravel/framework/src/Illuminate/Foundation/Application.php(957): Illuminate\Container\Container->resolve('translator', Array, true)
#3 /Users/juanpi/Documents/laravel/gotrip/vendor/laravel/framework/src/Illuminate/Container/Container.php(731): Illuminate\Foundation\Application->resolve('translator', Array)
#4 /Users/juanpi/Documents/laravel/gotrip/vendor/laravel/framework/src/Illuminate/Foundation/Application.php(942): Illuminate\Container\Container->make('translator', Array)
#5 /Users/juanpi/Documents/laravel/gotrip/vendor/laravel/framework/src/Illuminate/Foundation/helpers.php(120): Illuminate\Foundation\Application->make('translator', Array)
#6 Command line code(1): app('translator')
#7 {main}

Next Illuminate\Contracts\Container\BindingResolutionException: Target class [translator] does not exist. in /Users/juanpi/Documents/laravel/gotrip/vendor/laravel/framework/src/Illuminate/Container/Container.php:914
Stack trace:
#0 /Users/juanpi/Documents/laravel/gotrip/vendor/laravel/framework/src/Illuminate/Container/Container.php(795): Illuminate\Container\Container->build('translator')
#1 /Users/juanpi/Documents/laravel/gotrip/vendor/laravel/framework/src/Illuminate/Foundation/Application.php(957): Illuminate\Container\Container->resolve('translator', Array, true)
#2 /Users/juanpi/Documents/laravel/gotrip/vendor/laravel/framework/src/Illuminate/Container/Container.php(731): Illuminate\Foundation\Application->resolve('translator', Array)
#3 /Users/juanpi/Documents/laravel/gotrip/vendor/laravel/framework/src/Illuminate/Foundation/Application.php(942): Illuminate\Container\Container->make('translator', Array)
#4 /Users/juanpi/Documents/laravel/gotrip/vendor/laravel/framework/src/Illuminate/Foundation/helpers.php(120): Illuminate\Foundation\Application->make('translator', Array)
#5 Command line code(1): app('translator')
#6 {main}
  thrown {"exception":"[object] (Symfony\\Component\\ErrorHandler\\Error\\FatalError(code: 0): Uncaught ReflectionException: Class \"translator\" does not exist in /Users/juanpi/Documents/laravel/gotrip/vendor/laravel/framework/src/Illuminate/Container/Container.php:912
Stack trace:
#0 /Users/juanpi/Documents/laravel/gotrip/vendor/laravel/framework/src/Illuminate/Container/Container.php(912): ReflectionClass->__construct('translator')
#1 /Users/juanpi/Documents/laravel/gotrip/vendor/laravel/framework/src/Illuminate/Container/Container.php(795): Illuminate\\Container\\Container->build('translator')
#2 /Users/juanpi/Documents/laravel/gotrip/vendor/laravel/framework/src/Illuminate/Foundation/Application.php(957): Illuminate\\Container\\Container->resolve('translator', Array, true)
#3 /Users/juanpi/Documents/laravel/gotrip/vendor/laravel/framework/src/Illuminate/Container/Container.php(731): Illuminate\\Foundation\\Application->resolve('translator', Array)
#4 /Users/juanpi/Documents/laravel/gotrip/vendor/laravel/framework/src/Illuminate/Foundation/Application.php(942): Illuminate\\Container\\Container->make('translator', Array)
#5 /Users/juanpi/Documents/laravel/gotrip/vendor/laravel/framework/src/Illuminate/Foundation/helpers.php(120): Illuminate\\Foundation\\Application->make('translator', Array)
#6 Command line code(1): app('translator')
#7 {main}

Next Illuminate\\Contracts\\Container\\BindingResolutionException: Target class [translator] does not exist. in /Users/juanpi/Documents/laravel/gotrip/vendor/laravel/framework/src/Illuminate/Container/Container.php:914
Stack trace:
#0 /Users/juanpi/Documents/laravel/gotrip/vendor/laravel/framework/src/Illuminate/Container/Container.php(795): Illuminate\\Container\\Container->build('translator')
#1 /Users/juanpi/Documents/laravel/gotrip/vendor/laravel/framework/src/Illuminate/Foundation/Application.php(957): Illuminate\\Container\\Container->resolve('translator', Array, true)
#2 /Users/juanpi/Documents/laravel/gotrip/vendor/laravel/framework/src/Illuminate/Container/Container.php(731): Illuminate\\Foundation\\Application->resolve('translator', Array)
#3 /Users/juanpi/Documents/laravel/gotrip/vendor/laravel/framework/src/Illuminate/Foundation/Application.php(942): Illuminate\\Container\\Container->make('translator', Array)
#4 /Users/juanpi/Documents/laravel/gotrip/vendor/laravel/framework/src/Illuminate/Foundation/helpers.php(120): Illuminate\\Foundation\\Application->make('translator', Array)
#5 Command line code(1): app('translator')
#6 {main}
  thrown at /Users/juanpi/Documents/laravel/gotrip/vendor/laravel/framework/src/Illuminate/Container/Container.php:914)
[stacktrace]
#0 {main}
"} 
[2024-07-02 18:30:22] production.ERROR: include(/Users/juanpi/Documents/laravel/gotrip/vendor/composer/../../themes/BC/ThemeProvider.php): Failed to open stream: No such file or directory {"exception":"[object] (ErrorException(code: 0): include(/Users/juanpi/Documents/laravel/gotrip/vendor/composer/../../themes/BC/ThemeProvider.php): Failed to open stream: No such file or directory at /Users/juanpi/Documents/laravel/gotrip/vendor/composer/ClassLoader.php:571)
[stacktrace]
#0 /Users/juanpi/Documents/laravel/gotrip/vendor/laravel/framework/src/Illuminate/Foundation/Bootstrap/HandleExceptions.php(255): Illuminate\\Foundation\\Bootstrap\\HandleExceptions->handleError(2, 'include(/Users/...', '/Users/juanpi/D...', 571)
#1 /Users/juanpi/Documents/laravel/gotrip/vendor/composer/ClassLoader.php(571): Illuminate\\Foundation\\Bootstrap\\HandleExceptions->Illuminate\\Foundation\\Bootstrap\\{closure}(2, 'include(/Users/...', '/Users/juanpi/D...', 571)
#2 /Users/juanpi/Documents/laravel/gotrip/vendor/composer/ClassLoader.php(571): include('/Users/juanpi/D...')
#3 /Users/juanpi/Documents/laravel/gotrip/vendor/composer/ClassLoader.php(428): Composer\\Autoload\\includeFile('/Users/juanpi/D...')
#4 [internal function]: Composer\\Autoload\\ClassLoader->loadClass('Themes\\\\BC\\\\Theme...')
#5 /Users/juanpi/Documents/laravel/gotrip/themes/ThemeServiceProvider.php(78): class_exists('\\\\Themes\\\\BC\\\\Them...')
#6 /Users/juanpi/Documents/laravel/gotrip/vendor/laravel/framework/src/Illuminate/Foundation/Application.php(788): Themes\\ThemeServiceProvider->register()
#7 /Users/juanpi/Documents/laravel/gotrip/vendor/laravel/framework/src/Illuminate/Foundation/ProviderRepository.php(75): Illuminate\\Foundation\\Application->register(Object(Themes\\ThemeServiceProvider))
#8 /Users/juanpi/Documents/laravel/gotrip/vendor/laravel/framework/src/Illuminate/Foundation/Application.php(765): Illuminate\\Foundation\\ProviderRepository->load(Array)
#9 /Users/juanpi/Documents/laravel/gotrip/vendor/laravel/framework/src/Illuminate/Foundation/Bootstrap/RegisterProviders.php(17): Illuminate\\Foundation\\Application->registerConfiguredProviders()
#10 /Users/juanpi/Documents/laravel/gotrip/vendor/laravel/framework/src/Illuminate/Foundation/Application.php(263): Illuminate\\Foundation\\Bootstrap\\RegisterProviders->bootstrap(Object(Illuminate\\Foundation\\Application))
#11 /Users/juanpi/Documents/laravel/gotrip/vendor/laravel/framework/src/Illuminate/Foundation/Console/Kernel.php(447): Illuminate\\Foundation\\Application->bootstrapWith(Array)
#12 /Users/juanpi/Documents/laravel/gotrip/vendor/laravel/framework/src/Illuminate/Foundation/Console/Kernel.php(199): Illuminate\\Foundation\\Console\\Kernel->bootstrap()
#13 Command line code(1): Illuminate\\Foundation\\Console\\Kernel->handle(Object(Symfony\\Component\\Console\\Input\\ArgvInput), Object(Symfony\\Component\\Console\\Output\\ConsoleOutput))
#14 {main}
"} 
[2024-07-02 18:30:22] production.ERROR: include(/Users/juanpi/Documents/laravel/gotrip/vendor/composer/../../themes/BC/ThemeProvider.php): Failed to open stream: No such file or directory {"exception":"[object] (ErrorException(code: 0): include(/Users/juanpi/Documents/laravel/gotrip/vendor/composer/../../themes/BC/ThemeProvider.php): Failed to open stream: No such file or directory at /Users/juanpi/Documents/laravel/gotrip/vendor/composer/ClassLoader.php:571)
[stacktrace]
#0 /Users/juanpi/Documents/laravel/gotrip/vendor/laravel/framework/src/Illuminate/Foundation/Bootstrap/HandleExceptions.php(255): Illuminate\\Foundation\\Bootstrap\\HandleExceptions->handleError(2, 'include(/Users/...', '/Users/juanpi/D...', 571)
#1 /Users/juanpi/Documents/laravel/gotrip/vendor/composer/ClassLoader.php(571): Illuminate\\Foundation\\Bootstrap\\HandleExceptions->Illuminate\\Foundation\\Bootstrap\\{closure}(2, 'include(/Users/...', '/Users/juanpi/D...', 571)
#2 /Users/juanpi/Documents/laravel/gotrip/vendor/composer/ClassLoader.php(571): include('/Users/juanpi/D...')
#3 /Users/juanpi/Documents/laravel/gotrip/vendor/composer/ClassLoader.php(428): Composer\\Autoload\\includeFile('/Users/juanpi/D...')
#4 [internal function]: Composer\\Autoload\\ClassLoader->loadClass('Themes\\\\BC\\\\Theme...')
#5 /Users/juanpi/Documents/laravel/gotrip/themes/ThemeServiceProvider.php(78): class_exists('\\\\Themes\\\\BC\\\\Them...')
#6 /Users/juanpi/Documents/laravel/gotrip/vendor/laravel/framework/src/Illuminate/Foundation/Application.php(788): Themes\\ThemeServiceProvider->register()
#7 /Users/juanpi/Documents/laravel/gotrip/vendor/laravel/framework/src/Illuminate/Foundation/ProviderRepository.php(75): Illuminate\\Foundation\\Application->register(Object(Themes\\ThemeServiceProvider))
#8 /Users/juanpi/Documents/laravel/gotrip/vendor/laravel/framework/src/Illuminate/Foundation/Application.php(765): Illuminate\\Foundation\\ProviderRepository->load(Array)
#9 /Users/juanpi/Documents/laravel/gotrip/vendor/laravel/framework/src/Illuminate/Foundation/Bootstrap/RegisterProviders.php(17): Illuminate\\Foundation\\Application->registerConfiguredProviders()
#10 /Users/juanpi/Documents/laravel/gotrip/vendor/laravel/framework/src/Illuminate/Foundation/Application.php(263): Illuminate\\Foundation\\Bootstrap\\RegisterProviders->bootstrap(Object(Illuminate\\Foundation\\Application))
#11 /Users/juanpi/Documents/laravel/gotrip/vendor/laravel/framework/src/Illuminate/Foundation/Console/Kernel.php(447): Illuminate\\Foundation\\Application->bootstrapWith(Array)
#12 /Users/juanpi/Documents/laravel/gotrip/vendor/laravel/framework/src/Illuminate/Foundation/Console/Kernel.php(199): Illuminate\\Foundation\\Console\\Kernel->bootstrap()
#13 Command line code(1): Illuminate\\Foundation\\Console\\Kernel->handle(Object(Symfony\\Component\\Console\\Input\\ArgvInput), Object(Symfony\\Component\\Console\\Output\\ConsoleOutput))
#14 {main}
"} 
[2024-07-02 18:30:22] production.ERROR: include(/Users/juanpi/Documents/laravel/gotrip/vendor/composer/../../themes/BC/ThemeProvider.php): Failed to open stream: No such file or directory {"exception":"[object] (ErrorException(code: 0): include(/Users/juanpi/Documents/laravel/gotrip/vendor/composer/../../themes/BC/ThemeProvider.php): Failed to open stream: No such file or directory at /Users/juanpi/Documents/laravel/gotrip/vendor/composer/ClassLoader.php:571)
[stacktrace]
#0 /Users/juanpi/Documents/laravel/gotrip/vendor/laravel/framework/src/Illuminate/Foundation/Bootstrap/HandleExceptions.php(255): Illuminate\\Foundation\\Bootstrap\\HandleExceptions->handleError(2, 'include(/Users/...', '/Users/juanpi/D...', 571)
#1 /Users/juanpi/Documents/laravel/gotrip/vendor/composer/ClassLoader.php(571): Illuminate\\Foundation\\Bootstrap\\HandleExceptions->Illuminate\\Foundation\\Bootstrap\\{closure}(2, 'include(/Users/...', '/Users/juanpi/D...', 571)
#2 /Users/juanpi/Documents/laravel/gotrip/vendor/composer/ClassLoader.php(571): include('/Users/juanpi/D...')
#3 /Users/juanpi/Documents/laravel/gotrip/vendor/composer/ClassLoader.php(428): Composer\\Autoload\\includeFile('/Users/juanpi/D...')
#4 [internal function]: Composer\\Autoload\\ClassLoader->loadClass('Themes\\\\BC\\\\Theme...')
#5 /Users/juanpi/Documents/laravel/gotrip/themes/ThemeServiceProvider.php(78): class_exists('\\\\Themes\\\\BC\\\\Them...')
#6 /Users/juanpi/Documents/laravel/gotrip/vendor/laravel/framework/src/Illuminate/Foundation/Application.php(788): Themes\\ThemeServiceProvider->register()
#7 /Users/juanpi/Documents/laravel/gotrip/vendor/laravel/framework/src/Illuminate/Foundation/ProviderRepository.php(75): Illuminate\\Foundation\\Application->register(Object(Themes\\ThemeServiceProvider))
#8 /Users/juanpi/Documents/laravel/gotrip/vendor/laravel/framework/src/Illuminate/Foundation/Application.php(765): Illuminate\\Foundation\\ProviderRepository->load(Array)
#9 /Users/juanpi/Documents/laravel/gotrip/vendor/laravel/framework/src/Illuminate/Foundation/Bootstrap/RegisterProviders.php(17): Illuminate\\Foundation\\Application->registerConfiguredProviders()
#10 /Users/juanpi/Documents/laravel/gotrip/vendor/laravel/framework/src/Illuminate/Foundation/Application.php(263): Illuminate\\Foundation\\Bootstrap\\RegisterProviders->bootstrap(Object(Illuminate\\Foundation\\Application))
#11 /Users/juanpi/Documents/laravel/gotrip/vendor/laravel/framework/src/Illuminate/Foundation/Console/Kernel.php(447): Illuminate\\Foundation\\Application->bootstrapWith(Array)
#12 /Users/juanpi/Documents/laravel/gotrip/vendor/laravel/framework/src/Illuminate/Foundation/Console/Kernel.php(199): Illuminate\\Foundation\\Console\\Kernel->bootstrap()
#13 Command line code(1): Illuminate\\Foundation\\Console\\Kernel->handle(Object(Symfony\\Component\\Console\\Input\\ArgvInput), Object(Symfony\\Component\\Console\\Output\\ConsoleOutput))
#14 {main}
"} 
