[2024-06-07 00:40:19] production.ERROR: include(/Users/juanpi/Documents/laravel/gotrip/vendor/composer/../../themes/BC/ThemeProvider.php): Failed to open stream: No such file or directory {"exception":"[object] (ErrorException(code: 0): include(/Users/juanpi/Documents/laravel/gotrip/vendor/composer/../../themes/BC/ThemeProvider.php): Failed to open stream: No such file or directory at /Users/juanpi/Documents/laravel/gotrip/vendor/composer/ClassLoader.php:571)
[stacktrace]
#0 /Users/juanpi/Documents/laravel/gotrip/vendor/laravel/framework/src/Illuminate/Foundation/Bootstrap/HandleExceptions.php(255): Illuminate\\Foundation\\Bootstrap\\HandleExceptions->handleError(2, 'include(/Users/...', '/Users/juanpi/D...', 571)
#1 /Users/juanpi/Documents/laravel/gotrip/vendor/composer/ClassLoader.php(571): Illuminate\\Foundation\\Bootstrap\\HandleExceptions->Illuminate\\Foundation\\Bootstrap\\{closure}(2, 'include(/Users/...', '/Users/juanpi/D...', 571)
#2 /Users/juanpi/Documents/laravel/gotrip/vendor/composer/ClassLoader.php(571): include('/Users/juanpi/D...')
#3 /Users/juanpi/Documents/laravel/gotrip/vendor/composer/ClassLoader.php(428): Composer\\Autoload\\includeFile('/Users/juanpi/D...')
#4 [internal function]: Composer\\Autoload\\ClassLoader->loadClass('Themes\\\\BC\\\\Theme...')
#5 /Users/juanpi/Documents/laravel/gotrip/themes/ThemeServiceProvider.php(78): class_exists('\\\\Themes\\\\BC\\\\Them...')
#6 /Users/juanpi/Documents/laravel/gotrip/vendor/laravel/framework/src/Illuminate/Foundation/Application.php(788): Themes\\ThemeServiceProvider->register()
#7 /Users/juanpi/Documents/laravel/gotrip/vendor/laravel/framework/src/Illuminate/Foundation/ProviderRepository.php(75): Illuminate\\Foundation\\Application->register(Object(Themes\\ThemeServiceProvider))
#8 /Users/juanpi/Documents/laravel/gotrip/vendor/laravel/framework/src/Illuminate/Foundation/Application.php(765): Illuminate\\Foundation\\ProviderRepository->load(Array)
#9 /Users/juanpi/Documents/laravel/gotrip/vendor/laravel/framework/src/Illuminate/Foundation/Bootstrap/RegisterProviders.php(17): Illuminate\\Foundation\\Application->registerConfiguredProviders()
#10 /Users/juanpi/Documents/laravel/gotrip/vendor/laravel/framework/src/Illuminate/Foundation/Application.php(263): Illuminate\\Foundation\\Bootstrap\\RegisterProviders->bootstrap(Object(Illuminate\\Foundation\\Application))
#11 /Users/juanpi/Documents/laravel/gotrip/vendor/laravel/framework/src/Illuminate/Foundation/Console/Kernel.php(447): Illuminate\\Foundation\\Application->bootstrapWith(Array)
#12 /Users/juanpi/Documents/laravel/gotrip/vendor/laravel/framework/src/Illuminate/Foundation/Console/Kernel.php(199): Illuminate\\Foundation\\Console\\Kernel->bootstrap()
#13 Command line code(1): Illuminate\\Foundation\\Console\\Kernel->handle(Object(Symfony\\Component\\Console\\Input\\ArgvInput), Object(Symfony\\Component\\Console\\Output\\ConsoleOutput))
#14 {main}
"} 
[2024-06-07 01:35:48] production.ERROR: include(/Users/juanpi/Documents/laravel/gotrip/vendor/composer/../../themes/BC/ThemeProvider.php): Failed to open stream: No such file or directory {"exception":"[object] (ErrorException(code: 0): include(/Users/juanpi/Documents/laravel/gotrip/vendor/composer/../../themes/BC/ThemeProvider.php): Failed to open stream: No such file or directory at /Users/juanpi/Documents/laravel/gotrip/vendor/composer/ClassLoader.php:571)
[stacktrace]
#0 /Users/juanpi/Documents/laravel/gotrip/vendor/laravel/framework/src/Illuminate/Foundation/Bootstrap/HandleExceptions.php(255): Illuminate\\Foundation\\Bootstrap\\HandleExceptions->handleError(2, 'include(/Users/...', '/Users/juanpi/D...', 571)
#1 /Users/juanpi/Documents/laravel/gotrip/vendor/composer/ClassLoader.php(571): Illuminate\\Foundation\\Bootstrap\\HandleExceptions->Illuminate\\Foundation\\Bootstrap\\{closure}(2, 'include(/Users/...', '/Users/juanpi/D...', 571)
#2 /Users/juanpi/Documents/laravel/gotrip/vendor/composer/ClassLoader.php(571): include('/Users/juanpi/D...')
#3 /Users/juanpi/Documents/laravel/gotrip/vendor/composer/ClassLoader.php(428): Composer\\Autoload\\includeFile('/Users/juanpi/D...')
#4 [internal function]: Composer\\Autoload\\ClassLoader->loadClass('Themes\\\\BC\\\\Theme...')
#5 /Users/juanpi/Documents/laravel/gotrip/themes/ThemeServiceProvider.php(78): class_exists('\\\\Themes\\\\BC\\\\Them...')
#6 /Users/juanpi/Documents/laravel/gotrip/vendor/laravel/framework/src/Illuminate/Foundation/Application.php(788): Themes\\ThemeServiceProvider->register()
#7 /Users/juanpi/Documents/laravel/gotrip/vendor/laravel/framework/src/Illuminate/Foundation/ProviderRepository.php(75): Illuminate\\Foundation\\Application->register(Object(Themes\\ThemeServiceProvider))
#8 /Users/juanpi/Documents/laravel/gotrip/vendor/laravel/framework/src/Illuminate/Foundation/Application.php(765): Illuminate\\Foundation\\ProviderRepository->load(Array)
#9 /Users/juanpi/Documents/laravel/gotrip/vendor/laravel/framework/src/Illuminate/Foundation/Bootstrap/RegisterProviders.php(17): Illuminate\\Foundation\\Application->registerConfiguredProviders()
#10 /Users/juanpi/Documents/laravel/gotrip/vendor/laravel/framework/src/Illuminate/Foundation/Application.php(263): Illuminate\\Foundation\\Bootstrap\\RegisterProviders->bootstrap(Object(Illuminate\\Foundation\\Application))
#11 /Users/juanpi/Documents/laravel/gotrip/vendor/laravel/framework/src/Illuminate/Foundation/Console/Kernel.php(447): Illuminate\\Foundation\\Application->bootstrapWith(Array)
#12 /Users/juanpi/Documents/laravel/gotrip/vendor/laravel/framework/src/Illuminate/Foundation/Console/Kernel.php(199): Illuminate\\Foundation\\Console\\Kernel->bootstrap()
#13 Command line code(1): Illuminate\\Foundation\\Console\\Kernel->handle(Object(Symfony\\Component\\Console\\Input\\ArgvInput), Object(Symfony\\Component\\Console\\Output\\ConsoleOutput))
#14 {main}
"} 
[2024-06-07 02:31:50] production.ERROR: include(/Users/juanpi/Documents/laravel/gotrip/vendor/composer/../../themes/BC/ThemeProvider.php): Failed to open stream: No such file or directory {"exception":"[object] (ErrorException(code: 0): include(/Users/juanpi/Documents/laravel/gotrip/vendor/composer/../../themes/BC/ThemeProvider.php): Failed to open stream: No such file or directory at /Users/juanpi/Documents/laravel/gotrip/vendor/composer/ClassLoader.php:571)
[stacktrace]
#0 /Users/juanpi/Documents/laravel/gotrip/vendor/laravel/framework/src/Illuminate/Foundation/Bootstrap/HandleExceptions.php(255): Illuminate\\Foundation\\Bootstrap\\HandleExceptions->handleError(2, 'include(/Users/...', '/Users/juanpi/D...', 571)
#1 /Users/juanpi/Documents/laravel/gotrip/vendor/composer/ClassLoader.php(571): Illuminate\\Foundation\\Bootstrap\\HandleExceptions->Illuminate\\Foundation\\Bootstrap\\{closure}(2, 'include(/Users/...', '/Users/juanpi/D...', 571)
#2 /Users/juanpi/Documents/laravel/gotrip/vendor/composer/ClassLoader.php(571): include('/Users/juanpi/D...')
#3 /Users/juanpi/Documents/laravel/gotrip/vendor/composer/ClassLoader.php(428): Composer\\Autoload\\includeFile('/Users/juanpi/D...')
#4 [internal function]: Composer\\Autoload\\ClassLoader->loadClass('Themes\\\\BC\\\\Theme...')
#5 /Users/juanpi/Documents/laravel/gotrip/themes/ThemeServiceProvider.php(78): class_exists('\\\\Themes\\\\BC\\\\Them...')
#6 /Users/juanpi/Documents/laravel/gotrip/vendor/laravel/framework/src/Illuminate/Foundation/Application.php(788): Themes\\ThemeServiceProvider->register()
#7 /Users/juanpi/Documents/laravel/gotrip/vendor/laravel/framework/src/Illuminate/Foundation/ProviderRepository.php(75): Illuminate\\Foundation\\Application->register(Object(Themes\\ThemeServiceProvider))
#8 /Users/juanpi/Documents/laravel/gotrip/vendor/laravel/framework/src/Illuminate/Foundation/Application.php(765): Illuminate\\Foundation\\ProviderRepository->load(Array)
#9 /Users/juanpi/Documents/laravel/gotrip/vendor/laravel/framework/src/Illuminate/Foundation/Bootstrap/RegisterProviders.php(17): Illuminate\\Foundation\\Application->registerConfiguredProviders()
#10 /Users/juanpi/Documents/laravel/gotrip/vendor/laravel/framework/src/Illuminate/Foundation/Application.php(263): Illuminate\\Foundation\\Bootstrap\\RegisterProviders->bootstrap(Object(Illuminate\\Foundation\\Application))
#11 /Users/juanpi/Documents/laravel/gotrip/vendor/laravel/framework/src/Illuminate/Foundation/Console/Kernel.php(447): Illuminate\\Foundation\\Application->bootstrapWith(Array)
#12 /Users/juanpi/Documents/laravel/gotrip/vendor/laravel/framework/src/Illuminate/Foundation/Console/Kernel.php(199): Illuminate\\Foundation\\Console\\Kernel->bootstrap()
#13 Command line code(1): Illuminate\\Foundation\\Console\\Kernel->handle(Object(Symfony\\Component\\Console\\Input\\ArgvInput), Object(Symfony\\Component\\Console\\Output\\ConsoleOutput))
#14 {main}
"} 
[2024-06-07 03:28:26] production.ERROR: include(/Users/juanpi/Documents/laravel/gotrip/vendor/composer/../../themes/BC/ThemeProvider.php): Failed to open stream: No such file or directory {"exception":"[object] (ErrorException(code: 0): include(/Users/juanpi/Documents/laravel/gotrip/vendor/composer/../../themes/BC/ThemeProvider.php): Failed to open stream: No such file or directory at /Users/juanpi/Documents/laravel/gotrip/vendor/composer/ClassLoader.php:571)
[stacktrace]
#0 /Users/juanpi/Documents/laravel/gotrip/vendor/laravel/framework/src/Illuminate/Foundation/Bootstrap/HandleExceptions.php(255): Illuminate\\Foundation\\Bootstrap\\HandleExceptions->handleError(2, 'include(/Users/...', '/Users/juanpi/D...', 571)
#1 /Users/juanpi/Documents/laravel/gotrip/vendor/composer/ClassLoader.php(571): Illuminate\\Foundation\\Bootstrap\\HandleExceptions->Illuminate\\Foundation\\Bootstrap\\{closure}(2, 'include(/Users/...', '/Users/juanpi/D...', 571)
#2 /Users/juanpi/Documents/laravel/gotrip/vendor/composer/ClassLoader.php(571): include('/Users/juanpi/D...')
#3 /Users/juanpi/Documents/laravel/gotrip/vendor/composer/ClassLoader.php(428): Composer\\Autoload\\includeFile('/Users/juanpi/D...')
#4 [internal function]: Composer\\Autoload\\ClassLoader->loadClass('Themes\\\\BC\\\\Theme...')
#5 /Users/juanpi/Documents/laravel/gotrip/themes/ThemeServiceProvider.php(78): class_exists('\\\\Themes\\\\BC\\\\Them...')
#6 /Users/juanpi/Documents/laravel/gotrip/vendor/laravel/framework/src/Illuminate/Foundation/Application.php(788): Themes\\ThemeServiceProvider->register()
#7 /Users/juanpi/Documents/laravel/gotrip/vendor/laravel/framework/src/Illuminate/Foundation/ProviderRepository.php(75): Illuminate\\Foundation\\Application->register(Object(Themes\\ThemeServiceProvider))
#8 /Users/juanpi/Documents/laravel/gotrip/vendor/laravel/framework/src/Illuminate/Foundation/Application.php(765): Illuminate\\Foundation\\ProviderRepository->load(Array)
#9 /Users/juanpi/Documents/laravel/gotrip/vendor/laravel/framework/src/Illuminate/Foundation/Bootstrap/RegisterProviders.php(17): Illuminate\\Foundation\\Application->registerConfiguredProviders()
#10 /Users/juanpi/Documents/laravel/gotrip/vendor/laravel/framework/src/Illuminate/Foundation/Application.php(263): Illuminate\\Foundation\\Bootstrap\\RegisterProviders->bootstrap(Object(Illuminate\\Foundation\\Application))
#11 /Users/juanpi/Documents/laravel/gotrip/vendor/laravel/framework/src/Illuminate/Foundation/Console/Kernel.php(447): Illuminate\\Foundation\\Application->bootstrapWith(Array)
#12 /Users/juanpi/Documents/laravel/gotrip/vendor/laravel/framework/src/Illuminate/Foundation/Console/Kernel.php(199): Illuminate\\Foundation\\Console\\Kernel->bootstrap()
#13 Command line code(1): Illuminate\\Foundation\\Console\\Kernel->handle(Object(Symfony\\Component\\Console\\Input\\ArgvInput), Object(Symfony\\Component\\Console\\Output\\ConsoleOutput))
#14 {main}
"} 
[2024-06-07 04:50:59] production.ERROR: include(/Users/juanpi/Documents/laravel/gotrip/vendor/composer/../../themes/BC/ThemeProvider.php): Failed to open stream: No such file or directory {"exception":"[object] (ErrorException(code: 0): include(/Users/juanpi/Documents/laravel/gotrip/vendor/composer/../../themes/BC/ThemeProvider.php): Failed to open stream: No such file or directory at /Users/juanpi/Documents/laravel/gotrip/vendor/composer/ClassLoader.php:571)
[stacktrace]
#0 /Users/juanpi/Documents/laravel/gotrip/vendor/laravel/framework/src/Illuminate/Foundation/Bootstrap/HandleExceptions.php(255): Illuminate\\Foundation\\Bootstrap\\HandleExceptions->handleError(2, 'include(/Users/...', '/Users/juanpi/D...', 571)
#1 /Users/juanpi/Documents/laravel/gotrip/vendor/composer/ClassLoader.php(571): Illuminate\\Foundation\\Bootstrap\\HandleExceptions->Illuminate\\Foundation\\Bootstrap\\{closure}(2, 'include(/Users/...', '/Users/juanpi/D...', 571)
#2 /Users/juanpi/Documents/laravel/gotrip/vendor/composer/ClassLoader.php(571): include('/Users/juanpi/D...')
#3 /Users/juanpi/Documents/laravel/gotrip/vendor/composer/ClassLoader.php(428): Composer\\Autoload\\includeFile('/Users/juanpi/D...')
#4 [internal function]: Composer\\Autoload\\ClassLoader->loadClass('Themes\\\\BC\\\\Theme...')
#5 /Users/juanpi/Documents/laravel/gotrip/themes/ThemeServiceProvider.php(78): class_exists('\\\\Themes\\\\BC\\\\Them...')
#6 /Users/juanpi/Documents/laravel/gotrip/vendor/laravel/framework/src/Illuminate/Foundation/Application.php(788): Themes\\ThemeServiceProvider->register()
#7 /Users/juanpi/Documents/laravel/gotrip/vendor/laravel/framework/src/Illuminate/Foundation/ProviderRepository.php(75): Illuminate\\Foundation\\Application->register(Object(Themes\\ThemeServiceProvider))
#8 /Users/juanpi/Documents/laravel/gotrip/vendor/laravel/framework/src/Illuminate/Foundation/Application.php(765): Illuminate\\Foundation\\ProviderRepository->load(Array)
#9 /Users/juanpi/Documents/laravel/gotrip/vendor/laravel/framework/src/Illuminate/Foundation/Bootstrap/RegisterProviders.php(17): Illuminate\\Foundation\\Application->registerConfiguredProviders()
#10 /Users/juanpi/Documents/laravel/gotrip/vendor/laravel/framework/src/Illuminate/Foundation/Application.php(263): Illuminate\\Foundation\\Bootstrap\\RegisterProviders->bootstrap(Object(Illuminate\\Foundation\\Application))
#11 /Users/juanpi/Documents/laravel/gotrip/vendor/laravel/framework/src/Illuminate/Foundation/Console/Kernel.php(447): Illuminate\\Foundation\\Application->bootstrapWith(Array)
#12 /Users/juanpi/Documents/laravel/gotrip/vendor/laravel/framework/src/Illuminate/Foundation/Console/Kernel.php(199): Illuminate\\Foundation\\Console\\Kernel->bootstrap()
#13 Command line code(1): Illuminate\\Foundation\\Console\\Kernel->handle(Object(Symfony\\Component\\Console\\Input\\ArgvInput), Object(Symfony\\Component\\Console\\Output\\ConsoleOutput))
#14 {main}
"} 
[2024-06-07 05:45:51] production.ERROR: include(/Users/juanpi/Documents/laravel/gotrip/vendor/composer/../../themes/BC/ThemeProvider.php): Failed to open stream: No such file or directory {"exception":"[object] (ErrorException(code: 0): include(/Users/juanpi/Documents/laravel/gotrip/vendor/composer/../../themes/BC/ThemeProvider.php): Failed to open stream: No such file or directory at /Users/juanpi/Documents/laravel/gotrip/vendor/composer/ClassLoader.php:571)
[stacktrace]
#0 /Users/juanpi/Documents/laravel/gotrip/vendor/laravel/framework/src/Illuminate/Foundation/Bootstrap/HandleExceptions.php(255): Illuminate\\Foundation\\Bootstrap\\HandleExceptions->handleError(2, 'include(/Users/...', '/Users/juanpi/D...', 571)
#1 /Users/juanpi/Documents/laravel/gotrip/vendor/composer/ClassLoader.php(571): Illuminate\\Foundation\\Bootstrap\\HandleExceptions->Illuminate\\Foundation\\Bootstrap\\{closure}(2, 'include(/Users/...', '/Users/juanpi/D...', 571)
#2 /Users/juanpi/Documents/laravel/gotrip/vendor/composer/ClassLoader.php(571): include('/Users/juanpi/D...')
#3 /Users/juanpi/Documents/laravel/gotrip/vendor/composer/ClassLoader.php(428): Composer\\Autoload\\includeFile('/Users/juanpi/D...')
#4 [internal function]: Composer\\Autoload\\ClassLoader->loadClass('Themes\\\\BC\\\\Theme...')
#5 /Users/juanpi/Documents/laravel/gotrip/themes/ThemeServiceProvider.php(78): class_exists('\\\\Themes\\\\BC\\\\Them...')
#6 /Users/juanpi/Documents/laravel/gotrip/vendor/laravel/framework/src/Illuminate/Foundation/Application.php(788): Themes\\ThemeServiceProvider->register()
#7 /Users/juanpi/Documents/laravel/gotrip/vendor/laravel/framework/src/Illuminate/Foundation/ProviderRepository.php(75): Illuminate\\Foundation\\Application->register(Object(Themes\\ThemeServiceProvider))
#8 /Users/juanpi/Documents/laravel/gotrip/vendor/laravel/framework/src/Illuminate/Foundation/Application.php(765): Illuminate\\Foundation\\ProviderRepository->load(Array)
#9 /Users/juanpi/Documents/laravel/gotrip/vendor/laravel/framework/src/Illuminate/Foundation/Bootstrap/RegisterProviders.php(17): Illuminate\\Foundation\\Application->registerConfiguredProviders()
#10 /Users/juanpi/Documents/laravel/gotrip/vendor/laravel/framework/src/Illuminate/Foundation/Application.php(263): Illuminate\\Foundation\\Bootstrap\\RegisterProviders->bootstrap(Object(Illuminate\\Foundation\\Application))
#11 /Users/juanpi/Documents/laravel/gotrip/vendor/laravel/framework/src/Illuminate/Foundation/Console/Kernel.php(447): Illuminate\\Foundation\\Application->bootstrapWith(Array)
#12 /Users/juanpi/Documents/laravel/gotrip/vendor/laravel/framework/src/Illuminate/Foundation/Console/Kernel.php(199): Illuminate\\Foundation\\Console\\Kernel->bootstrap()
#13 Command line code(1): Illuminate\\Foundation\\Console\\Kernel->handle(Object(Symfony\\Component\\Console\\Input\\ArgvInput), Object(Symfony\\Component\\Console\\Output\\ConsoleOutput))
#14 {main}
"} 
[2024-06-07 06:41:24] production.ERROR: include(/Users/juanpi/Documents/laravel/gotrip/vendor/composer/../../themes/BC/ThemeProvider.php): Failed to open stream: No such file or directory {"exception":"[object] (ErrorException(code: 0): include(/Users/juanpi/Documents/laravel/gotrip/vendor/composer/../../themes/BC/ThemeProvider.php): Failed to open stream: No such file or directory at /Users/juanpi/Documents/laravel/gotrip/vendor/composer/ClassLoader.php:571)
[stacktrace]
#0 /Users/juanpi/Documents/laravel/gotrip/vendor/laravel/framework/src/Illuminate/Foundation/Bootstrap/HandleExceptions.php(255): Illuminate\\Foundation\\Bootstrap\\HandleExceptions->handleError(2, 'include(/Users/...', '/Users/juanpi/D...', 571)
#1 /Users/juanpi/Documents/laravel/gotrip/vendor/composer/ClassLoader.php(571): Illuminate\\Foundation\\Bootstrap\\HandleExceptions->Illuminate\\Foundation\\Bootstrap\\{closure}(2, 'include(/Users/...', '/Users/juanpi/D...', 571)
#2 /Users/juanpi/Documents/laravel/gotrip/vendor/composer/ClassLoader.php(571): include('/Users/juanpi/D...')
#3 /Users/juanpi/Documents/laravel/gotrip/vendor/composer/ClassLoader.php(428): Composer\\Autoload\\includeFile('/Users/juanpi/D...')
#4 [internal function]: Composer\\Autoload\\ClassLoader->loadClass('Themes\\\\BC\\\\Theme...')
#5 /Users/juanpi/Documents/laravel/gotrip/themes/ThemeServiceProvider.php(78): class_exists('\\\\Themes\\\\BC\\\\Them...')
#6 /Users/juanpi/Documents/laravel/gotrip/vendor/laravel/framework/src/Illuminate/Foundation/Application.php(788): Themes\\ThemeServiceProvider->register()
#7 /Users/juanpi/Documents/laravel/gotrip/vendor/laravel/framework/src/Illuminate/Foundation/ProviderRepository.php(75): Illuminate\\Foundation\\Application->register(Object(Themes\\ThemeServiceProvider))
#8 /Users/juanpi/Documents/laravel/gotrip/vendor/laravel/framework/src/Illuminate/Foundation/Application.php(765): Illuminate\\Foundation\\ProviderRepository->load(Array)
#9 /Users/juanpi/Documents/laravel/gotrip/vendor/laravel/framework/src/Illuminate/Foundation/Bootstrap/RegisterProviders.php(17): Illuminate\\Foundation\\Application->registerConfiguredProviders()
#10 /Users/juanpi/Documents/laravel/gotrip/vendor/laravel/framework/src/Illuminate/Foundation/Application.php(263): Illuminate\\Foundation\\Bootstrap\\RegisterProviders->bootstrap(Object(Illuminate\\Foundation\\Application))
#11 /Users/juanpi/Documents/laravel/gotrip/vendor/laravel/framework/src/Illuminate/Foundation/Console/Kernel.php(447): Illuminate\\Foundation\\Application->bootstrapWith(Array)
#12 /Users/juanpi/Documents/laravel/gotrip/vendor/laravel/framework/src/Illuminate/Foundation/Console/Kernel.php(199): Illuminate\\Foundation\\Console\\Kernel->bootstrap()
#13 Command line code(1): Illuminate\\Foundation\\Console\\Kernel->handle(Object(Symfony\\Component\\Console\\Input\\ArgvInput), Object(Symfony\\Component\\Console\\Output\\ConsoleOutput))
#14 {main}
"} 
[2024-06-07 07:16:38] production.ERROR: include(/Users/juanpi/Documents/laravel/gotrip/vendor/composer/../../themes/BC/ThemeProvider.php): Failed to open stream: No such file or directory {"exception":"[object] (ErrorException(code: 0): include(/Users/juanpi/Documents/laravel/gotrip/vendor/composer/../../themes/BC/ThemeProvider.php): Failed to open stream: No such file or directory at /Users/juanpi/Documents/laravel/gotrip/vendor/composer/ClassLoader.php:571)
[stacktrace]
#0 /Users/juanpi/Documents/laravel/gotrip/vendor/laravel/framework/src/Illuminate/Foundation/Bootstrap/HandleExceptions.php(255): Illuminate\\Foundation\\Bootstrap\\HandleExceptions->handleError(2, 'include(/Users/...', '/Users/juanpi/D...', 571)
#1 /Users/juanpi/Documents/laravel/gotrip/vendor/composer/ClassLoader.php(571): Illuminate\\Foundation\\Bootstrap\\HandleExceptions->Illuminate\\Foundation\\Bootstrap\\{closure}(2, 'include(/Users/...', '/Users/juanpi/D...', 571)
#2 /Users/juanpi/Documents/laravel/gotrip/vendor/composer/ClassLoader.php(571): include('/Users/juanpi/D...')
#3 /Users/juanpi/Documents/laravel/gotrip/vendor/composer/ClassLoader.php(428): Composer\\Autoload\\includeFile('/Users/juanpi/D...')
#4 [internal function]: Composer\\Autoload\\ClassLoader->loadClass('Themes\\\\BC\\\\Theme...')
#5 /Users/juanpi/Documents/laravel/gotrip/themes/ThemeServiceProvider.php(78): class_exists('\\\\Themes\\\\BC\\\\Them...')
#6 /Users/juanpi/Documents/laravel/gotrip/vendor/laravel/framework/src/Illuminate/Foundation/Application.php(788): Themes\\ThemeServiceProvider->register()
#7 /Users/juanpi/Documents/laravel/gotrip/vendor/laravel/framework/src/Illuminate/Foundation/ProviderRepository.php(75): Illuminate\\Foundation\\Application->register(Object(Themes\\ThemeServiceProvider))
#8 /Users/juanpi/Documents/laravel/gotrip/vendor/laravel/framework/src/Illuminate/Foundation/Application.php(765): Illuminate\\Foundation\\ProviderRepository->load(Array)
#9 /Users/juanpi/Documents/laravel/gotrip/vendor/laravel/framework/src/Illuminate/Foundation/Bootstrap/RegisterProviders.php(17): Illuminate\\Foundation\\Application->registerConfiguredProviders()
#10 /Users/juanpi/Documents/laravel/gotrip/vendor/laravel/framework/src/Illuminate/Foundation/Application.php(263): Illuminate\\Foundation\\Bootstrap\\RegisterProviders->bootstrap(Object(Illuminate\\Foundation\\Application))
#11 /Users/juanpi/Documents/laravel/gotrip/vendor/laravel/framework/src/Illuminate/Foundation/Console/Kernel.php(447): Illuminate\\Foundation\\Application->bootstrapWith(Array)
#12 /Users/juanpi/Documents/laravel/gotrip/vendor/laravel/framework/src/Illuminate/Foundation/Console/Kernel.php(199): Illuminate\\Foundation\\Console\\Kernel->bootstrap()
#13 Command line code(1): Illuminate\\Foundation\\Console\\Kernel->handle(Object(Symfony\\Component\\Console\\Input\\ArgvInput), Object(Symfony\\Component\\Console\\Output\\ConsoleOutput))
#14 {main}
"} 
[2024-06-07 08:01:24] production.ERROR: include(/Users/juanpi/Documents/laravel/gotrip/vendor/composer/../../themes/BC/ThemeProvider.php): Failed to open stream: No such file or directory {"exception":"[object] (ErrorException(code: 0): include(/Users/juanpi/Documents/laravel/gotrip/vendor/composer/../../themes/BC/ThemeProvider.php): Failed to open stream: No such file or directory at /Users/juanpi/Documents/laravel/gotrip/vendor/composer/ClassLoader.php:571)
[stacktrace]
#0 /Users/juanpi/Documents/laravel/gotrip/vendor/laravel/framework/src/Illuminate/Foundation/Bootstrap/HandleExceptions.php(255): Illuminate\\Foundation\\Bootstrap\\HandleExceptions->handleError(2, 'include(/Users/...', '/Users/juanpi/D...', 571)
#1 /Users/juanpi/Documents/laravel/gotrip/vendor/composer/ClassLoader.php(571): Illuminate\\Foundation\\Bootstrap\\HandleExceptions->Illuminate\\Foundation\\Bootstrap\\{closure}(2, 'include(/Users/...', '/Users/juanpi/D...', 571)
#2 /Users/juanpi/Documents/laravel/gotrip/vendor/composer/ClassLoader.php(571): include('/Users/juanpi/D...')
#3 /Users/juanpi/Documents/laravel/gotrip/vendor/composer/ClassLoader.php(428): Composer\\Autoload\\includeFile('/Users/juanpi/D...')
#4 [internal function]: Composer\\Autoload\\ClassLoader->loadClass('Themes\\\\BC\\\\Theme...')
#5 /Users/juanpi/Documents/laravel/gotrip/themes/ThemeServiceProvider.php(78): class_exists('\\\\Themes\\\\BC\\\\Them...')
#6 /Users/juanpi/Documents/laravel/gotrip/vendor/laravel/framework/src/Illuminate/Foundation/Application.php(788): Themes\\ThemeServiceProvider->register()
#7 /Users/juanpi/Documents/laravel/gotrip/vendor/laravel/framework/src/Illuminate/Foundation/ProviderRepository.php(75): Illuminate\\Foundation\\Application->register(Object(Themes\\ThemeServiceProvider))
#8 /Users/juanpi/Documents/laravel/gotrip/vendor/laravel/framework/src/Illuminate/Foundation/Application.php(765): Illuminate\\Foundation\\ProviderRepository->load(Array)
#9 /Users/juanpi/Documents/laravel/gotrip/vendor/laravel/framework/src/Illuminate/Foundation/Bootstrap/RegisterProviders.php(17): Illuminate\\Foundation\\Application->registerConfiguredProviders()
#10 /Users/juanpi/Documents/laravel/gotrip/vendor/laravel/framework/src/Illuminate/Foundation/Application.php(263): Illuminate\\Foundation\\Bootstrap\\RegisterProviders->bootstrap(Object(Illuminate\\Foundation\\Application))
#11 /Users/juanpi/Documents/laravel/gotrip/vendor/laravel/framework/src/Illuminate/Foundation/Console/Kernel.php(447): Illuminate\\Foundation\\Application->bootstrapWith(Array)
#12 /Users/juanpi/Documents/laravel/gotrip/vendor/laravel/framework/src/Illuminate/Foundation/Console/Kernel.php(199): Illuminate\\Foundation\\Console\\Kernel->bootstrap()
#13 Command line code(1): Illuminate\\Foundation\\Console\\Kernel->handle(Object(Symfony\\Component\\Console\\Input\\ArgvInput), Object(Symfony\\Component\\Console\\Output\\ConsoleOutput))
#14 {main}
"} 
[2024-06-07 09:02:25] production.ERROR: include(/Users/juanpi/Documents/laravel/gotrip/vendor/composer/../../themes/BC/ThemeProvider.php): Failed to open stream: No such file or directory {"exception":"[object] (ErrorException(code: 0): include(/Users/juanpi/Documents/laravel/gotrip/vendor/composer/../../themes/BC/ThemeProvider.php): Failed to open stream: No such file or directory at /Users/juanpi/Documents/laravel/gotrip/vendor/composer/ClassLoader.php:571)
[stacktrace]
#0 /Users/juanpi/Documents/laravel/gotrip/vendor/laravel/framework/src/Illuminate/Foundation/Bootstrap/HandleExceptions.php(255): Illuminate\\Foundation\\Bootstrap\\HandleExceptions->handleError(2, 'include(/Users/...', '/Users/juanpi/D...', 571)
#1 /Users/juanpi/Documents/laravel/gotrip/vendor/composer/ClassLoader.php(571): Illuminate\\Foundation\\Bootstrap\\HandleExceptions->Illuminate\\Foundation\\Bootstrap\\{closure}(2, 'include(/Users/...', '/Users/juanpi/D...', 571)
#2 /Users/juanpi/Documents/laravel/gotrip/vendor/composer/ClassLoader.php(571): include('/Users/juanpi/D...')
#3 /Users/juanpi/Documents/laravel/gotrip/vendor/composer/ClassLoader.php(428): Composer\\Autoload\\includeFile('/Users/juanpi/D...')
#4 [internal function]: Composer\\Autoload\\ClassLoader->loadClass('Themes\\\\BC\\\\Theme...')
#5 /Users/juanpi/Documents/laravel/gotrip/themes/ThemeServiceProvider.php(78): class_exists('\\\\Themes\\\\BC\\\\Them...')
#6 /Users/juanpi/Documents/laravel/gotrip/vendor/laravel/framework/src/Illuminate/Foundation/Application.php(788): Themes\\ThemeServiceProvider->register()
#7 /Users/juanpi/Documents/laravel/gotrip/vendor/laravel/framework/src/Illuminate/Foundation/ProviderRepository.php(75): Illuminate\\Foundation\\Application->register(Object(Themes\\ThemeServiceProvider))
#8 /Users/juanpi/Documents/laravel/gotrip/vendor/laravel/framework/src/Illuminate/Foundation/Application.php(765): Illuminate\\Foundation\\ProviderRepository->load(Array)
#9 /Users/juanpi/Documents/laravel/gotrip/vendor/laravel/framework/src/Illuminate/Foundation/Bootstrap/RegisterProviders.php(17): Illuminate\\Foundation\\Application->registerConfiguredProviders()
#10 /Users/juanpi/Documents/laravel/gotrip/vendor/laravel/framework/src/Illuminate/Foundation/Application.php(263): Illuminate\\Foundation\\Bootstrap\\RegisterProviders->bootstrap(Object(Illuminate\\Foundation\\Application))
#11 /Users/juanpi/Documents/laravel/gotrip/vendor/laravel/framework/src/Illuminate/Foundation/Console/Kernel.php(447): Illuminate\\Foundation\\Application->bootstrapWith(Array)
#12 /Users/juanpi/Documents/laravel/gotrip/vendor/laravel/framework/src/Illuminate/Foundation/Console/Kernel.php(199): Illuminate\\Foundation\\Console\\Kernel->bootstrap()
#13 Command line code(1): Illuminate\\Foundation\\Console\\Kernel->handle(Object(Symfony\\Component\\Console\\Input\\ArgvInput), Object(Symfony\\Component\\Console\\Output\\ConsoleOutput))
#14 {main}
"} 
[2024-06-07 10:03:25] production.ERROR: include(/Users/juanpi/Documents/laravel/gotrip/vendor/composer/../../themes/BC/ThemeProvider.php): Failed to open stream: No such file or directory {"exception":"[object] (ErrorException(code: 0): include(/Users/juanpi/Documents/laravel/gotrip/vendor/composer/../../themes/BC/ThemeProvider.php): Failed to open stream: No such file or directory at /Users/juanpi/Documents/laravel/gotrip/vendor/composer/ClassLoader.php:571)
[stacktrace]
#0 /Users/juanpi/Documents/laravel/gotrip/vendor/laravel/framework/src/Illuminate/Foundation/Bootstrap/HandleExceptions.php(255): Illuminate\\Foundation\\Bootstrap\\HandleExceptions->handleError(2, 'include(/Users/...', '/Users/juanpi/D...', 571)
#1 /Users/juanpi/Documents/laravel/gotrip/vendor/composer/ClassLoader.php(571): Illuminate\\Foundation\\Bootstrap\\HandleExceptions->Illuminate\\Foundation\\Bootstrap\\{closure}(2, 'include(/Users/...', '/Users/juanpi/D...', 571)
#2 /Users/juanpi/Documents/laravel/gotrip/vendor/composer/ClassLoader.php(571): include('/Users/juanpi/D...')
#3 /Users/juanpi/Documents/laravel/gotrip/vendor/composer/ClassLoader.php(428): Composer\\Autoload\\includeFile('/Users/juanpi/D...')
#4 [internal function]: Composer\\Autoload\\ClassLoader->loadClass('Themes\\\\BC\\\\Theme...')
#5 /Users/juanpi/Documents/laravel/gotrip/themes/ThemeServiceProvider.php(78): class_exists('\\\\Themes\\\\BC\\\\Them...')
#6 /Users/juanpi/Documents/laravel/gotrip/vendor/laravel/framework/src/Illuminate/Foundation/Application.php(788): Themes\\ThemeServiceProvider->register()
#7 /Users/juanpi/Documents/laravel/gotrip/vendor/laravel/framework/src/Illuminate/Foundation/ProviderRepository.php(75): Illuminate\\Foundation\\Application->register(Object(Themes\\ThemeServiceProvider))
#8 /Users/juanpi/Documents/laravel/gotrip/vendor/laravel/framework/src/Illuminate/Foundation/Application.php(765): Illuminate\\Foundation\\ProviderRepository->load(Array)
#9 /Users/juanpi/Documents/laravel/gotrip/vendor/laravel/framework/src/Illuminate/Foundation/Bootstrap/RegisterProviders.php(17): Illuminate\\Foundation\\Application->registerConfiguredProviders()
#10 /Users/juanpi/Documents/laravel/gotrip/vendor/laravel/framework/src/Illuminate/Foundation/Application.php(263): Illuminate\\Foundation\\Bootstrap\\RegisterProviders->bootstrap(Object(Illuminate\\Foundation\\Application))
#11 /Users/juanpi/Documents/laravel/gotrip/vendor/laravel/framework/src/Illuminate/Foundation/Console/Kernel.php(447): Illuminate\\Foundation\\Application->bootstrapWith(Array)
#12 /Users/juanpi/Documents/laravel/gotrip/vendor/laravel/framework/src/Illuminate/Foundation/Console/Kernel.php(199): Illuminate\\Foundation\\Console\\Kernel->bootstrap()
#13 Command line code(1): Illuminate\\Foundation\\Console\\Kernel->handle(Object(Symfony\\Component\\Console\\Input\\ArgvInput), Object(Symfony\\Component\\Console\\Output\\ConsoleOutput))
#14 {main}
"} 
[2024-06-07 11:04:51] production.ERROR: include(/Users/juanpi/Documents/laravel/gotrip/vendor/composer/../../themes/BC/ThemeProvider.php): Failed to open stream: No such file or directory {"exception":"[object] (ErrorException(code: 0): include(/Users/juanpi/Documents/laravel/gotrip/vendor/composer/../../themes/BC/ThemeProvider.php): Failed to open stream: No such file or directory at /Users/juanpi/Documents/laravel/gotrip/vendor/composer/ClassLoader.php:571)
[stacktrace]
#0 /Users/juanpi/Documents/laravel/gotrip/vendor/laravel/framework/src/Illuminate/Foundation/Bootstrap/HandleExceptions.php(255): Illuminate\\Foundation\\Bootstrap\\HandleExceptions->handleError(2, 'include(/Users/...', '/Users/juanpi/D...', 571)
#1 /Users/juanpi/Documents/laravel/gotrip/vendor/composer/ClassLoader.php(571): Illuminate\\Foundation\\Bootstrap\\HandleExceptions->Illuminate\\Foundation\\Bootstrap\\{closure}(2, 'include(/Users/...', '/Users/juanpi/D...', 571)
#2 /Users/juanpi/Documents/laravel/gotrip/vendor/composer/ClassLoader.php(571): include('/Users/juanpi/D...')
#3 /Users/juanpi/Documents/laravel/gotrip/vendor/composer/ClassLoader.php(428): Composer\\Autoload\\includeFile('/Users/juanpi/D...')
#4 [internal function]: Composer\\Autoload\\ClassLoader->loadClass('Themes\\\\BC\\\\Theme...')
#5 /Users/juanpi/Documents/laravel/gotrip/themes/ThemeServiceProvider.php(78): class_exists('\\\\Themes\\\\BC\\\\Them...')
#6 /Users/juanpi/Documents/laravel/gotrip/vendor/laravel/framework/src/Illuminate/Foundation/Application.php(788): Themes\\ThemeServiceProvider->register()
#7 /Users/juanpi/Documents/laravel/gotrip/vendor/laravel/framework/src/Illuminate/Foundation/ProviderRepository.php(75): Illuminate\\Foundation\\Application->register(Object(Themes\\ThemeServiceProvider))
#8 /Users/juanpi/Documents/laravel/gotrip/vendor/laravel/framework/src/Illuminate/Foundation/Application.php(765): Illuminate\\Foundation\\ProviderRepository->load(Array)
#9 /Users/juanpi/Documents/laravel/gotrip/vendor/laravel/framework/src/Illuminate/Foundation/Bootstrap/RegisterProviders.php(17): Illuminate\\Foundation\\Application->registerConfiguredProviders()
#10 /Users/juanpi/Documents/laravel/gotrip/vendor/laravel/framework/src/Illuminate/Foundation/Application.php(263): Illuminate\\Foundation\\Bootstrap\\RegisterProviders->bootstrap(Object(Illuminate\\Foundation\\Application))
#11 /Users/juanpi/Documents/laravel/gotrip/vendor/laravel/framework/src/Illuminate/Foundation/Console/Kernel.php(447): Illuminate\\Foundation\\Application->bootstrapWith(Array)
#12 /Users/juanpi/Documents/laravel/gotrip/vendor/laravel/framework/src/Illuminate/Foundation/Console/Kernel.php(199): Illuminate\\Foundation\\Console\\Kernel->bootstrap()
#13 Command line code(1): Illuminate\\Foundation\\Console\\Kernel->handle(Object(Symfony\\Component\\Console\\Input\\ArgvInput), Object(Symfony\\Component\\Console\\Output\\ConsoleOutput))
#14 {main}
"} 
[2024-06-07 12:05:49] production.ERROR: include(/Users/juanpi/Documents/laravel/gotrip/vendor/composer/../../themes/BC/ThemeProvider.php): Failed to open stream: No such file or directory {"exception":"[object] (ErrorException(code: 0): include(/Users/juanpi/Documents/laravel/gotrip/vendor/composer/../../themes/BC/ThemeProvider.php): Failed to open stream: No such file or directory at /Users/juanpi/Documents/laravel/gotrip/vendor/composer/ClassLoader.php:571)
[stacktrace]
#0 /Users/juanpi/Documents/laravel/gotrip/vendor/laravel/framework/src/Illuminate/Foundation/Bootstrap/HandleExceptions.php(255): Illuminate\\Foundation\\Bootstrap\\HandleExceptions->handleError(2, 'include(/Users/...', '/Users/juanpi/D...', 571)
#1 /Users/juanpi/Documents/laravel/gotrip/vendor/composer/ClassLoader.php(571): Illuminate\\Foundation\\Bootstrap\\HandleExceptions->Illuminate\\Foundation\\Bootstrap\\{closure}(2, 'include(/Users/...', '/Users/juanpi/D...', 571)
#2 /Users/juanpi/Documents/laravel/gotrip/vendor/composer/ClassLoader.php(571): include('/Users/juanpi/D...')
#3 /Users/juanpi/Documents/laravel/gotrip/vendor/composer/ClassLoader.php(428): Composer\\Autoload\\includeFile('/Users/juanpi/D...')
#4 [internal function]: Composer\\Autoload\\ClassLoader->loadClass('Themes\\\\BC\\\\Theme...')
#5 /Users/juanpi/Documents/laravel/gotrip/themes/ThemeServiceProvider.php(78): class_exists('\\\\Themes\\\\BC\\\\Them...')
#6 /Users/juanpi/Documents/laravel/gotrip/vendor/laravel/framework/src/Illuminate/Foundation/Application.php(788): Themes\\ThemeServiceProvider->register()
#7 /Users/juanpi/Documents/laravel/gotrip/vendor/laravel/framework/src/Illuminate/Foundation/ProviderRepository.php(75): Illuminate\\Foundation\\Application->register(Object(Themes\\ThemeServiceProvider))
#8 /Users/juanpi/Documents/laravel/gotrip/vendor/laravel/framework/src/Illuminate/Foundation/Application.php(765): Illuminate\\Foundation\\ProviderRepository->load(Array)
#9 /Users/juanpi/Documents/laravel/gotrip/vendor/laravel/framework/src/Illuminate/Foundation/Bootstrap/RegisterProviders.php(17): Illuminate\\Foundation\\Application->registerConfiguredProviders()
#10 /Users/juanpi/Documents/laravel/gotrip/vendor/laravel/framework/src/Illuminate/Foundation/Application.php(263): Illuminate\\Foundation\\Bootstrap\\RegisterProviders->bootstrap(Object(Illuminate\\Foundation\\Application))
#11 /Users/juanpi/Documents/laravel/gotrip/vendor/laravel/framework/src/Illuminate/Foundation/Console/Kernel.php(447): Illuminate\\Foundation\\Application->bootstrapWith(Array)
#12 /Users/juanpi/Documents/laravel/gotrip/vendor/laravel/framework/src/Illuminate/Foundation/Console/Kernel.php(199): Illuminate\\Foundation\\Console\\Kernel->bootstrap()
#13 Command line code(1): Illuminate\\Foundation\\Console\\Kernel->handle(Object(Symfony\\Component\\Console\\Input\\ArgvInput), Object(Symfony\\Component\\Console\\Output\\ConsoleOutput))
#14 {main}
"} 
[2024-06-07 13:06:46] production.ERROR: include(/Users/juanpi/Documents/laravel/gotrip/vendor/composer/../../themes/BC/ThemeProvider.php): Failed to open stream: No such file or directory {"exception":"[object] (ErrorException(code: 0): include(/Users/juanpi/Documents/laravel/gotrip/vendor/composer/../../themes/BC/ThemeProvider.php): Failed to open stream: No such file or directory at /Users/juanpi/Documents/laravel/gotrip/vendor/composer/ClassLoader.php:571)
[stacktrace]
#0 /Users/juanpi/Documents/laravel/gotrip/vendor/laravel/framework/src/Illuminate/Foundation/Bootstrap/HandleExceptions.php(255): Illuminate\\Foundation\\Bootstrap\\HandleExceptions->handleError(2, 'include(/Users/...', '/Users/juanpi/D...', 571)
#1 /Users/juanpi/Documents/laravel/gotrip/vendor/composer/ClassLoader.php(571): Illuminate\\Foundation\\Bootstrap\\HandleExceptions->Illuminate\\Foundation\\Bootstrap\\{closure}(2, 'include(/Users/...', '/Users/juanpi/D...', 571)
#2 /Users/juanpi/Documents/laravel/gotrip/vendor/composer/ClassLoader.php(571): include('/Users/juanpi/D...')
#3 /Users/juanpi/Documents/laravel/gotrip/vendor/composer/ClassLoader.php(428): Composer\\Autoload\\includeFile('/Users/juanpi/D...')
#4 [internal function]: Composer\\Autoload\\ClassLoader->loadClass('Themes\\\\BC\\\\Theme...')
#5 /Users/juanpi/Documents/laravel/gotrip/themes/ThemeServiceProvider.php(78): class_exists('\\\\Themes\\\\BC\\\\Them...')
#6 /Users/juanpi/Documents/laravel/gotrip/vendor/laravel/framework/src/Illuminate/Foundation/Application.php(788): Themes\\ThemeServiceProvider->register()
#7 /Users/juanpi/Documents/laravel/gotrip/vendor/laravel/framework/src/Illuminate/Foundation/ProviderRepository.php(75): Illuminate\\Foundation\\Application->register(Object(Themes\\ThemeServiceProvider))
#8 /Users/juanpi/Documents/laravel/gotrip/vendor/laravel/framework/src/Illuminate/Foundation/Application.php(765): Illuminate\\Foundation\\ProviderRepository->load(Array)
#9 /Users/juanpi/Documents/laravel/gotrip/vendor/laravel/framework/src/Illuminate/Foundation/Bootstrap/RegisterProviders.php(17): Illuminate\\Foundation\\Application->registerConfiguredProviders()
#10 /Users/juanpi/Documents/laravel/gotrip/vendor/laravel/framework/src/Illuminate/Foundation/Application.php(263): Illuminate\\Foundation\\Bootstrap\\RegisterProviders->bootstrap(Object(Illuminate\\Foundation\\Application))
#11 /Users/juanpi/Documents/laravel/gotrip/vendor/laravel/framework/src/Illuminate/Foundation/Console/Kernel.php(447): Illuminate\\Foundation\\Application->bootstrapWith(Array)
#12 /Users/juanpi/Documents/laravel/gotrip/vendor/laravel/framework/src/Illuminate/Foundation/Console/Kernel.php(199): Illuminate\\Foundation\\Console\\Kernel->bootstrap()
#13 Command line code(1): Illuminate\\Foundation\\Console\\Kernel->handle(Object(Symfony\\Component\\Console\\Input\\ArgvInput), Object(Symfony\\Component\\Console\\Output\\ConsoleOutput))
#14 {main}
"} 
[2024-06-07 14:08:13] production.ERROR: include(/Users/juanpi/Documents/laravel/gotrip/vendor/composer/../../themes/BC/ThemeProvider.php): Failed to open stream: No such file or directory {"exception":"[object] (ErrorException(code: 0): include(/Users/juanpi/Documents/laravel/gotrip/vendor/composer/../../themes/BC/ThemeProvider.php): Failed to open stream: No such file or directory at /Users/juanpi/Documents/laravel/gotrip/vendor/composer/ClassLoader.php:571)
[stacktrace]
#0 /Users/juanpi/Documents/laravel/gotrip/vendor/laravel/framework/src/Illuminate/Foundation/Bootstrap/HandleExceptions.php(255): Illuminate\\Foundation\\Bootstrap\\HandleExceptions->handleError(2, 'include(/Users/...', '/Users/juanpi/D...', 571)
#1 /Users/juanpi/Documents/laravel/gotrip/vendor/composer/ClassLoader.php(571): Illuminate\\Foundation\\Bootstrap\\HandleExceptions->Illuminate\\Foundation\\Bootstrap\\{closure}(2, 'include(/Users/...', '/Users/juanpi/D...', 571)
#2 /Users/juanpi/Documents/laravel/gotrip/vendor/composer/ClassLoader.php(571): include('/Users/juanpi/D...')
#3 /Users/juanpi/Documents/laravel/gotrip/vendor/composer/ClassLoader.php(428): Composer\\Autoload\\includeFile('/Users/juanpi/D...')
#4 [internal function]: Composer\\Autoload\\ClassLoader->loadClass('Themes\\\\BC\\\\Theme...')
#5 /Users/juanpi/Documents/laravel/gotrip/themes/ThemeServiceProvider.php(78): class_exists('\\\\Themes\\\\BC\\\\Them...')
#6 /Users/juanpi/Documents/laravel/gotrip/vendor/laravel/framework/src/Illuminate/Foundation/Application.php(788): Themes\\ThemeServiceProvider->register()
#7 /Users/juanpi/Documents/laravel/gotrip/vendor/laravel/framework/src/Illuminate/Foundation/ProviderRepository.php(75): Illuminate\\Foundation\\Application->register(Object(Themes\\ThemeServiceProvider))
#8 /Users/juanpi/Documents/laravel/gotrip/vendor/laravel/framework/src/Illuminate/Foundation/Application.php(765): Illuminate\\Foundation\\ProviderRepository->load(Array)
#9 /Users/juanpi/Documents/laravel/gotrip/vendor/laravel/framework/src/Illuminate/Foundation/Bootstrap/RegisterProviders.php(17): Illuminate\\Foundation\\Application->registerConfiguredProviders()
#10 /Users/juanpi/Documents/laravel/gotrip/vendor/laravel/framework/src/Illuminate/Foundation/Application.php(263): Illuminate\\Foundation\\Bootstrap\\RegisterProviders->bootstrap(Object(Illuminate\\Foundation\\Application))
#11 /Users/juanpi/Documents/laravel/gotrip/vendor/laravel/framework/src/Illuminate/Foundation/Console/Kernel.php(447): Illuminate\\Foundation\\Application->bootstrapWith(Array)
#12 /Users/juanpi/Documents/laravel/gotrip/vendor/laravel/framework/src/Illuminate/Foundation/Console/Kernel.php(199): Illuminate\\Foundation\\Console\\Kernel->bootstrap()
#13 Command line code(1): Illuminate\\Foundation\\Console\\Kernel->handle(Object(Symfony\\Component\\Console\\Input\\ArgvInput), Object(Symfony\\Component\\Console\\Output\\ConsoleOutput))
#14 {main}
"} 
[2024-06-07 15:09:09] production.ERROR: include(/Users/juanpi/Documents/laravel/gotrip/vendor/composer/../../themes/BC/ThemeProvider.php): Failed to open stream: No such file or directory {"exception":"[object] (ErrorException(code: 0): include(/Users/juanpi/Documents/laravel/gotrip/vendor/composer/../../themes/BC/ThemeProvider.php): Failed to open stream: No such file or directory at /Users/juanpi/Documents/laravel/gotrip/vendor/composer/ClassLoader.php:571)
[stacktrace]
#0 /Users/juanpi/Documents/laravel/gotrip/vendor/laravel/framework/src/Illuminate/Foundation/Bootstrap/HandleExceptions.php(255): Illuminate\\Foundation\\Bootstrap\\HandleExceptions->handleError(2, 'include(/Users/...', '/Users/juanpi/D...', 571)
#1 /Users/juanpi/Documents/laravel/gotrip/vendor/composer/ClassLoader.php(571): Illuminate\\Foundation\\Bootstrap\\HandleExceptions->Illuminate\\Foundation\\Bootstrap\\{closure}(2, 'include(/Users/...', '/Users/juanpi/D...', 571)
#2 /Users/juanpi/Documents/laravel/gotrip/vendor/composer/ClassLoader.php(571): include('/Users/juanpi/D...')
#3 /Users/juanpi/Documents/laravel/gotrip/vendor/composer/ClassLoader.php(428): Composer\\Autoload\\includeFile('/Users/juanpi/D...')
#4 [internal function]: Composer\\Autoload\\ClassLoader->loadClass('Themes\\\\BC\\\\Theme...')
#5 /Users/juanpi/Documents/laravel/gotrip/themes/ThemeServiceProvider.php(78): class_exists('\\\\Themes\\\\BC\\\\Them...')
#6 /Users/juanpi/Documents/laravel/gotrip/vendor/laravel/framework/src/Illuminate/Foundation/Application.php(788): Themes\\ThemeServiceProvider->register()
#7 /Users/juanpi/Documents/laravel/gotrip/vendor/laravel/framework/src/Illuminate/Foundation/ProviderRepository.php(75): Illuminate\\Foundation\\Application->register(Object(Themes\\ThemeServiceProvider))
#8 /Users/juanpi/Documents/laravel/gotrip/vendor/laravel/framework/src/Illuminate/Foundation/Application.php(765): Illuminate\\Foundation\\ProviderRepository->load(Array)
#9 /Users/juanpi/Documents/laravel/gotrip/vendor/laravel/framework/src/Illuminate/Foundation/Bootstrap/RegisterProviders.php(17): Illuminate\\Foundation\\Application->registerConfiguredProviders()
#10 /Users/juanpi/Documents/laravel/gotrip/vendor/laravel/framework/src/Illuminate/Foundation/Application.php(263): Illuminate\\Foundation\\Bootstrap\\RegisterProviders->bootstrap(Object(Illuminate\\Foundation\\Application))
#11 /Users/juanpi/Documents/laravel/gotrip/vendor/laravel/framework/src/Illuminate/Foundation/Console/Kernel.php(447): Illuminate\\Foundation\\Application->bootstrapWith(Array)
#12 /Users/juanpi/Documents/laravel/gotrip/vendor/laravel/framework/src/Illuminate/Foundation/Console/Kernel.php(199): Illuminate\\Foundation\\Console\\Kernel->bootstrap()
#13 Command line code(1): Illuminate\\Foundation\\Console\\Kernel->handle(Object(Symfony\\Component\\Console\\Input\\ArgvInput), Object(Symfony\\Component\\Console\\Output\\ConsoleOutput))
#14 {main}
"} 
[2024-06-07 16:10:08] production.ERROR: include(/Users/juanpi/Documents/laravel/gotrip/vendor/composer/../../themes/BC/ThemeProvider.php): Failed to open stream: No such file or directory {"exception":"[object] (ErrorException(code: 0): include(/Users/juanpi/Documents/laravel/gotrip/vendor/composer/../../themes/BC/ThemeProvider.php): Failed to open stream: No such file or directory at /Users/juanpi/Documents/laravel/gotrip/vendor/composer/ClassLoader.php:571)
[stacktrace]
#0 /Users/juanpi/Documents/laravel/gotrip/vendor/laravel/framework/src/Illuminate/Foundation/Bootstrap/HandleExceptions.php(255): Illuminate\\Foundation\\Bootstrap\\HandleExceptions->handleError(2, 'include(/Users/...', '/Users/juanpi/D...', 571)
#1 /Users/juanpi/Documents/laravel/gotrip/vendor/composer/ClassLoader.php(571): Illuminate\\Foundation\\Bootstrap\\HandleExceptions->Illuminate\\Foundation\\Bootstrap\\{closure}(2, 'include(/Users/...', '/Users/juanpi/D...', 571)
#2 /Users/juanpi/Documents/laravel/gotrip/vendor/composer/ClassLoader.php(571): include('/Users/juanpi/D...')
#3 /Users/juanpi/Documents/laravel/gotrip/vendor/composer/ClassLoader.php(428): Composer\\Autoload\\includeFile('/Users/juanpi/D...')
#4 [internal function]: Composer\\Autoload\\ClassLoader->loadClass('Themes\\\\BC\\\\Theme...')
#5 /Users/juanpi/Documents/laravel/gotrip/themes/ThemeServiceProvider.php(78): class_exists('\\\\Themes\\\\BC\\\\Them...')
#6 /Users/juanpi/Documents/laravel/gotrip/vendor/laravel/framework/src/Illuminate/Foundation/Application.php(788): Themes\\ThemeServiceProvider->register()
#7 /Users/juanpi/Documents/laravel/gotrip/vendor/laravel/framework/src/Illuminate/Foundation/ProviderRepository.php(75): Illuminate\\Foundation\\Application->register(Object(Themes\\ThemeServiceProvider))
#8 /Users/juanpi/Documents/laravel/gotrip/vendor/laravel/framework/src/Illuminate/Foundation/Application.php(765): Illuminate\\Foundation\\ProviderRepository->load(Array)
#9 /Users/juanpi/Documents/laravel/gotrip/vendor/laravel/framework/src/Illuminate/Foundation/Bootstrap/RegisterProviders.php(17): Illuminate\\Foundation\\Application->registerConfiguredProviders()
#10 /Users/juanpi/Documents/laravel/gotrip/vendor/laravel/framework/src/Illuminate/Foundation/Application.php(263): Illuminate\\Foundation\\Bootstrap\\RegisterProviders->bootstrap(Object(Illuminate\\Foundation\\Application))
#11 /Users/juanpi/Documents/laravel/gotrip/vendor/laravel/framework/src/Illuminate/Foundation/Console/Kernel.php(447): Illuminate\\Foundation\\Application->bootstrapWith(Array)
#12 /Users/juanpi/Documents/laravel/gotrip/vendor/laravel/framework/src/Illuminate/Foundation/Console/Kernel.php(199): Illuminate\\Foundation\\Console\\Kernel->bootstrap()
#13 Command line code(1): Illuminate\\Foundation\\Console\\Kernel->handle(Object(Symfony\\Component\\Console\\Input\\ArgvInput), Object(Symfony\\Component\\Console\\Output\\ConsoleOutput))
#14 {main}
"} 
[2024-06-07 18:12:22] production.ERROR: include(/Users/juanpi/Documents/laravel/gotrip/vendor/composer/../../themes/BC/ThemeProvider.php): Failed to open stream: No such file or directory {"exception":"[object] (ErrorException(code: 0): include(/Users/juanpi/Documents/laravel/gotrip/vendor/composer/../../themes/BC/ThemeProvider.php): Failed to open stream: No such file or directory at /Users/juanpi/Documents/laravel/gotrip/vendor/composer/ClassLoader.php:571)
[stacktrace]
#0 /Users/juanpi/Documents/laravel/gotrip/vendor/laravel/framework/src/Illuminate/Foundation/Bootstrap/HandleExceptions.php(255): Illuminate\\Foundation\\Bootstrap\\HandleExceptions->handleError(2, 'include(/Users/...', '/Users/juanpi/D...', 571)
#1 /Users/juanpi/Documents/laravel/gotrip/vendor/composer/ClassLoader.php(571): Illuminate\\Foundation\\Bootstrap\\HandleExceptions->Illuminate\\Foundation\\Bootstrap\\{closure}(2, 'include(/Users/...', '/Users/juanpi/D...', 571)
#2 /Users/juanpi/Documents/laravel/gotrip/vendor/composer/ClassLoader.php(571): include('/Users/juanpi/D...')
#3 /Users/juanpi/Documents/laravel/gotrip/vendor/composer/ClassLoader.php(428): Composer\\Autoload\\includeFile('/Users/juanpi/D...')
#4 [internal function]: Composer\\Autoload\\ClassLoader->loadClass('Themes\\\\BC\\\\Theme...')
#5 /Users/juanpi/Documents/laravel/gotrip/themes/ThemeServiceProvider.php(78): class_exists('\\\\Themes\\\\BC\\\\Them...')
#6 /Users/juanpi/Documents/laravel/gotrip/vendor/laravel/framework/src/Illuminate/Foundation/Application.php(788): Themes\\ThemeServiceProvider->register()
#7 /Users/juanpi/Documents/laravel/gotrip/vendor/laravel/framework/src/Illuminate/Foundation/ProviderRepository.php(75): Illuminate\\Foundation\\Application->register(Object(Themes\\ThemeServiceProvider))
#8 /Users/juanpi/Documents/laravel/gotrip/vendor/laravel/framework/src/Illuminate/Foundation/Application.php(765): Illuminate\\Foundation\\ProviderRepository->load(Array)
#9 /Users/juanpi/Documents/laravel/gotrip/vendor/laravel/framework/src/Illuminate/Foundation/Bootstrap/RegisterProviders.php(17): Illuminate\\Foundation\\Application->registerConfiguredProviders()
#10 /Users/juanpi/Documents/laravel/gotrip/vendor/laravel/framework/src/Illuminate/Foundation/Application.php(263): Illuminate\\Foundation\\Bootstrap\\RegisterProviders->bootstrap(Object(Illuminate\\Foundation\\Application))
#11 /Users/juanpi/Documents/laravel/gotrip/vendor/laravel/framework/src/Illuminate/Foundation/Console/Kernel.php(447): Illuminate\\Foundation\\Application->bootstrapWith(Array)
#12 /Users/juanpi/Documents/laravel/gotrip/vendor/laravel/framework/src/Illuminate/Foundation/Console/Kernel.php(199): Illuminate\\Foundation\\Console\\Kernel->bootstrap()
#13 Command line code(1): Illuminate\\Foundation\\Console\\Kernel->handle(Object(Symfony\\Component\\Console\\Input\\ArgvInput), Object(Symfony\\Component\\Console\\Output\\ConsoleOutput))
#14 {main}
"} 
[2024-06-07 19:13:49] production.ERROR: include(/Users/juanpi/Documents/laravel/gotrip/vendor/composer/../../themes/BC/ThemeProvider.php): Failed to open stream: No such file or directory {"exception":"[object] (ErrorException(code: 0): include(/Users/juanpi/Documents/laravel/gotrip/vendor/composer/../../themes/BC/ThemeProvider.php): Failed to open stream: No such file or directory at /Users/juanpi/Documents/laravel/gotrip/vendor/composer/ClassLoader.php:571)
[stacktrace]
#0 /Users/juanpi/Documents/laravel/gotrip/vendor/laravel/framework/src/Illuminate/Foundation/Bootstrap/HandleExceptions.php(255): Illuminate\\Foundation\\Bootstrap\\HandleExceptions->handleError(2, 'include(/Users/...', '/Users/juanpi/D...', 571)
#1 /Users/juanpi/Documents/laravel/gotrip/vendor/composer/ClassLoader.php(571): Illuminate\\Foundation\\Bootstrap\\HandleExceptions->Illuminate\\Foundation\\Bootstrap\\{closure}(2, 'include(/Users/...', '/Users/juanpi/D...', 571)
#2 /Users/juanpi/Documents/laravel/gotrip/vendor/composer/ClassLoader.php(571): include('/Users/juanpi/D...')
#3 /Users/juanpi/Documents/laravel/gotrip/vendor/composer/ClassLoader.php(428): Composer\\Autoload\\includeFile('/Users/juanpi/D...')
#4 [internal function]: Composer\\Autoload\\ClassLoader->loadClass('Themes\\\\BC\\\\Theme...')
#5 /Users/juanpi/Documents/laravel/gotrip/themes/ThemeServiceProvider.php(78): class_exists('\\\\Themes\\\\BC\\\\Them...')
#6 /Users/juanpi/Documents/laravel/gotrip/vendor/laravel/framework/src/Illuminate/Foundation/Application.php(788): Themes\\ThemeServiceProvider->register()
#7 /Users/juanpi/Documents/laravel/gotrip/vendor/laravel/framework/src/Illuminate/Foundation/ProviderRepository.php(75): Illuminate\\Foundation\\Application->register(Object(Themes\\ThemeServiceProvider))
#8 /Users/juanpi/Documents/laravel/gotrip/vendor/laravel/framework/src/Illuminate/Foundation/Application.php(765): Illuminate\\Foundation\\ProviderRepository->load(Array)
#9 /Users/juanpi/Documents/laravel/gotrip/vendor/laravel/framework/src/Illuminate/Foundation/Bootstrap/RegisterProviders.php(17): Illuminate\\Foundation\\Application->registerConfiguredProviders()
#10 /Users/juanpi/Documents/laravel/gotrip/vendor/laravel/framework/src/Illuminate/Foundation/Application.php(263): Illuminate\\Foundation\\Bootstrap\\RegisterProviders->bootstrap(Object(Illuminate\\Foundation\\Application))
#11 /Users/juanpi/Documents/laravel/gotrip/vendor/laravel/framework/src/Illuminate/Foundation/Console/Kernel.php(447): Illuminate\\Foundation\\Application->bootstrapWith(Array)
#12 /Users/juanpi/Documents/laravel/gotrip/vendor/laravel/framework/src/Illuminate/Foundation/Console/Kernel.php(199): Illuminate\\Foundation\\Console\\Kernel->bootstrap()
#13 Command line code(1): Illuminate\\Foundation\\Console\\Kernel->handle(Object(Symfony\\Component\\Console\\Input\\ArgvInput), Object(Symfony\\Component\\Console\\Output\\ConsoleOutput))
#14 {main}
"} 
[2024-06-07 20:14:46] production.ERROR: include(/Users/juanpi/Documents/laravel/gotrip/vendor/composer/../../themes/BC/ThemeProvider.php): Failed to open stream: No such file or directory {"exception":"[object] (ErrorException(code: 0): include(/Users/juanpi/Documents/laravel/gotrip/vendor/composer/../../themes/BC/ThemeProvider.php): Failed to open stream: No such file or directory at /Users/juanpi/Documents/laravel/gotrip/vendor/composer/ClassLoader.php:571)
[stacktrace]
#0 /Users/juanpi/Documents/laravel/gotrip/vendor/laravel/framework/src/Illuminate/Foundation/Bootstrap/HandleExceptions.php(255): Illuminate\\Foundation\\Bootstrap\\HandleExceptions->handleError(2, 'include(/Users/...', '/Users/juanpi/D...', 571)
#1 /Users/juanpi/Documents/laravel/gotrip/vendor/composer/ClassLoader.php(571): Illuminate\\Foundation\\Bootstrap\\HandleExceptions->Illuminate\\Foundation\\Bootstrap\\{closure}(2, 'include(/Users/...', '/Users/juanpi/D...', 571)
#2 /Users/juanpi/Documents/laravel/gotrip/vendor/composer/ClassLoader.php(571): include('/Users/juanpi/D...')
#3 /Users/juanpi/Documents/laravel/gotrip/vendor/composer/ClassLoader.php(428): Composer\\Autoload\\includeFile('/Users/juanpi/D...')
#4 [internal function]: Composer\\Autoload\\ClassLoader->loadClass('Themes\\\\BC\\\\Theme...')
#5 /Users/juanpi/Documents/laravel/gotrip/themes/ThemeServiceProvider.php(78): class_exists('\\\\Themes\\\\BC\\\\Them...')
#6 /Users/juanpi/Documents/laravel/gotrip/vendor/laravel/framework/src/Illuminate/Foundation/Application.php(788): Themes\\ThemeServiceProvider->register()
#7 /Users/juanpi/Documents/laravel/gotrip/vendor/laravel/framework/src/Illuminate/Foundation/ProviderRepository.php(75): Illuminate\\Foundation\\Application->register(Object(Themes\\ThemeServiceProvider))
#8 /Users/juanpi/Documents/laravel/gotrip/vendor/laravel/framework/src/Illuminate/Foundation/Application.php(765): Illuminate\\Foundation\\ProviderRepository->load(Array)
#9 /Users/juanpi/Documents/laravel/gotrip/vendor/laravel/framework/src/Illuminate/Foundation/Bootstrap/RegisterProviders.php(17): Illuminate\\Foundation\\Application->registerConfiguredProviders()
#10 /Users/juanpi/Documents/laravel/gotrip/vendor/laravel/framework/src/Illuminate/Foundation/Application.php(263): Illuminate\\Foundation\\Bootstrap\\RegisterProviders->bootstrap(Object(Illuminate\\Foundation\\Application))
#11 /Users/juanpi/Documents/laravel/gotrip/vendor/laravel/framework/src/Illuminate/Foundation/Console/Kernel.php(447): Illuminate\\Foundation\\Application->bootstrapWith(Array)
#12 /Users/juanpi/Documents/laravel/gotrip/vendor/laravel/framework/src/Illuminate/Foundation/Console/Kernel.php(199): Illuminate\\Foundation\\Console\\Kernel->bootstrap()
#13 Command line code(1): Illuminate\\Foundation\\Console\\Kernel->handle(Object(Symfony\\Component\\Console\\Input\\ArgvInput), Object(Symfony\\Component\\Console\\Output\\ConsoleOutput))
#14 {main}
"} 
[2024-06-07 21:15:42] production.ERROR: include(/Users/juanpi/Documents/laravel/gotrip/vendor/composer/../../themes/BC/ThemeProvider.php): Failed to open stream: No such file or directory {"exception":"[object] (ErrorException(code: 0): include(/Users/juanpi/Documents/laravel/gotrip/vendor/composer/../../themes/BC/ThemeProvider.php): Failed to open stream: No such file or directory at /Users/juanpi/Documents/laravel/gotrip/vendor/composer/ClassLoader.php:571)
[stacktrace]
#0 /Users/juanpi/Documents/laravel/gotrip/vendor/laravel/framework/src/Illuminate/Foundation/Bootstrap/HandleExceptions.php(255): Illuminate\\Foundation\\Bootstrap\\HandleExceptions->handleError(2, 'include(/Users/...', '/Users/juanpi/D...', 571)
#1 /Users/juanpi/Documents/laravel/gotrip/vendor/composer/ClassLoader.php(571): Illuminate\\Foundation\\Bootstrap\\HandleExceptions->Illuminate\\Foundation\\Bootstrap\\{closure}(2, 'include(/Users/...', '/Users/juanpi/D...', 571)
#2 /Users/juanpi/Documents/laravel/gotrip/vendor/composer/ClassLoader.php(571): include('/Users/juanpi/D...')
#3 /Users/juanpi/Documents/laravel/gotrip/vendor/composer/ClassLoader.php(428): Composer\\Autoload\\includeFile('/Users/juanpi/D...')
#4 [internal function]: Composer\\Autoload\\ClassLoader->loadClass('Themes\\\\BC\\\\Theme...')
#5 /Users/juanpi/Documents/laravel/gotrip/themes/ThemeServiceProvider.php(78): class_exists('\\\\Themes\\\\BC\\\\Them...')
#6 /Users/juanpi/Documents/laravel/gotrip/vendor/laravel/framework/src/Illuminate/Foundation/Application.php(788): Themes\\ThemeServiceProvider->register()
#7 /Users/juanpi/Documents/laravel/gotrip/vendor/laravel/framework/src/Illuminate/Foundation/ProviderRepository.php(75): Illuminate\\Foundation\\Application->register(Object(Themes\\ThemeServiceProvider))
#8 /Users/juanpi/Documents/laravel/gotrip/vendor/laravel/framework/src/Illuminate/Foundation/Application.php(765): Illuminate\\Foundation\\ProviderRepository->load(Array)
#9 /Users/juanpi/Documents/laravel/gotrip/vendor/laravel/framework/src/Illuminate/Foundation/Bootstrap/RegisterProviders.php(17): Illuminate\\Foundation\\Application->registerConfiguredProviders()
#10 /Users/juanpi/Documents/laravel/gotrip/vendor/laravel/framework/src/Illuminate/Foundation/Application.php(263): Illuminate\\Foundation\\Bootstrap\\RegisterProviders->bootstrap(Object(Illuminate\\Foundation\\Application))
#11 /Users/juanpi/Documents/laravel/gotrip/vendor/laravel/framework/src/Illuminate/Foundation/Console/Kernel.php(447): Illuminate\\Foundation\\Application->bootstrapWith(Array)
#12 /Users/juanpi/Documents/laravel/gotrip/vendor/laravel/framework/src/Illuminate/Foundation/Console/Kernel.php(199): Illuminate\\Foundation\\Console\\Kernel->bootstrap()
#13 Command line code(1): Illuminate\\Foundation\\Console\\Kernel->handle(Object(Symfony\\Component\\Console\\Input\\ArgvInput), Object(Symfony\\Component\\Console\\Output\\ConsoleOutput))
#14 {main}
"} 
[2024-06-07 22:17:04] production.ERROR: include(/Users/juanpi/Documents/laravel/gotrip/vendor/composer/../../themes/BC/ThemeProvider.php): Failed to open stream: No such file or directory {"exception":"[object] (ErrorException(code: 0): include(/Users/juanpi/Documents/laravel/gotrip/vendor/composer/../../themes/BC/ThemeProvider.php): Failed to open stream: No such file or directory at /Users/juanpi/Documents/laravel/gotrip/vendor/composer/ClassLoader.php:571)
[stacktrace]
#0 /Users/juanpi/Documents/laravel/gotrip/vendor/laravel/framework/src/Illuminate/Foundation/Bootstrap/HandleExceptions.php(255): Illuminate\\Foundation\\Bootstrap\\HandleExceptions->handleError(2, 'include(/Users/...', '/Users/juanpi/D...', 571)
#1 /Users/juanpi/Documents/laravel/gotrip/vendor/composer/ClassLoader.php(571): Illuminate\\Foundation\\Bootstrap\\HandleExceptions->Illuminate\\Foundation\\Bootstrap\\{closure}(2, 'include(/Users/...', '/Users/juanpi/D...', 571)
#2 /Users/juanpi/Documents/laravel/gotrip/vendor/composer/ClassLoader.php(571): include('/Users/juanpi/D...')
#3 /Users/juanpi/Documents/laravel/gotrip/vendor/composer/ClassLoader.php(428): Composer\\Autoload\\includeFile('/Users/juanpi/D...')
#4 [internal function]: Composer\\Autoload\\ClassLoader->loadClass('Themes\\\\BC\\\\Theme...')
#5 /Users/juanpi/Documents/laravel/gotrip/themes/ThemeServiceProvider.php(78): class_exists('\\\\Themes\\\\BC\\\\Them...')
#6 /Users/juanpi/Documents/laravel/gotrip/vendor/laravel/framework/src/Illuminate/Foundation/Application.php(788): Themes\\ThemeServiceProvider->register()
#7 /Users/juanpi/Documents/laravel/gotrip/vendor/laravel/framework/src/Illuminate/Foundation/ProviderRepository.php(75): Illuminate\\Foundation\\Application->register(Object(Themes\\ThemeServiceProvider))
#8 /Users/juanpi/Documents/laravel/gotrip/vendor/laravel/framework/src/Illuminate/Foundation/Application.php(765): Illuminate\\Foundation\\ProviderRepository->load(Array)
#9 /Users/juanpi/Documents/laravel/gotrip/vendor/laravel/framework/src/Illuminate/Foundation/Bootstrap/RegisterProviders.php(17): Illuminate\\Foundation\\Application->registerConfiguredProviders()
#10 /Users/juanpi/Documents/laravel/gotrip/vendor/laravel/framework/src/Illuminate/Foundation/Application.php(263): Illuminate\\Foundation\\Bootstrap\\RegisterProviders->bootstrap(Object(Illuminate\\Foundation\\Application))
#11 /Users/juanpi/Documents/laravel/gotrip/vendor/laravel/framework/src/Illuminate/Foundation/Console/Kernel.php(447): Illuminate\\Foundation\\Application->bootstrapWith(Array)
#12 /Users/juanpi/Documents/laravel/gotrip/vendor/laravel/framework/src/Illuminate/Foundation/Console/Kernel.php(199): Illuminate\\Foundation\\Console\\Kernel->bootstrap()
#13 Command line code(1): Illuminate\\Foundation\\Console\\Kernel->handle(Object(Symfony\\Component\\Console\\Input\\ArgvInput), Object(Symfony\\Component\\Console\\Output\\ConsoleOutput))
#14 {main}
"} 
[2024-06-07 23:17:56] production.ERROR: include(/Users/juanpi/Documents/laravel/gotrip/vendor/composer/../../themes/BC/ThemeProvider.php): Failed to open stream: No such file or directory {"exception":"[object] (ErrorException(code: 0): include(/Users/juanpi/Documents/laravel/gotrip/vendor/composer/../../themes/BC/ThemeProvider.php): Failed to open stream: No such file or directory at /Users/juanpi/Documents/laravel/gotrip/vendor/composer/ClassLoader.php:571)
[stacktrace]
#0 /Users/juanpi/Documents/laravel/gotrip/vendor/laravel/framework/src/Illuminate/Foundation/Bootstrap/HandleExceptions.php(255): Illuminate\\Foundation\\Bootstrap\\HandleExceptions->handleError(2, 'include(/Users/...', '/Users/juanpi/D...', 571)
#1 /Users/juanpi/Documents/laravel/gotrip/vendor/composer/ClassLoader.php(571): Illuminate\\Foundation\\Bootstrap\\HandleExceptions->Illuminate\\Foundation\\Bootstrap\\{closure}(2, 'include(/Users/...', '/Users/juanpi/D...', 571)
#2 /Users/juanpi/Documents/laravel/gotrip/vendor/composer/ClassLoader.php(571): include('/Users/juanpi/D...')
#3 /Users/juanpi/Documents/laravel/gotrip/vendor/composer/ClassLoader.php(428): Composer\\Autoload\\includeFile('/Users/juanpi/D...')
#4 [internal function]: Composer\\Autoload\\ClassLoader->loadClass('Themes\\\\BC\\\\Theme...')
#5 /Users/juanpi/Documents/laravel/gotrip/themes/ThemeServiceProvider.php(78): class_exists('\\\\Themes\\\\BC\\\\Them...')
#6 /Users/juanpi/Documents/laravel/gotrip/vendor/laravel/framework/src/Illuminate/Foundation/Application.php(788): Themes\\ThemeServiceProvider->register()
#7 /Users/juanpi/Documents/laravel/gotrip/vendor/laravel/framework/src/Illuminate/Foundation/ProviderRepository.php(75): Illuminate\\Foundation\\Application->register(Object(Themes\\ThemeServiceProvider))
#8 /Users/juanpi/Documents/laravel/gotrip/vendor/laravel/framework/src/Illuminate/Foundation/Application.php(765): Illuminate\\Foundation\\ProviderRepository->load(Array)
#9 /Users/juanpi/Documents/laravel/gotrip/vendor/laravel/framework/src/Illuminate/Foundation/Bootstrap/RegisterProviders.php(17): Illuminate\\Foundation\\Application->registerConfiguredProviders()
#10 /Users/juanpi/Documents/laravel/gotrip/vendor/laravel/framework/src/Illuminate/Foundation/Application.php(263): Illuminate\\Foundation\\Bootstrap\\RegisterProviders->bootstrap(Object(Illuminate\\Foundation\\Application))
#11 /Users/juanpi/Documents/laravel/gotrip/vendor/laravel/framework/src/Illuminate/Foundation/Console/Kernel.php(447): Illuminate\\Foundation\\Application->bootstrapWith(Array)
#12 /Users/juanpi/Documents/laravel/gotrip/vendor/laravel/framework/src/Illuminate/Foundation/Console/Kernel.php(199): Illuminate\\Foundation\\Console\\Kernel->bootstrap()
#13 Command line code(1): Illuminate\\Foundation\\Console\\Kernel->handle(Object(Symfony\\Component\\Console\\Input\\ArgvInput), Object(Symfony\\Component\\Console\\Output\\ConsoleOutput))
#14 {main}
"} 
