[2024-06-06 00:54:34] production.ERROR: include(/Users/juanpi/Documents/laravel/gotrip/vendor/composer/../../themes/BC/ThemeProvider.php): Failed to open stream: No such file or directory {"exception":"[object] (ErrorException(code: 0): include(/Users/juanpi/Documents/laravel/gotrip/vendor/composer/../../themes/BC/ThemeProvider.php): Failed to open stream: No such file or directory at /Users/juanpi/Documents/laravel/gotrip/vendor/composer/ClassLoader.php:571)
[stacktrace]
#0 /Users/juanpi/Documents/laravel/gotrip/vendor/laravel/framework/src/Illuminate/Foundation/Bootstrap/HandleExceptions.php(255): Illuminate\\Foundation\\Bootstrap\\HandleExceptions->handleError(2, 'include(/Users/...', '/Users/juanpi/D...', 571)
#1 /Users/juanpi/Documents/laravel/gotrip/vendor/composer/ClassLoader.php(571): Illuminate\\Foundation\\Bootstrap\\HandleExceptions->Illuminate\\Foundation\\Bootstrap\\{closure}(2, 'include(/Users/...', '/Users/juanpi/D...', 571)
#2 /Users/juanpi/Documents/laravel/gotrip/vendor/composer/ClassLoader.php(571): include('/Users/juanpi/D...')
#3 /Users/juanpi/Documents/laravel/gotrip/vendor/composer/ClassLoader.php(428): Composer\\Autoload\\includeFile('/Users/juanpi/D...')
#4 [internal function]: Composer\\Autoload\\ClassLoader->loadClass('Themes\\\\BC\\\\Theme...')
#5 /Users/juanpi/Documents/laravel/gotrip/themes/ThemeServiceProvider.php(78): class_exists('\\\\Themes\\\\BC\\\\Them...')
#6 /Users/juanpi/Documents/laravel/gotrip/vendor/laravel/framework/src/Illuminate/Foundation/Application.php(788): Themes\\ThemeServiceProvider->register()
#7 /Users/juanpi/Documents/laravel/gotrip/vendor/laravel/framework/src/Illuminate/Foundation/ProviderRepository.php(75): Illuminate\\Foundation\\Application->register(Object(Themes\\ThemeServiceProvider))
#8 /Users/juanpi/Documents/laravel/gotrip/vendor/laravel/framework/src/Illuminate/Foundation/Application.php(765): Illuminate\\Foundation\\ProviderRepository->load(Array)
#9 /Users/juanpi/Documents/laravel/gotrip/vendor/laravel/framework/src/Illuminate/Foundation/Bootstrap/RegisterProviders.php(17): Illuminate\\Foundation\\Application->registerConfiguredProviders()
#10 /Users/juanpi/Documents/laravel/gotrip/vendor/laravel/framework/src/Illuminate/Foundation/Application.php(263): Illuminate\\Foundation\\Bootstrap\\RegisterProviders->bootstrap(Object(Illuminate\\Foundation\\Application))
#11 /Users/juanpi/Documents/laravel/gotrip/vendor/laravel/framework/src/Illuminate/Foundation/Console/Kernel.php(447): Illuminate\\Foundation\\Application->bootstrapWith(Array)
#12 /Users/juanpi/Documents/laravel/gotrip/vendor/laravel/framework/src/Illuminate/Foundation/Console/Kernel.php(199): Illuminate\\Foundation\\Console\\Kernel->bootstrap()
#13 Command line code(1): Illuminate\\Foundation\\Console\\Kernel->handle(Object(Symfony\\Component\\Console\\Input\\ArgvInput), Object(Symfony\\Component\\Console\\Output\\ConsoleOutput))
#14 {main}
"} 
[2024-06-06 02:36:32] production.ERROR: include(/Users/juanpi/Documents/laravel/gotrip/vendor/composer/../../themes/BC/ThemeProvider.php): Failed to open stream: No such file or directory {"exception":"[object] (ErrorException(code: 0): include(/Users/juanpi/Documents/laravel/gotrip/vendor/composer/../../themes/BC/ThemeProvider.php): Failed to open stream: No such file or directory at /Users/juanpi/Documents/laravel/gotrip/vendor/composer/ClassLoader.php:571)
[stacktrace]
#0 /Users/juanpi/Documents/laravel/gotrip/vendor/laravel/framework/src/Illuminate/Foundation/Bootstrap/HandleExceptions.php(255): Illuminate\\Foundation\\Bootstrap\\HandleExceptions->handleError(2, 'include(/Users/...', '/Users/juanpi/D...', 571)
#1 /Users/juanpi/Documents/laravel/gotrip/vendor/composer/ClassLoader.php(571): Illuminate\\Foundation\\Bootstrap\\HandleExceptions->Illuminate\\Foundation\\Bootstrap\\{closure}(2, 'include(/Users/...', '/Users/juanpi/D...', 571)
#2 /Users/juanpi/Documents/laravel/gotrip/vendor/composer/ClassLoader.php(571): include('/Users/juanpi/D...')
#3 /Users/juanpi/Documents/laravel/gotrip/vendor/composer/ClassLoader.php(428): Composer\\Autoload\\includeFile('/Users/juanpi/D...')
#4 [internal function]: Composer\\Autoload\\ClassLoader->loadClass('Themes\\\\BC\\\\Theme...')
#5 /Users/juanpi/Documents/laravel/gotrip/themes/ThemeServiceProvider.php(78): class_exists('\\\\Themes\\\\BC\\\\Them...')
#6 /Users/juanpi/Documents/laravel/gotrip/vendor/laravel/framework/src/Illuminate/Foundation/Application.php(788): Themes\\ThemeServiceProvider->register()
#7 /Users/juanpi/Documents/laravel/gotrip/vendor/laravel/framework/src/Illuminate/Foundation/ProviderRepository.php(75): Illuminate\\Foundation\\Application->register(Object(Themes\\ThemeServiceProvider))
#8 /Users/juanpi/Documents/laravel/gotrip/vendor/laravel/framework/src/Illuminate/Foundation/Application.php(765): Illuminate\\Foundation\\ProviderRepository->load(Array)
#9 /Users/juanpi/Documents/laravel/gotrip/vendor/laravel/framework/src/Illuminate/Foundation/Bootstrap/RegisterProviders.php(17): Illuminate\\Foundation\\Application->registerConfiguredProviders()
#10 /Users/juanpi/Documents/laravel/gotrip/vendor/laravel/framework/src/Illuminate/Foundation/Application.php(263): Illuminate\\Foundation\\Bootstrap\\RegisterProviders->bootstrap(Object(Illuminate\\Foundation\\Application))
#11 /Users/juanpi/Documents/laravel/gotrip/vendor/laravel/framework/src/Illuminate/Foundation/Console/Kernel.php(447): Illuminate\\Foundation\\Application->bootstrapWith(Array)
#12 /Users/juanpi/Documents/laravel/gotrip/vendor/laravel/framework/src/Illuminate/Foundation/Console/Kernel.php(199): Illuminate\\Foundation\\Console\\Kernel->bootstrap()
#13 Command line code(1): Illuminate\\Foundation\\Console\\Kernel->handle(Object(Symfony\\Component\\Console\\Input\\ArgvInput), Object(Symfony\\Component\\Console\\Output\\ConsoleOutput))
#14 {main}
"} 
[2024-06-06 02:46:39] production.ERROR: include(/Users/juanpi/Documents/laravel/gotrip/vendor/composer/../../themes/BC/ThemeProvider.php): Failed to open stream: No such file or directory {"exception":"[object] (ErrorException(code: 0): include(/Users/juanpi/Documents/laravel/gotrip/vendor/composer/../../themes/BC/ThemeProvider.php): Failed to open stream: No such file or directory at /Users/juanpi/Documents/laravel/gotrip/vendor/composer/ClassLoader.php:571)
[stacktrace]
#0 /Users/juanpi/Documents/laravel/gotrip/vendor/laravel/framework/src/Illuminate/Foundation/Bootstrap/HandleExceptions.php(255): Illuminate\\Foundation\\Bootstrap\\HandleExceptions->handleError(2, 'include(/Users/...', '/Users/juanpi/D...', 571)
#1 /Users/juanpi/Documents/laravel/gotrip/vendor/composer/ClassLoader.php(571): Illuminate\\Foundation\\Bootstrap\\HandleExceptions->Illuminate\\Foundation\\Bootstrap\\{closure}(2, 'include(/Users/...', '/Users/juanpi/D...', 571)
#2 /Users/juanpi/Documents/laravel/gotrip/vendor/composer/ClassLoader.php(571): include('/Users/juanpi/D...')
#3 /Users/juanpi/Documents/laravel/gotrip/vendor/composer/ClassLoader.php(428): Composer\\Autoload\\includeFile('/Users/juanpi/D...')
#4 [internal function]: Composer\\Autoload\\ClassLoader->loadClass('Themes\\\\BC\\\\Theme...')
#5 /Users/juanpi/Documents/laravel/gotrip/themes/ThemeServiceProvider.php(78): class_exists('\\\\Themes\\\\BC\\\\Them...')
#6 /Users/juanpi/Documents/laravel/gotrip/vendor/laravel/framework/src/Illuminate/Foundation/Application.php(788): Themes\\ThemeServiceProvider->register()
#7 /Users/juanpi/Documents/laravel/gotrip/vendor/laravel/framework/src/Illuminate/Foundation/ProviderRepository.php(75): Illuminate\\Foundation\\Application->register(Object(Themes\\ThemeServiceProvider))
#8 /Users/juanpi/Documents/laravel/gotrip/vendor/laravel/framework/src/Illuminate/Foundation/Application.php(765): Illuminate\\Foundation\\ProviderRepository->load(Array)
#9 /Users/juanpi/Documents/laravel/gotrip/vendor/laravel/framework/src/Illuminate/Foundation/Bootstrap/RegisterProviders.php(17): Illuminate\\Foundation\\Application->registerConfiguredProviders()
#10 /Users/juanpi/Documents/laravel/gotrip/vendor/laravel/framework/src/Illuminate/Foundation/Application.php(263): Illuminate\\Foundation\\Bootstrap\\RegisterProviders->bootstrap(Object(Illuminate\\Foundation\\Application))
#11 /Users/juanpi/Documents/laravel/gotrip/vendor/laravel/framework/src/Illuminate/Foundation/Console/Kernel.php(447): Illuminate\\Foundation\\Application->bootstrapWith(Array)
#12 /Users/juanpi/Documents/laravel/gotrip/vendor/laravel/framework/src/Illuminate/Foundation/Console/Kernel.php(199): Illuminate\\Foundation\\Console\\Kernel->bootstrap()
#13 Command line code(1): Illuminate\\Foundation\\Console\\Kernel->handle(Object(Symfony\\Component\\Console\\Input\\ArgvInput), Object(Symfony\\Component\\Console\\Output\\ConsoleOutput))
#14 {main}
"} 
[2024-06-06 04:03:22] production.ERROR: include(/Users/juanpi/Documents/laravel/gotrip/vendor/composer/../../themes/BC/ThemeProvider.php): Failed to open stream: No such file or directory {"exception":"[object] (ErrorException(code: 0): include(/Users/juanpi/Documents/laravel/gotrip/vendor/composer/../../themes/BC/ThemeProvider.php): Failed to open stream: No such file or directory at /Users/juanpi/Documents/laravel/gotrip/vendor/composer/ClassLoader.php:571)
[stacktrace]
#0 /Users/juanpi/Documents/laravel/gotrip/vendor/laravel/framework/src/Illuminate/Foundation/Bootstrap/HandleExceptions.php(255): Illuminate\\Foundation\\Bootstrap\\HandleExceptions->handleError(2, 'include(/Users/...', '/Users/juanpi/D...', 571)
#1 /Users/juanpi/Documents/laravel/gotrip/vendor/composer/ClassLoader.php(571): Illuminate\\Foundation\\Bootstrap\\HandleExceptions->Illuminate\\Foundation\\Bootstrap\\{closure}(2, 'include(/Users/...', '/Users/juanpi/D...', 571)
#2 /Users/juanpi/Documents/laravel/gotrip/vendor/composer/ClassLoader.php(571): include('/Users/juanpi/D...')
#3 /Users/juanpi/Documents/laravel/gotrip/vendor/composer/ClassLoader.php(428): Composer\\Autoload\\includeFile('/Users/juanpi/D...')
#4 [internal function]: Composer\\Autoload\\ClassLoader->loadClass('Themes\\\\BC\\\\Theme...')
#5 /Users/juanpi/Documents/laravel/gotrip/themes/ThemeServiceProvider.php(78): class_exists('\\\\Themes\\\\BC\\\\Them...')
#6 /Users/juanpi/Documents/laravel/gotrip/vendor/laravel/framework/src/Illuminate/Foundation/Application.php(788): Themes\\ThemeServiceProvider->register()
#7 /Users/juanpi/Documents/laravel/gotrip/vendor/laravel/framework/src/Illuminate/Foundation/ProviderRepository.php(75): Illuminate\\Foundation\\Application->register(Object(Themes\\ThemeServiceProvider))
#8 /Users/juanpi/Documents/laravel/gotrip/vendor/laravel/framework/src/Illuminate/Foundation/Application.php(765): Illuminate\\Foundation\\ProviderRepository->load(Array)
#9 /Users/juanpi/Documents/laravel/gotrip/vendor/laravel/framework/src/Illuminate/Foundation/Bootstrap/RegisterProviders.php(17): Illuminate\\Foundation\\Application->registerConfiguredProviders()
#10 /Users/juanpi/Documents/laravel/gotrip/vendor/laravel/framework/src/Illuminate/Foundation/Application.php(263): Illuminate\\Foundation\\Bootstrap\\RegisterProviders->bootstrap(Object(Illuminate\\Foundation\\Application))
#11 /Users/juanpi/Documents/laravel/gotrip/vendor/laravel/framework/src/Illuminate/Foundation/Console/Kernel.php(447): Illuminate\\Foundation\\Application->bootstrapWith(Array)
#12 /Users/juanpi/Documents/laravel/gotrip/vendor/laravel/framework/src/Illuminate/Foundation/Console/Kernel.php(199): Illuminate\\Foundation\\Console\\Kernel->bootstrap()
#13 Command line code(1): Illuminate\\Foundation\\Console\\Kernel->handle(Object(Symfony\\Component\\Console\\Input\\ArgvInput), Object(Symfony\\Component\\Console\\Output\\ConsoleOutput))
#14 {main}
"} 
[2024-06-06 05:42:49] production.ERROR: include(/Users/juanpi/Documents/laravel/gotrip/vendor/composer/../../themes/BC/ThemeProvider.php): Failed to open stream: No such file or directory {"exception":"[object] (ErrorException(code: 0): include(/Users/juanpi/Documents/laravel/gotrip/vendor/composer/../../themes/BC/ThemeProvider.php): Failed to open stream: No such file or directory at /Users/juanpi/Documents/laravel/gotrip/vendor/composer/ClassLoader.php:571)
[stacktrace]
#0 /Users/juanpi/Documents/laravel/gotrip/vendor/laravel/framework/src/Illuminate/Foundation/Bootstrap/HandleExceptions.php(255): Illuminate\\Foundation\\Bootstrap\\HandleExceptions->handleError(2, 'include(/Users/...', '/Users/juanpi/D...', 571)
#1 /Users/juanpi/Documents/laravel/gotrip/vendor/composer/ClassLoader.php(571): Illuminate\\Foundation\\Bootstrap\\HandleExceptions->Illuminate\\Foundation\\Bootstrap\\{closure}(2, 'include(/Users/...', '/Users/juanpi/D...', 571)
#2 /Users/juanpi/Documents/laravel/gotrip/vendor/composer/ClassLoader.php(571): include('/Users/juanpi/D...')
#3 /Users/juanpi/Documents/laravel/gotrip/vendor/composer/ClassLoader.php(428): Composer\\Autoload\\includeFile('/Users/juanpi/D...')
#4 [internal function]: Composer\\Autoload\\ClassLoader->loadClass('Themes\\\\BC\\\\Theme...')
#5 /Users/juanpi/Documents/laravel/gotrip/themes/ThemeServiceProvider.php(78): class_exists('\\\\Themes\\\\BC\\\\Them...')
#6 /Users/juanpi/Documents/laravel/gotrip/vendor/laravel/framework/src/Illuminate/Foundation/Application.php(788): Themes\\ThemeServiceProvider->register()
#7 /Users/juanpi/Documents/laravel/gotrip/vendor/laravel/framework/src/Illuminate/Foundation/ProviderRepository.php(75): Illuminate\\Foundation\\Application->register(Object(Themes\\ThemeServiceProvider))
#8 /Users/juanpi/Documents/laravel/gotrip/vendor/laravel/framework/src/Illuminate/Foundation/Application.php(765): Illuminate\\Foundation\\ProviderRepository->load(Array)
#9 /Users/juanpi/Documents/laravel/gotrip/vendor/laravel/framework/src/Illuminate/Foundation/Bootstrap/RegisterProviders.php(17): Illuminate\\Foundation\\Application->registerConfiguredProviders()
#10 /Users/juanpi/Documents/laravel/gotrip/vendor/laravel/framework/src/Illuminate/Foundation/Application.php(263): Illuminate\\Foundation\\Bootstrap\\RegisterProviders->bootstrap(Object(Illuminate\\Foundation\\Application))
#11 /Users/juanpi/Documents/laravel/gotrip/vendor/laravel/framework/src/Illuminate/Foundation/Console/Kernel.php(447): Illuminate\\Foundation\\Application->bootstrapWith(Array)
#12 /Users/juanpi/Documents/laravel/gotrip/vendor/laravel/framework/src/Illuminate/Foundation/Console/Kernel.php(199): Illuminate\\Foundation\\Console\\Kernel->bootstrap()
#13 Command line code(1): Illuminate\\Foundation\\Console\\Kernel->handle(Object(Symfony\\Component\\Console\\Input\\ArgvInput), Object(Symfony\\Component\\Console\\Output\\ConsoleOutput))
#14 {main}
"} 
[2024-06-06 08:31:45] production.ERROR: include(/Users/juanpi/Documents/laravel/gotrip/vendor/composer/../../themes/BC/ThemeProvider.php): Failed to open stream: No such file or directory {"exception":"[object] (ErrorException(code: 0): include(/Users/juanpi/Documents/laravel/gotrip/vendor/composer/../../themes/BC/ThemeProvider.php): Failed to open stream: No such file or directory at /Users/juanpi/Documents/laravel/gotrip/vendor/composer/ClassLoader.php:571)
[stacktrace]
#0 /Users/juanpi/Documents/laravel/gotrip/vendor/laravel/framework/src/Illuminate/Foundation/Bootstrap/HandleExceptions.php(255): Illuminate\\Foundation\\Bootstrap\\HandleExceptions->handleError(2, 'include(/Users/...', '/Users/juanpi/D...', 571)
#1 /Users/juanpi/Documents/laravel/gotrip/vendor/composer/ClassLoader.php(571): Illuminate\\Foundation\\Bootstrap\\HandleExceptions->Illuminate\\Foundation\\Bootstrap\\{closure}(2, 'include(/Users/...', '/Users/juanpi/D...', 571)
#2 /Users/juanpi/Documents/laravel/gotrip/vendor/composer/ClassLoader.php(571): include('/Users/juanpi/D...')
#3 /Users/juanpi/Documents/laravel/gotrip/vendor/composer/ClassLoader.php(428): Composer\\Autoload\\includeFile('/Users/juanpi/D...')
#4 [internal function]: Composer\\Autoload\\ClassLoader->loadClass('Themes\\\\BC\\\\Theme...')
#5 /Users/juanpi/Documents/laravel/gotrip/themes/ThemeServiceProvider.php(78): class_exists('\\\\Themes\\\\BC\\\\Them...')
#6 /Users/juanpi/Documents/laravel/gotrip/vendor/laravel/framework/src/Illuminate/Foundation/Application.php(788): Themes\\ThemeServiceProvider->register()
#7 /Users/juanpi/Documents/laravel/gotrip/vendor/laravel/framework/src/Illuminate/Foundation/ProviderRepository.php(75): Illuminate\\Foundation\\Application->register(Object(Themes\\ThemeServiceProvider))
#8 /Users/juanpi/Documents/laravel/gotrip/vendor/laravel/framework/src/Illuminate/Foundation/Application.php(765): Illuminate\\Foundation\\ProviderRepository->load(Array)
#9 /Users/juanpi/Documents/laravel/gotrip/vendor/laravel/framework/src/Illuminate/Foundation/Bootstrap/RegisterProviders.php(17): Illuminate\\Foundation\\Application->registerConfiguredProviders()
#10 /Users/juanpi/Documents/laravel/gotrip/vendor/laravel/framework/src/Illuminate/Foundation/Application.php(263): Illuminate\\Foundation\\Bootstrap\\RegisterProviders->bootstrap(Object(Illuminate\\Foundation\\Application))
#11 /Users/juanpi/Documents/laravel/gotrip/vendor/laravel/framework/src/Illuminate/Foundation/Console/Kernel.php(447): Illuminate\\Foundation\\Application->bootstrapWith(Array)
#12 /Users/juanpi/Documents/laravel/gotrip/vendor/laravel/framework/src/Illuminate/Foundation/Console/Kernel.php(199): Illuminate\\Foundation\\Console\\Kernel->bootstrap()
#13 Command line code(1): Illuminate\\Foundation\\Console\\Kernel->handle(Object(Symfony\\Component\\Console\\Input\\ArgvInput), Object(Symfony\\Component\\Console\\Output\\ConsoleOutput))
#14 {main}
"} 
[2024-06-06 09:25:48] production.ERROR: include(/Users/juanpi/Documents/laravel/gotrip/vendor/composer/../../themes/BC/ThemeProvider.php): Failed to open stream: No such file or directory {"exception":"[object] (ErrorException(code: 0): include(/Users/juanpi/Documents/laravel/gotrip/vendor/composer/../../themes/BC/ThemeProvider.php): Failed to open stream: No such file or directory at /Users/juanpi/Documents/laravel/gotrip/vendor/composer/ClassLoader.php:571)
[stacktrace]
#0 /Users/juanpi/Documents/laravel/gotrip/vendor/laravel/framework/src/Illuminate/Foundation/Bootstrap/HandleExceptions.php(255): Illuminate\\Foundation\\Bootstrap\\HandleExceptions->handleError(2, 'include(/Users/...', '/Users/juanpi/D...', 571)
#1 /Users/juanpi/Documents/laravel/gotrip/vendor/composer/ClassLoader.php(571): Illuminate\\Foundation\\Bootstrap\\HandleExceptions->Illuminate\\Foundation\\Bootstrap\\{closure}(2, 'include(/Users/...', '/Users/juanpi/D...', 571)
#2 /Users/juanpi/Documents/laravel/gotrip/vendor/composer/ClassLoader.php(571): include('/Users/juanpi/D...')
#3 /Users/juanpi/Documents/laravel/gotrip/vendor/composer/ClassLoader.php(428): Composer\\Autoload\\includeFile('/Users/juanpi/D...')
#4 [internal function]: Composer\\Autoload\\ClassLoader->loadClass('Themes\\\\BC\\\\Theme...')
#5 /Users/juanpi/Documents/laravel/gotrip/themes/ThemeServiceProvider.php(78): class_exists('\\\\Themes\\\\BC\\\\Them...')
#6 /Users/juanpi/Documents/laravel/gotrip/vendor/laravel/framework/src/Illuminate/Foundation/Application.php(788): Themes\\ThemeServiceProvider->register()
#7 /Users/juanpi/Documents/laravel/gotrip/vendor/laravel/framework/src/Illuminate/Foundation/ProviderRepository.php(75): Illuminate\\Foundation\\Application->register(Object(Themes\\ThemeServiceProvider))
#8 /Users/juanpi/Documents/laravel/gotrip/vendor/laravel/framework/src/Illuminate/Foundation/Application.php(765): Illuminate\\Foundation\\ProviderRepository->load(Array)
#9 /Users/juanpi/Documents/laravel/gotrip/vendor/laravel/framework/src/Illuminate/Foundation/Bootstrap/RegisterProviders.php(17): Illuminate\\Foundation\\Application->registerConfiguredProviders()
#10 /Users/juanpi/Documents/laravel/gotrip/vendor/laravel/framework/src/Illuminate/Foundation/Application.php(263): Illuminate\\Foundation\\Bootstrap\\RegisterProviders->bootstrap(Object(Illuminate\\Foundation\\Application))
#11 /Users/juanpi/Documents/laravel/gotrip/vendor/laravel/framework/src/Illuminate/Foundation/Console/Kernel.php(447): Illuminate\\Foundation\\Application->bootstrapWith(Array)
#12 /Users/juanpi/Documents/laravel/gotrip/vendor/laravel/framework/src/Illuminate/Foundation/Console/Kernel.php(199): Illuminate\\Foundation\\Console\\Kernel->bootstrap()
#13 Command line code(1): Illuminate\\Foundation\\Console\\Kernel->handle(Object(Symfony\\Component\\Console\\Input\\ArgvInput), Object(Symfony\\Component\\Console\\Output\\ConsoleOutput))
#14 {main}
"} 
[2024-06-06 09:54:07] production.ERROR: include(/Users/juanpi/Documents/laravel/gotrip/vendor/composer/../../themes/BC/ThemeProvider.php): Failed to open stream: No such file or directory {"exception":"[object] (ErrorException(code: 0): include(/Users/juanpi/Documents/laravel/gotrip/vendor/composer/../../themes/BC/ThemeProvider.php): Failed to open stream: No such file or directory at /Users/juanpi/Documents/laravel/gotrip/vendor/composer/ClassLoader.php:571)
[stacktrace]
#0 /Users/juanpi/Documents/laravel/gotrip/vendor/laravel/framework/src/Illuminate/Foundation/Bootstrap/HandleExceptions.php(255): Illuminate\\Foundation\\Bootstrap\\HandleExceptions->handleError(2, 'include(/Users/...', '/Users/juanpi/D...', 571)
#1 /Users/juanpi/Documents/laravel/gotrip/vendor/composer/ClassLoader.php(571): Illuminate\\Foundation\\Bootstrap\\HandleExceptions->Illuminate\\Foundation\\Bootstrap\\{closure}(2, 'include(/Users/...', '/Users/juanpi/D...', 571)
#2 /Users/juanpi/Documents/laravel/gotrip/vendor/composer/ClassLoader.php(571): include('/Users/juanpi/D...')
#3 /Users/juanpi/Documents/laravel/gotrip/vendor/composer/ClassLoader.php(428): Composer\\Autoload\\includeFile('/Users/juanpi/D...')
#4 [internal function]: Composer\\Autoload\\ClassLoader->loadClass('Themes\\\\BC\\\\Theme...')
#5 /Users/juanpi/Documents/laravel/gotrip/themes/ThemeServiceProvider.php(78): class_exists('\\\\Themes\\\\BC\\\\Them...')
#6 /Users/juanpi/Documents/laravel/gotrip/vendor/laravel/framework/src/Illuminate/Foundation/Application.php(788): Themes\\ThemeServiceProvider->register()
#7 /Users/juanpi/Documents/laravel/gotrip/vendor/laravel/framework/src/Illuminate/Foundation/ProviderRepository.php(75): Illuminate\\Foundation\\Application->register(Object(Themes\\ThemeServiceProvider))
#8 /Users/juanpi/Documents/laravel/gotrip/vendor/laravel/framework/src/Illuminate/Foundation/Application.php(765): Illuminate\\Foundation\\ProviderRepository->load(Array)
#9 /Users/juanpi/Documents/laravel/gotrip/vendor/laravel/framework/src/Illuminate/Foundation/Bootstrap/RegisterProviders.php(17): Illuminate\\Foundation\\Application->registerConfiguredProviders()
#10 /Users/juanpi/Documents/laravel/gotrip/vendor/laravel/framework/src/Illuminate/Foundation/Application.php(263): Illuminate\\Foundation\\Bootstrap\\RegisterProviders->bootstrap(Object(Illuminate\\Foundation\\Application))
#11 /Users/juanpi/Documents/laravel/gotrip/vendor/laravel/framework/src/Illuminate/Foundation/Console/Kernel.php(447): Illuminate\\Foundation\\Application->bootstrapWith(Array)
#12 /Users/juanpi/Documents/laravel/gotrip/vendor/laravel/framework/src/Illuminate/Foundation/Console/Kernel.php(199): Illuminate\\Foundation\\Console\\Kernel->bootstrap()
#13 Command line code(1): Illuminate\\Foundation\\Console\\Kernel->handle(Object(Symfony\\Component\\Console\\Input\\ArgvInput), Object(Symfony\\Component\\Console\\Output\\ConsoleOutput))
#14 {main}
"} 
[2024-06-06 10:34:05] production.ERROR: include(/Users/juanpi/Documents/laravel/gotrip/vendor/composer/../../themes/BC/ThemeProvider.php): Failed to open stream: No such file or directory {"exception":"[object] (ErrorException(code: 0): include(/Users/juanpi/Documents/laravel/gotrip/vendor/composer/../../themes/BC/ThemeProvider.php): Failed to open stream: No such file or directory at /Users/juanpi/Documents/laravel/gotrip/vendor/composer/ClassLoader.php:571)
[stacktrace]
#0 /Users/juanpi/Documents/laravel/gotrip/vendor/laravel/framework/src/Illuminate/Foundation/Bootstrap/HandleExceptions.php(255): Illuminate\\Foundation\\Bootstrap\\HandleExceptions->handleError(2, 'include(/Users/...', '/Users/juanpi/D...', 571)
#1 /Users/juanpi/Documents/laravel/gotrip/vendor/composer/ClassLoader.php(571): Illuminate\\Foundation\\Bootstrap\\HandleExceptions->Illuminate\\Foundation\\Bootstrap\\{closure}(2, 'include(/Users/...', '/Users/juanpi/D...', 571)
#2 /Users/juanpi/Documents/laravel/gotrip/vendor/composer/ClassLoader.php(571): include('/Users/juanpi/D...')
#3 /Users/juanpi/Documents/laravel/gotrip/vendor/composer/ClassLoader.php(428): Composer\\Autoload\\includeFile('/Users/juanpi/D...')
#4 [internal function]: Composer\\Autoload\\ClassLoader->loadClass('Themes\\\\BC\\\\Theme...')
#5 /Users/juanpi/Documents/laravel/gotrip/themes/ThemeServiceProvider.php(78): class_exists('\\\\Themes\\\\BC\\\\Them...')
#6 /Users/juanpi/Documents/laravel/gotrip/vendor/laravel/framework/src/Illuminate/Foundation/Application.php(788): Themes\\ThemeServiceProvider->register()
#7 /Users/juanpi/Documents/laravel/gotrip/vendor/laravel/framework/src/Illuminate/Foundation/ProviderRepository.php(75): Illuminate\\Foundation\\Application->register(Object(Themes\\ThemeServiceProvider))
#8 /Users/juanpi/Documents/laravel/gotrip/vendor/laravel/framework/src/Illuminate/Foundation/Application.php(765): Illuminate\\Foundation\\ProviderRepository->load(Array)
#9 /Users/juanpi/Documents/laravel/gotrip/vendor/laravel/framework/src/Illuminate/Foundation/Bootstrap/RegisterProviders.php(17): Illuminate\\Foundation\\Application->registerConfiguredProviders()
#10 /Users/juanpi/Documents/laravel/gotrip/vendor/laravel/framework/src/Illuminate/Foundation/Application.php(263): Illuminate\\Foundation\\Bootstrap\\RegisterProviders->bootstrap(Object(Illuminate\\Foundation\\Application))
#11 /Users/juanpi/Documents/laravel/gotrip/vendor/laravel/framework/src/Illuminate/Foundation/Console/Kernel.php(447): Illuminate\\Foundation\\Application->bootstrapWith(Array)
#12 /Users/juanpi/Documents/laravel/gotrip/vendor/laravel/framework/src/Illuminate/Foundation/Console/Kernel.php(199): Illuminate\\Foundation\\Console\\Kernel->bootstrap()
#13 Command line code(1): Illuminate\\Foundation\\Console\\Kernel->handle(Object(Symfony\\Component\\Console\\Input\\ArgvInput), Object(Symfony\\Component\\Console\\Output\\ConsoleOutput))
#14 {main}
"} 
[2024-06-06 10:52:04] production.ERROR: include(/Users/juanpi/Documents/laravel/gotrip/vendor/composer/../../themes/BC/ThemeProvider.php): Failed to open stream: No such file or directory {"exception":"[object] (ErrorException(code: 0): include(/Users/juanpi/Documents/laravel/gotrip/vendor/composer/../../themes/BC/ThemeProvider.php): Failed to open stream: No such file or directory at /Users/juanpi/Documents/laravel/gotrip/vendor/composer/ClassLoader.php:571)
[stacktrace]
#0 /Users/juanpi/Documents/laravel/gotrip/vendor/laravel/framework/src/Illuminate/Foundation/Bootstrap/HandleExceptions.php(255): Illuminate\\Foundation\\Bootstrap\\HandleExceptions->handleError(2, 'include(/Users/...', '/Users/juanpi/D...', 571)
#1 /Users/juanpi/Documents/laravel/gotrip/vendor/composer/ClassLoader.php(571): Illuminate\\Foundation\\Bootstrap\\HandleExceptions->Illuminate\\Foundation\\Bootstrap\\{closure}(2, 'include(/Users/...', '/Users/juanpi/D...', 571)
#2 /Users/juanpi/Documents/laravel/gotrip/vendor/composer/ClassLoader.php(571): include('/Users/juanpi/D...')
#3 /Users/juanpi/Documents/laravel/gotrip/vendor/composer/ClassLoader.php(428): Composer\\Autoload\\includeFile('/Users/juanpi/D...')
#4 [internal function]: Composer\\Autoload\\ClassLoader->loadClass('Themes\\\\BC\\\\Theme...')
#5 /Users/juanpi/Documents/laravel/gotrip/themes/ThemeServiceProvider.php(78): class_exists('\\\\Themes\\\\BC\\\\Them...')
#6 /Users/juanpi/Documents/laravel/gotrip/vendor/laravel/framework/src/Illuminate/Foundation/Application.php(788): Themes\\ThemeServiceProvider->register()
#7 /Users/juanpi/Documents/laravel/gotrip/vendor/laravel/framework/src/Illuminate/Foundation/ProviderRepository.php(75): Illuminate\\Foundation\\Application->register(Object(Themes\\ThemeServiceProvider))
#8 /Users/juanpi/Documents/laravel/gotrip/vendor/laravel/framework/src/Illuminate/Foundation/Application.php(765): Illuminate\\Foundation\\ProviderRepository->load(Array)
#9 /Users/juanpi/Documents/laravel/gotrip/vendor/laravel/framework/src/Illuminate/Foundation/Bootstrap/RegisterProviders.php(17): Illuminate\\Foundation\\Application->registerConfiguredProviders()
#10 /Users/juanpi/Documents/laravel/gotrip/vendor/laravel/framework/src/Illuminate/Foundation/Application.php(263): Illuminate\\Foundation\\Bootstrap\\RegisterProviders->bootstrap(Object(Illuminate\\Foundation\\Application))
#11 /Users/juanpi/Documents/laravel/gotrip/vendor/laravel/framework/src/Illuminate/Foundation/Console/Kernel.php(447): Illuminate\\Foundation\\Application->bootstrapWith(Array)
#12 /Users/juanpi/Documents/laravel/gotrip/vendor/laravel/framework/src/Illuminate/Foundation/Console/Kernel.php(199): Illuminate\\Foundation\\Console\\Kernel->bootstrap()
#13 Command line code(1): Illuminate\\Foundation\\Console\\Kernel->handle(Object(Symfony\\Component\\Console\\Input\\ArgvInput), Object(Symfony\\Component\\Console\\Output\\ConsoleOutput))
#14 {main}
"} 
[2024-06-06 11:35:00] production.ERROR: include(/Users/juanpi/Documents/laravel/gotrip/vendor/composer/../../themes/BC/ThemeProvider.php): Failed to open stream: No such file or directory {"exception":"[object] (ErrorException(code: 0): include(/Users/juanpi/Documents/laravel/gotrip/vendor/composer/../../themes/BC/ThemeProvider.php): Failed to open stream: No such file or directory at /Users/juanpi/Documents/laravel/gotrip/vendor/composer/ClassLoader.php:571)
[stacktrace]
#0 /Users/juanpi/Documents/laravel/gotrip/vendor/laravel/framework/src/Illuminate/Foundation/Bootstrap/HandleExceptions.php(255): Illuminate\\Foundation\\Bootstrap\\HandleExceptions->handleError(2, 'include(/Users/...', '/Users/juanpi/D...', 571)
#1 /Users/juanpi/Documents/laravel/gotrip/vendor/composer/ClassLoader.php(571): Illuminate\\Foundation\\Bootstrap\\HandleExceptions->Illuminate\\Foundation\\Bootstrap\\{closure}(2, 'include(/Users/...', '/Users/juanpi/D...', 571)
#2 /Users/juanpi/Documents/laravel/gotrip/vendor/composer/ClassLoader.php(571): include('/Users/juanpi/D...')
#3 /Users/juanpi/Documents/laravel/gotrip/vendor/composer/ClassLoader.php(428): Composer\\Autoload\\includeFile('/Users/juanpi/D...')
#4 [internal function]: Composer\\Autoload\\ClassLoader->loadClass('Themes\\\\BC\\\\Theme...')
#5 /Users/juanpi/Documents/laravel/gotrip/themes/ThemeServiceProvider.php(78): class_exists('\\\\Themes\\\\BC\\\\Them...')
#6 /Users/juanpi/Documents/laravel/gotrip/vendor/laravel/framework/src/Illuminate/Foundation/Application.php(788): Themes\\ThemeServiceProvider->register()
#7 /Users/juanpi/Documents/laravel/gotrip/vendor/laravel/framework/src/Illuminate/Foundation/ProviderRepository.php(75): Illuminate\\Foundation\\Application->register(Object(Themes\\ThemeServiceProvider))
#8 /Users/juanpi/Documents/laravel/gotrip/vendor/laravel/framework/src/Illuminate/Foundation/Application.php(765): Illuminate\\Foundation\\ProviderRepository->load(Array)
#9 /Users/juanpi/Documents/laravel/gotrip/vendor/laravel/framework/src/Illuminate/Foundation/Bootstrap/RegisterProviders.php(17): Illuminate\\Foundation\\Application->registerConfiguredProviders()
#10 /Users/juanpi/Documents/laravel/gotrip/vendor/laravel/framework/src/Illuminate/Foundation/Application.php(263): Illuminate\\Foundation\\Bootstrap\\RegisterProviders->bootstrap(Object(Illuminate\\Foundation\\Application))
#11 /Users/juanpi/Documents/laravel/gotrip/vendor/laravel/framework/src/Illuminate/Foundation/Console/Kernel.php(447): Illuminate\\Foundation\\Application->bootstrapWith(Array)
#12 /Users/juanpi/Documents/laravel/gotrip/vendor/laravel/framework/src/Illuminate/Foundation/Console/Kernel.php(199): Illuminate\\Foundation\\Console\\Kernel->bootstrap()
#13 Command line code(1): Illuminate\\Foundation\\Console\\Kernel->handle(Object(Symfony\\Component\\Console\\Input\\ArgvInput), Object(Symfony\\Component\\Console\\Output\\ConsoleOutput))
#14 {main}
"} 
[2024-06-06 12:18:02] production.ERROR: include(/Users/juanpi/Documents/laravel/gotrip/vendor/composer/../../themes/BC/ThemeProvider.php): Failed to open stream: No such file or directory {"exception":"[object] (ErrorException(code: 0): include(/Users/juanpi/Documents/laravel/gotrip/vendor/composer/../../themes/BC/ThemeProvider.php): Failed to open stream: No such file or directory at /Users/juanpi/Documents/laravel/gotrip/vendor/composer/ClassLoader.php:571)
[stacktrace]
#0 /Users/juanpi/Documents/laravel/gotrip/vendor/laravel/framework/src/Illuminate/Foundation/Bootstrap/HandleExceptions.php(255): Illuminate\\Foundation\\Bootstrap\\HandleExceptions->handleError(2, 'include(/Users/...', '/Users/juanpi/D...', 571)
#1 /Users/juanpi/Documents/laravel/gotrip/vendor/composer/ClassLoader.php(571): Illuminate\\Foundation\\Bootstrap\\HandleExceptions->Illuminate\\Foundation\\Bootstrap\\{closure}(2, 'include(/Users/...', '/Users/juanpi/D...', 571)
#2 /Users/juanpi/Documents/laravel/gotrip/vendor/composer/ClassLoader.php(571): include('/Users/juanpi/D...')
#3 /Users/juanpi/Documents/laravel/gotrip/vendor/composer/ClassLoader.php(428): Composer\\Autoload\\includeFile('/Users/juanpi/D...')
#4 [internal function]: Composer\\Autoload\\ClassLoader->loadClass('Themes\\\\BC\\\\Theme...')
#5 /Users/juanpi/Documents/laravel/gotrip/themes/ThemeServiceProvider.php(78): class_exists('\\\\Themes\\\\BC\\\\Them...')
#6 /Users/juanpi/Documents/laravel/gotrip/vendor/laravel/framework/src/Illuminate/Foundation/Application.php(788): Themes\\ThemeServiceProvider->register()
#7 /Users/juanpi/Documents/laravel/gotrip/vendor/laravel/framework/src/Illuminate/Foundation/ProviderRepository.php(75): Illuminate\\Foundation\\Application->register(Object(Themes\\ThemeServiceProvider))
#8 /Users/juanpi/Documents/laravel/gotrip/vendor/laravel/framework/src/Illuminate/Foundation/Application.php(765): Illuminate\\Foundation\\ProviderRepository->load(Array)
#9 /Users/juanpi/Documents/laravel/gotrip/vendor/laravel/framework/src/Illuminate/Foundation/Bootstrap/RegisterProviders.php(17): Illuminate\\Foundation\\Application->registerConfiguredProviders()
#10 /Users/juanpi/Documents/laravel/gotrip/vendor/laravel/framework/src/Illuminate/Foundation/Application.php(263): Illuminate\\Foundation\\Bootstrap\\RegisterProviders->bootstrap(Object(Illuminate\\Foundation\\Application))
#11 /Users/juanpi/Documents/laravel/gotrip/vendor/laravel/framework/src/Illuminate/Foundation/Console/Kernel.php(447): Illuminate\\Foundation\\Application->bootstrapWith(Array)
#12 /Users/juanpi/Documents/laravel/gotrip/vendor/laravel/framework/src/Illuminate/Foundation/Console/Kernel.php(199): Illuminate\\Foundation\\Console\\Kernel->bootstrap()
#13 Command line code(1): Illuminate\\Foundation\\Console\\Kernel->handle(Object(Symfony\\Component\\Console\\Input\\ArgvInput), Object(Symfony\\Component\\Console\\Output\\ConsoleOutput))
#14 {main}
"} 
[2024-06-06 13:37:33] production.ERROR: include(/Users/juanpi/Documents/laravel/gotrip/vendor/composer/../../themes/BC/ThemeProvider.php): Failed to open stream: No such file or directory {"exception":"[object] (ErrorException(code: 0): include(/Users/juanpi/Documents/laravel/gotrip/vendor/composer/../../themes/BC/ThemeProvider.php): Failed to open stream: No such file or directory at /Users/juanpi/Documents/laravel/gotrip/vendor/composer/ClassLoader.php:571)
[stacktrace]
#0 /Users/juanpi/Documents/laravel/gotrip/vendor/laravel/framework/src/Illuminate/Foundation/Bootstrap/HandleExceptions.php(255): Illuminate\\Foundation\\Bootstrap\\HandleExceptions->handleError(2, 'include(/Users/...', '/Users/juanpi/D...', 571)
#1 /Users/juanpi/Documents/laravel/gotrip/vendor/composer/ClassLoader.php(571): Illuminate\\Foundation\\Bootstrap\\HandleExceptions->Illuminate\\Foundation\\Bootstrap\\{closure}(2, 'include(/Users/...', '/Users/juanpi/D...', 571)
#2 /Users/juanpi/Documents/laravel/gotrip/vendor/composer/ClassLoader.php(571): include('/Users/juanpi/D...')
#3 /Users/juanpi/Documents/laravel/gotrip/vendor/composer/ClassLoader.php(428): Composer\\Autoload\\includeFile('/Users/juanpi/D...')
#4 [internal function]: Composer\\Autoload\\ClassLoader->loadClass('Themes\\\\BC\\\\Theme...')
#5 /Users/juanpi/Documents/laravel/gotrip/themes/ThemeServiceProvider.php(78): class_exists('\\\\Themes\\\\BC\\\\Them...')
#6 /Users/juanpi/Documents/laravel/gotrip/vendor/laravel/framework/src/Illuminate/Foundation/Application.php(788): Themes\\ThemeServiceProvider->register()
#7 /Users/juanpi/Documents/laravel/gotrip/vendor/laravel/framework/src/Illuminate/Foundation/ProviderRepository.php(75): Illuminate\\Foundation\\Application->register(Object(Themes\\ThemeServiceProvider))
#8 /Users/juanpi/Documents/laravel/gotrip/vendor/laravel/framework/src/Illuminate/Foundation/Application.php(765): Illuminate\\Foundation\\ProviderRepository->load(Array)
#9 /Users/juanpi/Documents/laravel/gotrip/vendor/laravel/framework/src/Illuminate/Foundation/Bootstrap/RegisterProviders.php(17): Illuminate\\Foundation\\Application->registerConfiguredProviders()
#10 /Users/juanpi/Documents/laravel/gotrip/vendor/laravel/framework/src/Illuminate/Foundation/Application.php(263): Illuminate\\Foundation\\Bootstrap\\RegisterProviders->bootstrap(Object(Illuminate\\Foundation\\Application))
#11 /Users/juanpi/Documents/laravel/gotrip/vendor/laravel/framework/src/Illuminate/Foundation/Console/Kernel.php(447): Illuminate\\Foundation\\Application->bootstrapWith(Array)
#12 /Users/juanpi/Documents/laravel/gotrip/vendor/laravel/framework/src/Illuminate/Foundation/Console/Kernel.php(199): Illuminate\\Foundation\\Console\\Kernel->bootstrap()
#13 Command line code(1): Illuminate\\Foundation\\Console\\Kernel->handle(Object(Symfony\\Component\\Console\\Input\\ArgvInput), Object(Symfony\\Component\\Console\\Output\\ConsoleOutput))
#14 {main}
"} 
[2024-06-06 14:38:18] production.ERROR: include(/Users/juanpi/Documents/laravel/gotrip/vendor/composer/../../themes/BC/ThemeProvider.php): Failed to open stream: No such file or directory {"exception":"[object] (ErrorException(code: 0): include(/Users/juanpi/Documents/laravel/gotrip/vendor/composer/../../themes/BC/ThemeProvider.php): Failed to open stream: No such file or directory at /Users/juanpi/Documents/laravel/gotrip/vendor/composer/ClassLoader.php:571)
[stacktrace]
#0 /Users/juanpi/Documents/laravel/gotrip/vendor/laravel/framework/src/Illuminate/Foundation/Bootstrap/HandleExceptions.php(255): Illuminate\\Foundation\\Bootstrap\\HandleExceptions->handleError(2, 'include(/Users/...', '/Users/juanpi/D...', 571)
#1 /Users/juanpi/Documents/laravel/gotrip/vendor/composer/ClassLoader.php(571): Illuminate\\Foundation\\Bootstrap\\HandleExceptions->Illuminate\\Foundation\\Bootstrap\\{closure}(2, 'include(/Users/...', '/Users/juanpi/D...', 571)
#2 /Users/juanpi/Documents/laravel/gotrip/vendor/composer/ClassLoader.php(571): include('/Users/juanpi/D...')
#3 /Users/juanpi/Documents/laravel/gotrip/vendor/composer/ClassLoader.php(428): Composer\\Autoload\\includeFile('/Users/juanpi/D...')
#4 [internal function]: Composer\\Autoload\\ClassLoader->loadClass('Themes\\\\BC\\\\Theme...')
#5 /Users/juanpi/Documents/laravel/gotrip/themes/ThemeServiceProvider.php(78): class_exists('\\\\Themes\\\\BC\\\\Them...')
#6 /Users/juanpi/Documents/laravel/gotrip/vendor/laravel/framework/src/Illuminate/Foundation/Application.php(788): Themes\\ThemeServiceProvider->register()
#7 /Users/juanpi/Documents/laravel/gotrip/vendor/laravel/framework/src/Illuminate/Foundation/ProviderRepository.php(75): Illuminate\\Foundation\\Application->register(Object(Themes\\ThemeServiceProvider))
#8 /Users/juanpi/Documents/laravel/gotrip/vendor/laravel/framework/src/Illuminate/Foundation/Application.php(765): Illuminate\\Foundation\\ProviderRepository->load(Array)
#9 /Users/juanpi/Documents/laravel/gotrip/vendor/laravel/framework/src/Illuminate/Foundation/Bootstrap/RegisterProviders.php(17): Illuminate\\Foundation\\Application->registerConfiguredProviders()
#10 /Users/juanpi/Documents/laravel/gotrip/vendor/laravel/framework/src/Illuminate/Foundation/Application.php(263): Illuminate\\Foundation\\Bootstrap\\RegisterProviders->bootstrap(Object(Illuminate\\Foundation\\Application))
#11 /Users/juanpi/Documents/laravel/gotrip/vendor/laravel/framework/src/Illuminate/Foundation/Console/Kernel.php(447): Illuminate\\Foundation\\Application->bootstrapWith(Array)
#12 /Users/juanpi/Documents/laravel/gotrip/vendor/laravel/framework/src/Illuminate/Foundation/Console/Kernel.php(199): Illuminate\\Foundation\\Console\\Kernel->bootstrap()
#13 Command line code(1): Illuminate\\Foundation\\Console\\Kernel->handle(Object(Symfony\\Component\\Console\\Input\\ArgvInput), Object(Symfony\\Component\\Console\\Output\\ConsoleOutput))
#14 {main}
"} 
[2024-06-06 19:46:07] production.ERROR: include(/Users/juanpi/Documents/laravel/gotrip/vendor/composer/../../themes/BC/ThemeProvider.php): Failed to open stream: No such file or directory {"exception":"[object] (ErrorException(code: 0): include(/Users/juanpi/Documents/laravel/gotrip/vendor/composer/../../themes/BC/ThemeProvider.php): Failed to open stream: No such file or directory at /Users/juanpi/Documents/laravel/gotrip/vendor/composer/ClassLoader.php:571)
[stacktrace]
#0 /Users/juanpi/Documents/laravel/gotrip/vendor/laravel/framework/src/Illuminate/Foundation/Bootstrap/HandleExceptions.php(255): Illuminate\\Foundation\\Bootstrap\\HandleExceptions->handleError(2, 'include(/Users/...', '/Users/juanpi/D...', 571)
#1 /Users/juanpi/Documents/laravel/gotrip/vendor/composer/ClassLoader.php(571): Illuminate\\Foundation\\Bootstrap\\HandleExceptions->Illuminate\\Foundation\\Bootstrap\\{closure}(2, 'include(/Users/...', '/Users/juanpi/D...', 571)
#2 /Users/juanpi/Documents/laravel/gotrip/vendor/composer/ClassLoader.php(571): include('/Users/juanpi/D...')
#3 /Users/juanpi/Documents/laravel/gotrip/vendor/composer/ClassLoader.php(428): Composer\\Autoload\\includeFile('/Users/juanpi/D...')
#4 [internal function]: Composer\\Autoload\\ClassLoader->loadClass('Themes\\\\BC\\\\Theme...')
#5 /Users/juanpi/Documents/laravel/gotrip/themes/ThemeServiceProvider.php(78): class_exists('\\\\Themes\\\\BC\\\\Them...')
#6 /Users/juanpi/Documents/laravel/gotrip/vendor/laravel/framework/src/Illuminate/Foundation/Application.php(788): Themes\\ThemeServiceProvider->register()
#7 /Users/juanpi/Documents/laravel/gotrip/vendor/laravel/framework/src/Illuminate/Foundation/ProviderRepository.php(75): Illuminate\\Foundation\\Application->register(Object(Themes\\ThemeServiceProvider))
#8 /Users/juanpi/Documents/laravel/gotrip/vendor/laravel/framework/src/Illuminate/Foundation/Application.php(765): Illuminate\\Foundation\\ProviderRepository->load(Array)
#9 /Users/juanpi/Documents/laravel/gotrip/vendor/laravel/framework/src/Illuminate/Foundation/Bootstrap/RegisterProviders.php(17): Illuminate\\Foundation\\Application->registerConfiguredProviders()
#10 /Users/juanpi/Documents/laravel/gotrip/vendor/laravel/framework/src/Illuminate/Foundation/Application.php(263): Illuminate\\Foundation\\Bootstrap\\RegisterProviders->bootstrap(Object(Illuminate\\Foundation\\Application))
#11 /Users/juanpi/Documents/laravel/gotrip/vendor/laravel/framework/src/Illuminate/Foundation/Console/Kernel.php(447): Illuminate\\Foundation\\Application->bootstrapWith(Array)
#12 /Users/juanpi/Documents/laravel/gotrip/vendor/laravel/framework/src/Illuminate/Foundation/Console/Kernel.php(199): Illuminate\\Foundation\\Console\\Kernel->bootstrap()
#13 Command line code(1): Illuminate\\Foundation\\Console\\Kernel->handle(Object(Symfony\\Component\\Console\\Input\\ArgvInput), Object(Symfony\\Component\\Console\\Output\\ConsoleOutput))
#14 {main}
"} 
[2024-06-06 17:51:15] production.ERROR: include(/Users/juanpi/Documents/laravel/gotrip/vendor/composer/../../themes/BC/ThemeProvider.php): Failed to open stream: No such file or directory {"exception":"[object] (ErrorException(code: 0): include(/Users/juanpi/Documents/laravel/gotrip/vendor/composer/../../themes/BC/ThemeProvider.php): Failed to open stream: No such file or directory at /Users/juanpi/Documents/laravel/gotrip/vendor/composer/ClassLoader.php:571)
[stacktrace]
#0 /Users/juanpi/Documents/laravel/gotrip/vendor/laravel/framework/src/Illuminate/Foundation/Bootstrap/HandleExceptions.php(255): Illuminate\\Foundation\\Bootstrap\\HandleExceptions->handleError(2, 'include(/Users/...', '/Users/juanpi/D...', 571)
#1 /Users/juanpi/Documents/laravel/gotrip/vendor/composer/ClassLoader.php(571): Illuminate\\Foundation\\Bootstrap\\HandleExceptions->Illuminate\\Foundation\\Bootstrap\\{closure}(2, 'include(/Users/...', '/Users/juanpi/D...', 571)
#2 /Users/juanpi/Documents/laravel/gotrip/vendor/composer/ClassLoader.php(571): include('/Users/juanpi/D...')
#3 /Users/juanpi/Documents/laravel/gotrip/vendor/composer/ClassLoader.php(428): Composer\\Autoload\\includeFile('/Users/juanpi/D...')
#4 [internal function]: Composer\\Autoload\\ClassLoader->loadClass('Themes\\\\BC\\\\Theme...')
#5 /Users/juanpi/Documents/laravel/gotrip/themes/ThemeServiceProvider.php(78): class_exists('\\\\Themes\\\\BC\\\\Them...')
#6 /Users/juanpi/Documents/laravel/gotrip/vendor/laravel/framework/src/Illuminate/Foundation/Application.php(788): Themes\\ThemeServiceProvider->register()
#7 /Users/juanpi/Documents/laravel/gotrip/vendor/laravel/framework/src/Illuminate/Foundation/ProviderRepository.php(75): Illuminate\\Foundation\\Application->register(Object(Themes\\ThemeServiceProvider))
#8 /Users/juanpi/Documents/laravel/gotrip/vendor/laravel/framework/src/Illuminate/Foundation/Application.php(765): Illuminate\\Foundation\\ProviderRepository->load(Array)
#9 /Users/juanpi/Documents/laravel/gotrip/vendor/laravel/framework/src/Illuminate/Foundation/Bootstrap/RegisterProviders.php(17): Illuminate\\Foundation\\Application->registerConfiguredProviders()
#10 /Users/juanpi/Documents/laravel/gotrip/vendor/laravel/framework/src/Illuminate/Foundation/Application.php(263): Illuminate\\Foundation\\Bootstrap\\RegisterProviders->bootstrap(Object(Illuminate\\Foundation\\Application))
#11 /Users/juanpi/Documents/laravel/gotrip/vendor/laravel/framework/src/Illuminate/Foundation/Console/Kernel.php(447): Illuminate\\Foundation\\Application->bootstrapWith(Array)
#12 /Users/juanpi/Documents/laravel/gotrip/vendor/laravel/framework/src/Illuminate/Foundation/Console/Kernel.php(199): Illuminate\\Foundation\\Console\\Kernel->bootstrap()
#13 Command line code(1): Illuminate\\Foundation\\Console\\Kernel->handle(Object(Symfony\\Component\\Console\\Input\\ArgvInput), Object(Symfony\\Component\\Console\\Output\\ConsoleOutput))
#14 {main}
"} 
[2024-06-06 18:01:15] production.ERROR: include(/Users/juanpi/Documents/laravel/gotrip/vendor/composer/../../themes/BC/ThemeProvider.php): Failed to open stream: No such file or directory {"exception":"[object] (ErrorException(code: 0): include(/Users/juanpi/Documents/laravel/gotrip/vendor/composer/../../themes/BC/ThemeProvider.php): Failed to open stream: No such file or directory at /Users/juanpi/Documents/laravel/gotrip/vendor/composer/ClassLoader.php:571)
[stacktrace]
#0 /Users/juanpi/Documents/laravel/gotrip/vendor/laravel/framework/src/Illuminate/Foundation/Bootstrap/HandleExceptions.php(255): Illuminate\\Foundation\\Bootstrap\\HandleExceptions->handleError(2, 'include(/Users/...', '/Users/juanpi/D...', 571)
#1 /Users/juanpi/Documents/laravel/gotrip/vendor/composer/ClassLoader.php(571): Illuminate\\Foundation\\Bootstrap\\HandleExceptions->Illuminate\\Foundation\\Bootstrap\\{closure}(2, 'include(/Users/...', '/Users/juanpi/D...', 571)
#2 /Users/juanpi/Documents/laravel/gotrip/vendor/composer/ClassLoader.php(571): include('/Users/juanpi/D...')
#3 /Users/juanpi/Documents/laravel/gotrip/vendor/composer/ClassLoader.php(428): Composer\\Autoload\\includeFile('/Users/juanpi/D...')
#4 [internal function]: Composer\\Autoload\\ClassLoader->loadClass('Themes\\\\BC\\\\Theme...')
#5 /Users/juanpi/Documents/laravel/gotrip/themes/ThemeServiceProvider.php(78): class_exists('\\\\Themes\\\\BC\\\\Them...')
#6 /Users/juanpi/Documents/laravel/gotrip/vendor/laravel/framework/src/Illuminate/Foundation/Application.php(788): Themes\\ThemeServiceProvider->register()
#7 /Users/juanpi/Documents/laravel/gotrip/vendor/laravel/framework/src/Illuminate/Foundation/ProviderRepository.php(75): Illuminate\\Foundation\\Application->register(Object(Themes\\ThemeServiceProvider))
#8 /Users/juanpi/Documents/laravel/gotrip/vendor/laravel/framework/src/Illuminate/Foundation/Application.php(765): Illuminate\\Foundation\\ProviderRepository->load(Array)
#9 /Users/juanpi/Documents/laravel/gotrip/vendor/laravel/framework/src/Illuminate/Foundation/Bootstrap/RegisterProviders.php(17): Illuminate\\Foundation\\Application->registerConfiguredProviders()
#10 /Users/juanpi/Documents/laravel/gotrip/vendor/laravel/framework/src/Illuminate/Foundation/Application.php(263): Illuminate\\Foundation\\Bootstrap\\RegisterProviders->bootstrap(Object(Illuminate\\Foundation\\Application))
#11 /Users/juanpi/Documents/laravel/gotrip/vendor/laravel/framework/src/Illuminate/Foundation/Console/Kernel.php(447): Illuminate\\Foundation\\Application->bootstrapWith(Array)
#12 /Users/juanpi/Documents/laravel/gotrip/vendor/laravel/framework/src/Illuminate/Foundation/Console/Kernel.php(199): Illuminate\\Foundation\\Console\\Kernel->bootstrap()
#13 Command line code(1): Illuminate\\Foundation\\Console\\Kernel->handle(Object(Symfony\\Component\\Console\\Input\\ArgvInput), Object(Symfony\\Component\\Console\\Output\\ConsoleOutput))
#14 {main}
"} 
[2024-06-06 18:11:15] production.ERROR: include(/Users/juanpi/Documents/laravel/gotrip/vendor/composer/../../themes/BC/ThemeProvider.php): Failed to open stream: No such file or directory {"exception":"[object] (ErrorException(code: 0): include(/Users/juanpi/Documents/laravel/gotrip/vendor/composer/../../themes/BC/ThemeProvider.php): Failed to open stream: No such file or directory at /Users/juanpi/Documents/laravel/gotrip/vendor/composer/ClassLoader.php:571)
[stacktrace]
#0 /Users/juanpi/Documents/laravel/gotrip/vendor/laravel/framework/src/Illuminate/Foundation/Bootstrap/HandleExceptions.php(255): Illuminate\\Foundation\\Bootstrap\\HandleExceptions->handleError(2, 'include(/Users/...', '/Users/juanpi/D...', 571)
#1 /Users/juanpi/Documents/laravel/gotrip/vendor/composer/ClassLoader.php(571): Illuminate\\Foundation\\Bootstrap\\HandleExceptions->Illuminate\\Foundation\\Bootstrap\\{closure}(2, 'include(/Users/...', '/Users/juanpi/D...', 571)
#2 /Users/juanpi/Documents/laravel/gotrip/vendor/composer/ClassLoader.php(571): include('/Users/juanpi/D...')
#3 /Users/juanpi/Documents/laravel/gotrip/vendor/composer/ClassLoader.php(428): Composer\\Autoload\\includeFile('/Users/juanpi/D...')
#4 [internal function]: Composer\\Autoload\\ClassLoader->loadClass('Themes\\\\BC\\\\Theme...')
#5 /Users/juanpi/Documents/laravel/gotrip/themes/ThemeServiceProvider.php(78): class_exists('\\\\Themes\\\\BC\\\\Them...')
#6 /Users/juanpi/Documents/laravel/gotrip/vendor/laravel/framework/src/Illuminate/Foundation/Application.php(788): Themes\\ThemeServiceProvider->register()
#7 /Users/juanpi/Documents/laravel/gotrip/vendor/laravel/framework/src/Illuminate/Foundation/ProviderRepository.php(75): Illuminate\\Foundation\\Application->register(Object(Themes\\ThemeServiceProvider))
#8 /Users/juanpi/Documents/laravel/gotrip/vendor/laravel/framework/src/Illuminate/Foundation/Application.php(765): Illuminate\\Foundation\\ProviderRepository->load(Array)
#9 /Users/juanpi/Documents/laravel/gotrip/vendor/laravel/framework/src/Illuminate/Foundation/Bootstrap/RegisterProviders.php(17): Illuminate\\Foundation\\Application->registerConfiguredProviders()
#10 /Users/juanpi/Documents/laravel/gotrip/vendor/laravel/framework/src/Illuminate/Foundation/Application.php(263): Illuminate\\Foundation\\Bootstrap\\RegisterProviders->bootstrap(Object(Illuminate\\Foundation\\Application))
#11 /Users/juanpi/Documents/laravel/gotrip/vendor/laravel/framework/src/Illuminate/Foundation/Console/Kernel.php(447): Illuminate\\Foundation\\Application->bootstrapWith(Array)
#12 /Users/juanpi/Documents/laravel/gotrip/vendor/laravel/framework/src/Illuminate/Foundation/Console/Kernel.php(199): Illuminate\\Foundation\\Console\\Kernel->bootstrap()
#13 Command line code(1): Illuminate\\Foundation\\Console\\Kernel->handle(Object(Symfony\\Component\\Console\\Input\\ArgvInput), Object(Symfony\\Component\\Console\\Output\\ConsoleOutput))
#14 {main}
"} 
[2024-06-06 18:21:15] production.ERROR: include(/Users/juanpi/Documents/laravel/gotrip/vendor/composer/../../themes/BC/ThemeProvider.php): Failed to open stream: No such file or directory {"exception":"[object] (ErrorException(code: 0): include(/Users/juanpi/Documents/laravel/gotrip/vendor/composer/../../themes/BC/ThemeProvider.php): Failed to open stream: No such file or directory at /Users/juanpi/Documents/laravel/gotrip/vendor/composer/ClassLoader.php:571)
[stacktrace]
#0 /Users/juanpi/Documents/laravel/gotrip/vendor/laravel/framework/src/Illuminate/Foundation/Bootstrap/HandleExceptions.php(255): Illuminate\\Foundation\\Bootstrap\\HandleExceptions->handleError(2, 'include(/Users/...', '/Users/juanpi/D...', 571)
#1 /Users/juanpi/Documents/laravel/gotrip/vendor/composer/ClassLoader.php(571): Illuminate\\Foundation\\Bootstrap\\HandleExceptions->Illuminate\\Foundation\\Bootstrap\\{closure}(2, 'include(/Users/...', '/Users/juanpi/D...', 571)
#2 /Users/juanpi/Documents/laravel/gotrip/vendor/composer/ClassLoader.php(571): include('/Users/juanpi/D...')
#3 /Users/juanpi/Documents/laravel/gotrip/vendor/composer/ClassLoader.php(428): Composer\\Autoload\\includeFile('/Users/juanpi/D...')
#4 [internal function]: Composer\\Autoload\\ClassLoader->loadClass('Themes\\\\BC\\\\Theme...')
#5 /Users/juanpi/Documents/laravel/gotrip/themes/ThemeServiceProvider.php(78): class_exists('\\\\Themes\\\\BC\\\\Them...')
#6 /Users/juanpi/Documents/laravel/gotrip/vendor/laravel/framework/src/Illuminate/Foundation/Application.php(788): Themes\\ThemeServiceProvider->register()
#7 /Users/juanpi/Documents/laravel/gotrip/vendor/laravel/framework/src/Illuminate/Foundation/ProviderRepository.php(75): Illuminate\\Foundation\\Application->register(Object(Themes\\ThemeServiceProvider))
#8 /Users/juanpi/Documents/laravel/gotrip/vendor/laravel/framework/src/Illuminate/Foundation/Application.php(765): Illuminate\\Foundation\\ProviderRepository->load(Array)
#9 /Users/juanpi/Documents/laravel/gotrip/vendor/laravel/framework/src/Illuminate/Foundation/Bootstrap/RegisterProviders.php(17): Illuminate\\Foundation\\Application->registerConfiguredProviders()
#10 /Users/juanpi/Documents/laravel/gotrip/vendor/laravel/framework/src/Illuminate/Foundation/Application.php(263): Illuminate\\Foundation\\Bootstrap\\RegisterProviders->bootstrap(Object(Illuminate\\Foundation\\Application))
#11 /Users/juanpi/Documents/laravel/gotrip/vendor/laravel/framework/src/Illuminate/Foundation/Console/Kernel.php(447): Illuminate\\Foundation\\Application->bootstrapWith(Array)
#12 /Users/juanpi/Documents/laravel/gotrip/vendor/laravel/framework/src/Illuminate/Foundation/Console/Kernel.php(199): Illuminate\\Foundation\\Console\\Kernel->bootstrap()
#13 Command line code(1): Illuminate\\Foundation\\Console\\Kernel->handle(Object(Symfony\\Component\\Console\\Input\\ArgvInput), Object(Symfony\\Component\\Console\\Output\\ConsoleOutput))
#14 {main}
"} 
[2024-06-06 18:31:15] production.ERROR: include(/Users/juanpi/Documents/laravel/gotrip/vendor/composer/../../themes/BC/ThemeProvider.php): Failed to open stream: No such file or directory {"exception":"[object] (ErrorException(code: 0): include(/Users/juanpi/Documents/laravel/gotrip/vendor/composer/../../themes/BC/ThemeProvider.php): Failed to open stream: No such file or directory at /Users/juanpi/Documents/laravel/gotrip/vendor/composer/ClassLoader.php:571)
[stacktrace]
#0 /Users/juanpi/Documents/laravel/gotrip/vendor/laravel/framework/src/Illuminate/Foundation/Bootstrap/HandleExceptions.php(255): Illuminate\\Foundation\\Bootstrap\\HandleExceptions->handleError(2, 'include(/Users/...', '/Users/juanpi/D...', 571)
#1 /Users/juanpi/Documents/laravel/gotrip/vendor/composer/ClassLoader.php(571): Illuminate\\Foundation\\Bootstrap\\HandleExceptions->Illuminate\\Foundation\\Bootstrap\\{closure}(2, 'include(/Users/...', '/Users/juanpi/D...', 571)
#2 /Users/juanpi/Documents/laravel/gotrip/vendor/composer/ClassLoader.php(571): include('/Users/juanpi/D...')
#3 /Users/juanpi/Documents/laravel/gotrip/vendor/composer/ClassLoader.php(428): Composer\\Autoload\\includeFile('/Users/juanpi/D...')
#4 [internal function]: Composer\\Autoload\\ClassLoader->loadClass('Themes\\\\BC\\\\Theme...')
#5 /Users/juanpi/Documents/laravel/gotrip/themes/ThemeServiceProvider.php(78): class_exists('\\\\Themes\\\\BC\\\\Them...')
#6 /Users/juanpi/Documents/laravel/gotrip/vendor/laravel/framework/src/Illuminate/Foundation/Application.php(788): Themes\\ThemeServiceProvider->register()
#7 /Users/juanpi/Documents/laravel/gotrip/vendor/laravel/framework/src/Illuminate/Foundation/ProviderRepository.php(75): Illuminate\\Foundation\\Application->register(Object(Themes\\ThemeServiceProvider))
#8 /Users/juanpi/Documents/laravel/gotrip/vendor/laravel/framework/src/Illuminate/Foundation/Application.php(765): Illuminate\\Foundation\\ProviderRepository->load(Array)
#9 /Users/juanpi/Documents/laravel/gotrip/vendor/laravel/framework/src/Illuminate/Foundation/Bootstrap/RegisterProviders.php(17): Illuminate\\Foundation\\Application->registerConfiguredProviders()
#10 /Users/juanpi/Documents/laravel/gotrip/vendor/laravel/framework/src/Illuminate/Foundation/Application.php(263): Illuminate\\Foundation\\Bootstrap\\RegisterProviders->bootstrap(Object(Illuminate\\Foundation\\Application))
#11 /Users/juanpi/Documents/laravel/gotrip/vendor/laravel/framework/src/Illuminate/Foundation/Console/Kernel.php(447): Illuminate\\Foundation\\Application->bootstrapWith(Array)
#12 /Users/juanpi/Documents/laravel/gotrip/vendor/laravel/framework/src/Illuminate/Foundation/Console/Kernel.php(199): Illuminate\\Foundation\\Console\\Kernel->bootstrap()
#13 Command line code(1): Illuminate\\Foundation\\Console\\Kernel->handle(Object(Symfony\\Component\\Console\\Input\\ArgvInput), Object(Symfony\\Component\\Console\\Output\\ConsoleOutput))
#14 {main}
"} 
[2024-06-06 18:41:15] production.ERROR: include(/Users/juanpi/Documents/laravel/gotrip/vendor/composer/../../themes/BC/ThemeProvider.php): Failed to open stream: No such file or directory {"exception":"[object] (ErrorException(code: 0): include(/Users/juanpi/Documents/laravel/gotrip/vendor/composer/../../themes/BC/ThemeProvider.php): Failed to open stream: No such file or directory at /Users/juanpi/Documents/laravel/gotrip/vendor/composer/ClassLoader.php:571)
[stacktrace]
#0 /Users/juanpi/Documents/laravel/gotrip/vendor/laravel/framework/src/Illuminate/Foundation/Bootstrap/HandleExceptions.php(255): Illuminate\\Foundation\\Bootstrap\\HandleExceptions->handleError(2, 'include(/Users/...', '/Users/juanpi/D...', 571)
#1 /Users/juanpi/Documents/laravel/gotrip/vendor/composer/ClassLoader.php(571): Illuminate\\Foundation\\Bootstrap\\HandleExceptions->Illuminate\\Foundation\\Bootstrap\\{closure}(2, 'include(/Users/...', '/Users/juanpi/D...', 571)
#2 /Users/juanpi/Documents/laravel/gotrip/vendor/composer/ClassLoader.php(571): include('/Users/juanpi/D...')
#3 /Users/juanpi/Documents/laravel/gotrip/vendor/composer/ClassLoader.php(428): Composer\\Autoload\\includeFile('/Users/juanpi/D...')
#4 [internal function]: Composer\\Autoload\\ClassLoader->loadClass('Themes\\\\BC\\\\Theme...')
#5 /Users/juanpi/Documents/laravel/gotrip/themes/ThemeServiceProvider.php(78): class_exists('\\\\Themes\\\\BC\\\\Them...')
#6 /Users/juanpi/Documents/laravel/gotrip/vendor/laravel/framework/src/Illuminate/Foundation/Application.php(788): Themes\\ThemeServiceProvider->register()
#7 /Users/juanpi/Documents/laravel/gotrip/vendor/laravel/framework/src/Illuminate/Foundation/ProviderRepository.php(75): Illuminate\\Foundation\\Application->register(Object(Themes\\ThemeServiceProvider))
#8 /Users/juanpi/Documents/laravel/gotrip/vendor/laravel/framework/src/Illuminate/Foundation/Application.php(765): Illuminate\\Foundation\\ProviderRepository->load(Array)
#9 /Users/juanpi/Documents/laravel/gotrip/vendor/laravel/framework/src/Illuminate/Foundation/Bootstrap/RegisterProviders.php(17): Illuminate\\Foundation\\Application->registerConfiguredProviders()
#10 /Users/juanpi/Documents/laravel/gotrip/vendor/laravel/framework/src/Illuminate/Foundation/Application.php(263): Illuminate\\Foundation\\Bootstrap\\RegisterProviders->bootstrap(Object(Illuminate\\Foundation\\Application))
#11 /Users/juanpi/Documents/laravel/gotrip/vendor/laravel/framework/src/Illuminate/Foundation/Console/Kernel.php(447): Illuminate\\Foundation\\Application->bootstrapWith(Array)
#12 /Users/juanpi/Documents/laravel/gotrip/vendor/laravel/framework/src/Illuminate/Foundation/Console/Kernel.php(199): Illuminate\\Foundation\\Console\\Kernel->bootstrap()
#13 Command line code(1): Illuminate\\Foundation\\Console\\Kernel->handle(Object(Symfony\\Component\\Console\\Input\\ArgvInput), Object(Symfony\\Component\\Console\\Output\\ConsoleOutput))
#14 {main}
"} 
[2024-06-06 18:51:15] production.ERROR: include(/Users/juanpi/Documents/laravel/gotrip/vendor/composer/../../themes/BC/ThemeProvider.php): Failed to open stream: No such file or directory {"exception":"[object] (ErrorException(code: 0): include(/Users/juanpi/Documents/laravel/gotrip/vendor/composer/../../themes/BC/ThemeProvider.php): Failed to open stream: No such file or directory at /Users/juanpi/Documents/laravel/gotrip/vendor/composer/ClassLoader.php:571)
[stacktrace]
#0 /Users/juanpi/Documents/laravel/gotrip/vendor/laravel/framework/src/Illuminate/Foundation/Bootstrap/HandleExceptions.php(255): Illuminate\\Foundation\\Bootstrap\\HandleExceptions->handleError(2, 'include(/Users/...', '/Users/juanpi/D...', 571)
#1 /Users/juanpi/Documents/laravel/gotrip/vendor/composer/ClassLoader.php(571): Illuminate\\Foundation\\Bootstrap\\HandleExceptions->Illuminate\\Foundation\\Bootstrap\\{closure}(2, 'include(/Users/...', '/Users/juanpi/D...', 571)
#2 /Users/juanpi/Documents/laravel/gotrip/vendor/composer/ClassLoader.php(571): include('/Users/juanpi/D...')
#3 /Users/juanpi/Documents/laravel/gotrip/vendor/composer/ClassLoader.php(428): Composer\\Autoload\\includeFile('/Users/juanpi/D...')
#4 [internal function]: Composer\\Autoload\\ClassLoader->loadClass('Themes\\\\BC\\\\Theme...')
#5 /Users/juanpi/Documents/laravel/gotrip/themes/ThemeServiceProvider.php(78): class_exists('\\\\Themes\\\\BC\\\\Them...')
#6 /Users/juanpi/Documents/laravel/gotrip/vendor/laravel/framework/src/Illuminate/Foundation/Application.php(788): Themes\\ThemeServiceProvider->register()
#7 /Users/juanpi/Documents/laravel/gotrip/vendor/laravel/framework/src/Illuminate/Foundation/ProviderRepository.php(75): Illuminate\\Foundation\\Application->register(Object(Themes\\ThemeServiceProvider))
#8 /Users/juanpi/Documents/laravel/gotrip/vendor/laravel/framework/src/Illuminate/Foundation/Application.php(765): Illuminate\\Foundation\\ProviderRepository->load(Array)
#9 /Users/juanpi/Documents/laravel/gotrip/vendor/laravel/framework/src/Illuminate/Foundation/Bootstrap/RegisterProviders.php(17): Illuminate\\Foundation\\Application->registerConfiguredProviders()
#10 /Users/juanpi/Documents/laravel/gotrip/vendor/laravel/framework/src/Illuminate/Foundation/Application.php(263): Illuminate\\Foundation\\Bootstrap\\RegisterProviders->bootstrap(Object(Illuminate\\Foundation\\Application))
#11 /Users/juanpi/Documents/laravel/gotrip/vendor/laravel/framework/src/Illuminate/Foundation/Console/Kernel.php(447): Illuminate\\Foundation\\Application->bootstrapWith(Array)
#12 /Users/juanpi/Documents/laravel/gotrip/vendor/laravel/framework/src/Illuminate/Foundation/Console/Kernel.php(199): Illuminate\\Foundation\\Console\\Kernel->bootstrap()
#13 Command line code(1): Illuminate\\Foundation\\Console\\Kernel->handle(Object(Symfony\\Component\\Console\\Input\\ArgvInput), Object(Symfony\\Component\\Console\\Output\\ConsoleOutput))
#14 {main}
"} 
[2024-06-06 19:01:15] production.ERROR: include(/Users/juanpi/Documents/laravel/gotrip/vendor/composer/../../themes/BC/ThemeProvider.php): Failed to open stream: No such file or directory {"exception":"[object] (ErrorException(code: 0): include(/Users/juanpi/Documents/laravel/gotrip/vendor/composer/../../themes/BC/ThemeProvider.php): Failed to open stream: No such file or directory at /Users/juanpi/Documents/laravel/gotrip/vendor/composer/ClassLoader.php:571)
[stacktrace]
#0 /Users/juanpi/Documents/laravel/gotrip/vendor/laravel/framework/src/Illuminate/Foundation/Bootstrap/HandleExceptions.php(255): Illuminate\\Foundation\\Bootstrap\\HandleExceptions->handleError(2, 'include(/Users/...', '/Users/juanpi/D...', 571)
#1 /Users/juanpi/Documents/laravel/gotrip/vendor/composer/ClassLoader.php(571): Illuminate\\Foundation\\Bootstrap\\HandleExceptions->Illuminate\\Foundation\\Bootstrap\\{closure}(2, 'include(/Users/...', '/Users/juanpi/D...', 571)
#2 /Users/juanpi/Documents/laravel/gotrip/vendor/composer/ClassLoader.php(571): include('/Users/juanpi/D...')
#3 /Users/juanpi/Documents/laravel/gotrip/vendor/composer/ClassLoader.php(428): Composer\\Autoload\\includeFile('/Users/juanpi/D...')
#4 [internal function]: Composer\\Autoload\\ClassLoader->loadClass('Themes\\\\BC\\\\Theme...')
#5 /Users/juanpi/Documents/laravel/gotrip/themes/ThemeServiceProvider.php(78): class_exists('\\\\Themes\\\\BC\\\\Them...')
#6 /Users/juanpi/Documents/laravel/gotrip/vendor/laravel/framework/src/Illuminate/Foundation/Application.php(788): Themes\\ThemeServiceProvider->register()
#7 /Users/juanpi/Documents/laravel/gotrip/vendor/laravel/framework/src/Illuminate/Foundation/ProviderRepository.php(75): Illuminate\\Foundation\\Application->register(Object(Themes\\ThemeServiceProvider))
#8 /Users/juanpi/Documents/laravel/gotrip/vendor/laravel/framework/src/Illuminate/Foundation/Application.php(765): Illuminate\\Foundation\\ProviderRepository->load(Array)
#9 /Users/juanpi/Documents/laravel/gotrip/vendor/laravel/framework/src/Illuminate/Foundation/Bootstrap/RegisterProviders.php(17): Illuminate\\Foundation\\Application->registerConfiguredProviders()
#10 /Users/juanpi/Documents/laravel/gotrip/vendor/laravel/framework/src/Illuminate/Foundation/Application.php(263): Illuminate\\Foundation\\Bootstrap\\RegisterProviders->bootstrap(Object(Illuminate\\Foundation\\Application))
#11 /Users/juanpi/Documents/laravel/gotrip/vendor/laravel/framework/src/Illuminate/Foundation/Console/Kernel.php(447): Illuminate\\Foundation\\Application->bootstrapWith(Array)
#12 /Users/juanpi/Documents/laravel/gotrip/vendor/laravel/framework/src/Illuminate/Foundation/Console/Kernel.php(199): Illuminate\\Foundation\\Console\\Kernel->bootstrap()
#13 Command line code(1): Illuminate\\Foundation\\Console\\Kernel->handle(Object(Symfony\\Component\\Console\\Input\\ArgvInput), Object(Symfony\\Component\\Console\\Output\\ConsoleOutput))
#14 {main}
"} 
[2024-06-06 19:15:10] production.ERROR: include(/Users/juanpi/Documents/laravel/gotrip/vendor/composer/../../themes/BC/ThemeProvider.php): Failed to open stream: No such file or directory {"exception":"[object] (ErrorException(code: 0): include(/Users/juanpi/Documents/laravel/gotrip/vendor/composer/../../themes/BC/ThemeProvider.php): Failed to open stream: No such file or directory at /Users/juanpi/Documents/laravel/gotrip/vendor/composer/ClassLoader.php:571)
[stacktrace]
#0 /Users/juanpi/Documents/laravel/gotrip/vendor/laravel/framework/src/Illuminate/Foundation/Bootstrap/HandleExceptions.php(255): Illuminate\\Foundation\\Bootstrap\\HandleExceptions->handleError(2, 'include(/Users/...', '/Users/juanpi/D...', 571)
#1 /Users/juanpi/Documents/laravel/gotrip/vendor/composer/ClassLoader.php(571): Illuminate\\Foundation\\Bootstrap\\HandleExceptions->Illuminate\\Foundation\\Bootstrap\\{closure}(2, 'include(/Users/...', '/Users/juanpi/D...', 571)
#2 /Users/juanpi/Documents/laravel/gotrip/vendor/composer/ClassLoader.php(571): include('/Users/juanpi/D...')
#3 /Users/juanpi/Documents/laravel/gotrip/vendor/composer/ClassLoader.php(428): Composer\\Autoload\\includeFile('/Users/juanpi/D...')
#4 [internal function]: Composer\\Autoload\\ClassLoader->loadClass('Themes\\\\BC\\\\Theme...')
#5 /Users/juanpi/Documents/laravel/gotrip/themes/ThemeServiceProvider.php(78): class_exists('\\\\Themes\\\\BC\\\\Them...')
#6 /Users/juanpi/Documents/laravel/gotrip/vendor/laravel/framework/src/Illuminate/Foundation/Application.php(788): Themes\\ThemeServiceProvider->register()
#7 /Users/juanpi/Documents/laravel/gotrip/vendor/laravel/framework/src/Illuminate/Foundation/ProviderRepository.php(75): Illuminate\\Foundation\\Application->register(Object(Themes\\ThemeServiceProvider))
#8 /Users/juanpi/Documents/laravel/gotrip/vendor/laravel/framework/src/Illuminate/Foundation/Application.php(765): Illuminate\\Foundation\\ProviderRepository->load(Array)
#9 /Users/juanpi/Documents/laravel/gotrip/vendor/laravel/framework/src/Illuminate/Foundation/Bootstrap/RegisterProviders.php(17): Illuminate\\Foundation\\Application->registerConfiguredProviders()
#10 /Users/juanpi/Documents/laravel/gotrip/vendor/laravel/framework/src/Illuminate/Foundation/Application.php(263): Illuminate\\Foundation\\Bootstrap\\RegisterProviders->bootstrap(Object(Illuminate\\Foundation\\Application))
#11 /Users/juanpi/Documents/laravel/gotrip/vendor/laravel/framework/src/Illuminate/Foundation/Console/Kernel.php(447): Illuminate\\Foundation\\Application->bootstrapWith(Array)
#12 /Users/juanpi/Documents/laravel/gotrip/vendor/laravel/framework/src/Illuminate/Foundation/Console/Kernel.php(199): Illuminate\\Foundation\\Console\\Kernel->bootstrap()
#13 Command line code(1): Illuminate\\Foundation\\Console\\Kernel->handle(Object(Symfony\\Component\\Console\\Input\\ArgvInput), Object(Symfony\\Component\\Console\\Output\\ConsoleOutput))
#14 {main}
"} 
[2024-06-06 20:33:57] production.ERROR: include(/Users/juanpi/Documents/laravel/gotrip/vendor/composer/../../themes/BC/ThemeProvider.php): Failed to open stream: No such file or directory {"exception":"[object] (ErrorException(code: 0): include(/Users/juanpi/Documents/laravel/gotrip/vendor/composer/../../themes/BC/ThemeProvider.php): Failed to open stream: No such file or directory at /Users/juanpi/Documents/laravel/gotrip/vendor/composer/ClassLoader.php:571)
[stacktrace]
#0 /Users/juanpi/Documents/laravel/gotrip/vendor/laravel/framework/src/Illuminate/Foundation/Bootstrap/HandleExceptions.php(255): Illuminate\\Foundation\\Bootstrap\\HandleExceptions->handleError(2, 'include(/Users/...', '/Users/juanpi/D...', 571)
#1 /Users/juanpi/Documents/laravel/gotrip/vendor/composer/ClassLoader.php(571): Illuminate\\Foundation\\Bootstrap\\HandleExceptions->Illuminate\\Foundation\\Bootstrap\\{closure}(2, 'include(/Users/...', '/Users/juanpi/D...', 571)
#2 /Users/juanpi/Documents/laravel/gotrip/vendor/composer/ClassLoader.php(571): include('/Users/juanpi/D...')
#3 /Users/juanpi/Documents/laravel/gotrip/vendor/composer/ClassLoader.php(428): Composer\\Autoload\\includeFile('/Users/juanpi/D...')
#4 [internal function]: Composer\\Autoload\\ClassLoader->loadClass('Themes\\\\BC\\\\Theme...')
#5 /Users/juanpi/Documents/laravel/gotrip/themes/ThemeServiceProvider.php(78): class_exists('\\\\Themes\\\\BC\\\\Them...')
#6 /Users/juanpi/Documents/laravel/gotrip/vendor/laravel/framework/src/Illuminate/Foundation/Application.php(788): Themes\\ThemeServiceProvider->register()
#7 /Users/juanpi/Documents/laravel/gotrip/vendor/laravel/framework/src/Illuminate/Foundation/ProviderRepository.php(75): Illuminate\\Foundation\\Application->register(Object(Themes\\ThemeServiceProvider))
#8 /Users/juanpi/Documents/laravel/gotrip/vendor/laravel/framework/src/Illuminate/Foundation/Application.php(765): Illuminate\\Foundation\\ProviderRepository->load(Array)
#9 /Users/juanpi/Documents/laravel/gotrip/vendor/laravel/framework/src/Illuminate/Foundation/Bootstrap/RegisterProviders.php(17): Illuminate\\Foundation\\Application->registerConfiguredProviders()
#10 /Users/juanpi/Documents/laravel/gotrip/vendor/laravel/framework/src/Illuminate/Foundation/Application.php(263): Illuminate\\Foundation\\Bootstrap\\RegisterProviders->bootstrap(Object(Illuminate\\Foundation\\Application))
#11 /Users/juanpi/Documents/laravel/gotrip/vendor/laravel/framework/src/Illuminate/Foundation/Console/Kernel.php(447): Illuminate\\Foundation\\Application->bootstrapWith(Array)
#12 /Users/juanpi/Documents/laravel/gotrip/vendor/laravel/framework/src/Illuminate/Foundation/Console/Kernel.php(199): Illuminate\\Foundation\\Console\\Kernel->bootstrap()
#13 Command line code(1): Illuminate\\Foundation\\Console\\Kernel->handle(Object(Symfony\\Component\\Console\\Input\\ArgvInput), Object(Symfony\\Component\\Console\\Output\\ConsoleOutput))
#14 {main}
"} 
[2024-06-06 21:16:27] production.ERROR: include(/Users/juanpi/Documents/laravel/gotrip/vendor/composer/../../themes/BC/ThemeProvider.php): Failed to open stream: No such file or directory {"exception":"[object] (ErrorException(code: 0): include(/Users/juanpi/Documents/laravel/gotrip/vendor/composer/../../themes/BC/ThemeProvider.php): Failed to open stream: No such file or directory at /Users/juanpi/Documents/laravel/gotrip/vendor/composer/ClassLoader.php:571)
[stacktrace]
#0 /Users/juanpi/Documents/laravel/gotrip/vendor/laravel/framework/src/Illuminate/Foundation/Bootstrap/HandleExceptions.php(255): Illuminate\\Foundation\\Bootstrap\\HandleExceptions->handleError(2, 'include(/Users/...', '/Users/juanpi/D...', 571)
#1 /Users/juanpi/Documents/laravel/gotrip/vendor/composer/ClassLoader.php(571): Illuminate\\Foundation\\Bootstrap\\HandleExceptions->Illuminate\\Foundation\\Bootstrap\\{closure}(2, 'include(/Users/...', '/Users/juanpi/D...', 571)
#2 /Users/juanpi/Documents/laravel/gotrip/vendor/composer/ClassLoader.php(571): include('/Users/juanpi/D...')
#3 /Users/juanpi/Documents/laravel/gotrip/vendor/composer/ClassLoader.php(428): Composer\\Autoload\\includeFile('/Users/juanpi/D...')
#4 [internal function]: Composer\\Autoload\\ClassLoader->loadClass('Themes\\\\BC\\\\Theme...')
#5 /Users/juanpi/Documents/laravel/gotrip/themes/ThemeServiceProvider.php(78): class_exists('\\\\Themes\\\\BC\\\\Them...')
#6 /Users/juanpi/Documents/laravel/gotrip/vendor/laravel/framework/src/Illuminate/Foundation/Application.php(788): Themes\\ThemeServiceProvider->register()
#7 /Users/juanpi/Documents/laravel/gotrip/vendor/laravel/framework/src/Illuminate/Foundation/ProviderRepository.php(75): Illuminate\\Foundation\\Application->register(Object(Themes\\ThemeServiceProvider))
#8 /Users/juanpi/Documents/laravel/gotrip/vendor/laravel/framework/src/Illuminate/Foundation/Application.php(765): Illuminate\\Foundation\\ProviderRepository->load(Array)
#9 /Users/juanpi/Documents/laravel/gotrip/vendor/laravel/framework/src/Illuminate/Foundation/Bootstrap/RegisterProviders.php(17): Illuminate\\Foundation\\Application->registerConfiguredProviders()
#10 /Users/juanpi/Documents/laravel/gotrip/vendor/laravel/framework/src/Illuminate/Foundation/Application.php(263): Illuminate\\Foundation\\Bootstrap\\RegisterProviders->bootstrap(Object(Illuminate\\Foundation\\Application))
#11 /Users/juanpi/Documents/laravel/gotrip/vendor/laravel/framework/src/Illuminate/Foundation/Console/Kernel.php(447): Illuminate\\Foundation\\Application->bootstrapWith(Array)
#12 /Users/juanpi/Documents/laravel/gotrip/vendor/laravel/framework/src/Illuminate/Foundation/Console/Kernel.php(199): Illuminate\\Foundation\\Console\\Kernel->bootstrap()
#13 Command line code(1): Illuminate\\Foundation\\Console\\Kernel->handle(Object(Symfony\\Component\\Console\\Input\\ArgvInput), Object(Symfony\\Component\\Console\\Output\\ConsoleOutput))
#14 {main}
"} 
[2024-06-06 22:51:25] production.ERROR: include(/Users/juanpi/Documents/laravel/gotrip/vendor/composer/../../themes/BC/ThemeProvider.php): Failed to open stream: No such file or directory {"exception":"[object] (ErrorException(code: 0): include(/Users/juanpi/Documents/laravel/gotrip/vendor/composer/../../themes/BC/ThemeProvider.php): Failed to open stream: No such file or directory at /Users/juanpi/Documents/laravel/gotrip/vendor/composer/ClassLoader.php:571)
[stacktrace]
#0 /Users/juanpi/Documents/laravel/gotrip/vendor/laravel/framework/src/Illuminate/Foundation/Bootstrap/HandleExceptions.php(255): Illuminate\\Foundation\\Bootstrap\\HandleExceptions->handleError(2, 'include(/Users/...', '/Users/juanpi/D...', 571)
#1 /Users/juanpi/Documents/laravel/gotrip/vendor/composer/ClassLoader.php(571): Illuminate\\Foundation\\Bootstrap\\HandleExceptions->Illuminate\\Foundation\\Bootstrap\\{closure}(2, 'include(/Users/...', '/Users/juanpi/D...', 571)
#2 /Users/juanpi/Documents/laravel/gotrip/vendor/composer/ClassLoader.php(571): include('/Users/juanpi/D...')
#3 /Users/juanpi/Documents/laravel/gotrip/vendor/composer/ClassLoader.php(428): Composer\\Autoload\\includeFile('/Users/juanpi/D...')
#4 [internal function]: Composer\\Autoload\\ClassLoader->loadClass('Themes\\\\BC\\\\Theme...')
#5 /Users/juanpi/Documents/laravel/gotrip/themes/ThemeServiceProvider.php(78): class_exists('\\\\Themes\\\\BC\\\\Them...')
#6 /Users/juanpi/Documents/laravel/gotrip/vendor/laravel/framework/src/Illuminate/Foundation/Application.php(788): Themes\\ThemeServiceProvider->register()
#7 /Users/juanpi/Documents/laravel/gotrip/vendor/laravel/framework/src/Illuminate/Foundation/ProviderRepository.php(75): Illuminate\\Foundation\\Application->register(Object(Themes\\ThemeServiceProvider))
#8 /Users/juanpi/Documents/laravel/gotrip/vendor/laravel/framework/src/Illuminate/Foundation/Application.php(765): Illuminate\\Foundation\\ProviderRepository->load(Array)
#9 /Users/juanpi/Documents/laravel/gotrip/vendor/laravel/framework/src/Illuminate/Foundation/Bootstrap/RegisterProviders.php(17): Illuminate\\Foundation\\Application->registerConfiguredProviders()
#10 /Users/juanpi/Documents/laravel/gotrip/vendor/laravel/framework/src/Illuminate/Foundation/Application.php(263): Illuminate\\Foundation\\Bootstrap\\RegisterProviders->bootstrap(Object(Illuminate\\Foundation\\Application))
#11 /Users/juanpi/Documents/laravel/gotrip/vendor/laravel/framework/src/Illuminate/Foundation/Console/Kernel.php(447): Illuminate\\Foundation\\Application->bootstrapWith(Array)
#12 /Users/juanpi/Documents/laravel/gotrip/vendor/laravel/framework/src/Illuminate/Foundation/Console/Kernel.php(199): Illuminate\\Foundation\\Console\\Kernel->bootstrap()
#13 Command line code(1): Illuminate\\Foundation\\Console\\Kernel->handle(Object(Symfony\\Component\\Console\\Input\\ArgvInput), Object(Symfony\\Component\\Console\\Output\\ConsoleOutput))
#14 {main}
"} 
[2024-06-06 23:45:30] production.ERROR: include(/Users/juanpi/Documents/laravel/gotrip/vendor/composer/../../themes/BC/ThemeProvider.php): Failed to open stream: No such file or directory {"exception":"[object] (ErrorException(code: 0): include(/Users/juanpi/Documents/laravel/gotrip/vendor/composer/../../themes/BC/ThemeProvider.php): Failed to open stream: No such file or directory at /Users/juanpi/Documents/laravel/gotrip/vendor/composer/ClassLoader.php:571)
[stacktrace]
#0 /Users/juanpi/Documents/laravel/gotrip/vendor/laravel/framework/src/Illuminate/Foundation/Bootstrap/HandleExceptions.php(255): Illuminate\\Foundation\\Bootstrap\\HandleExceptions->handleError(2, 'include(/Users/...', '/Users/juanpi/D...', 571)
#1 /Users/juanpi/Documents/laravel/gotrip/vendor/composer/ClassLoader.php(571): Illuminate\\Foundation\\Bootstrap\\HandleExceptions->Illuminate\\Foundation\\Bootstrap\\{closure}(2, 'include(/Users/...', '/Users/juanpi/D...', 571)
#2 /Users/juanpi/Documents/laravel/gotrip/vendor/composer/ClassLoader.php(571): include('/Users/juanpi/D...')
#3 /Users/juanpi/Documents/laravel/gotrip/vendor/composer/ClassLoader.php(428): Composer\\Autoload\\includeFile('/Users/juanpi/D...')
#4 [internal function]: Composer\\Autoload\\ClassLoader->loadClass('Themes\\\\BC\\\\Theme...')
#5 /Users/juanpi/Documents/laravel/gotrip/themes/ThemeServiceProvider.php(78): class_exists('\\\\Themes\\\\BC\\\\Them...')
#6 /Users/juanpi/Documents/laravel/gotrip/vendor/laravel/framework/src/Illuminate/Foundation/Application.php(788): Themes\\ThemeServiceProvider->register()
#7 /Users/juanpi/Documents/laravel/gotrip/vendor/laravel/framework/src/Illuminate/Foundation/ProviderRepository.php(75): Illuminate\\Foundation\\Application->register(Object(Themes\\ThemeServiceProvider))
#8 /Users/juanpi/Documents/laravel/gotrip/vendor/laravel/framework/src/Illuminate/Foundation/Application.php(765): Illuminate\\Foundation\\ProviderRepository->load(Array)
#9 /Users/juanpi/Documents/laravel/gotrip/vendor/laravel/framework/src/Illuminate/Foundation/Bootstrap/RegisterProviders.php(17): Illuminate\\Foundation\\Application->registerConfiguredProviders()
#10 /Users/juanpi/Documents/laravel/gotrip/vendor/laravel/framework/src/Illuminate/Foundation/Application.php(263): Illuminate\\Foundation\\Bootstrap\\RegisterProviders->bootstrap(Object(Illuminate\\Foundation\\Application))
#11 /Users/juanpi/Documents/laravel/gotrip/vendor/laravel/framework/src/Illuminate/Foundation/Console/Kernel.php(447): Illuminate\\Foundation\\Application->bootstrapWith(Array)
#12 /Users/juanpi/Documents/laravel/gotrip/vendor/laravel/framework/src/Illuminate/Foundation/Console/Kernel.php(199): Illuminate\\Foundation\\Console\\Kernel->bootstrap()
#13 Command line code(1): Illuminate\\Foundation\\Console\\Kernel->handle(Object(Symfony\\Component\\Console\\Input\\ArgvInput), Object(Symfony\\Component\\Console\\Output\\ConsoleOutput))
#14 {main}
"} 
