[2024-06-14 00:54:08] production.ERROR: include(/Users/juanpi/Documents/laravel/gotrip/vendor/composer/../../themes/BC/ThemeProvider.php): Failed to open stream: No such file or directory {"exception":"[object] (ErrorException(code: 0): include(/Users/juanpi/Documents/laravel/gotrip/vendor/composer/../../themes/BC/ThemeProvider.php): Failed to open stream: No such file or directory at /Users/juanpi/Documents/laravel/gotrip/vendor/composer/ClassLoader.php:571)
[stacktrace]
#0 /Users/juanpi/Documents/laravel/gotrip/vendor/laravel/framework/src/Illuminate/Foundation/Bootstrap/HandleExceptions.php(255): Illuminate\\Foundation\\Bootstrap\\HandleExceptions->handleError(2, 'include(/Users/...', '/Users/juanpi/D...', 571)
#1 /Users/juanpi/Documents/laravel/gotrip/vendor/composer/ClassLoader.php(571): Illuminate\\Foundation\\Bootstrap\\HandleExceptions->Illuminate\\Foundation\\Bootstrap\\{closure}(2, 'include(/Users/...', '/Users/juanpi/D...', 571)
#2 /Users/juanpi/Documents/laravel/gotrip/vendor/composer/ClassLoader.php(571): include('/Users/juanpi/D...')
#3 /Users/juanpi/Documents/laravel/gotrip/vendor/composer/ClassLoader.php(428): Composer\\Autoload\\includeFile('/Users/juanpi/D...')
#4 [internal function]: Composer\\Autoload\\ClassLoader->loadClass('Themes\\\\BC\\\\Theme...')
#5 /Users/juanpi/Documents/laravel/gotrip/themes/ThemeServiceProvider.php(78): class_exists('\\\\Themes\\\\BC\\\\Them...')
#6 /Users/juanpi/Documents/laravel/gotrip/vendor/laravel/framework/src/Illuminate/Foundation/Application.php(788): Themes\\ThemeServiceProvider->register()
#7 /Users/juanpi/Documents/laravel/gotrip/vendor/laravel/framework/src/Illuminate/Foundation/ProviderRepository.php(75): Illuminate\\Foundation\\Application->register(Object(Themes\\ThemeServiceProvider))
#8 /Users/juanpi/Documents/laravel/gotrip/vendor/laravel/framework/src/Illuminate/Foundation/Application.php(765): Illuminate\\Foundation\\ProviderRepository->load(Array)
#9 /Users/juanpi/Documents/laravel/gotrip/vendor/laravel/framework/src/Illuminate/Foundation/Bootstrap/RegisterProviders.php(17): Illuminate\\Foundation\\Application->registerConfiguredProviders()
#10 /Users/juanpi/Documents/laravel/gotrip/vendor/laravel/framework/src/Illuminate/Foundation/Application.php(263): Illuminate\\Foundation\\Bootstrap\\RegisterProviders->bootstrap(Object(Illuminate\\Foundation\\Application))
#11 /Users/juanpi/Documents/laravel/gotrip/vendor/laravel/framework/src/Illuminate/Foundation/Console/Kernel.php(447): Illuminate\\Foundation\\Application->bootstrapWith(Array)
#12 /Users/juanpi/Documents/laravel/gotrip/vendor/laravel/framework/src/Illuminate/Foundation/Console/Kernel.php(199): Illuminate\\Foundation\\Console\\Kernel->bootstrap()
#13 Command line code(1): Illuminate\\Foundation\\Console\\Kernel->handle(Object(Symfony\\Component\\Console\\Input\\ArgvInput), Object(Symfony\\Component\\Console\\Output\\ConsoleOutput))
#14 {main}
"} 
[2024-06-14 02:17:32] production.ERROR: include(/Users/juanpi/Documents/laravel/gotrip/vendor/composer/../../themes/BC/ThemeProvider.php): Failed to open stream: No such file or directory {"exception":"[object] (ErrorException(code: 0): include(/Users/juanpi/Documents/laravel/gotrip/vendor/composer/../../themes/BC/ThemeProvider.php): Failed to open stream: No such file or directory at /Users/juanpi/Documents/laravel/gotrip/vendor/composer/ClassLoader.php:571)
[stacktrace]
#0 /Users/juanpi/Documents/laravel/gotrip/vendor/laravel/framework/src/Illuminate/Foundation/Bootstrap/HandleExceptions.php(255): Illuminate\\Foundation\\Bootstrap\\HandleExceptions->handleError(2, 'include(/Users/...', '/Users/juanpi/D...', 571)
#1 /Users/juanpi/Documents/laravel/gotrip/vendor/composer/ClassLoader.php(571): Illuminate\\Foundation\\Bootstrap\\HandleExceptions->Illuminate\\Foundation\\Bootstrap\\{closure}(2, 'include(/Users/...', '/Users/juanpi/D...', 571)
#2 /Users/juanpi/Documents/laravel/gotrip/vendor/composer/ClassLoader.php(571): include('/Users/juanpi/D...')
#3 /Users/juanpi/Documents/laravel/gotrip/vendor/composer/ClassLoader.php(428): Composer\\Autoload\\includeFile('/Users/juanpi/D...')
#4 [internal function]: Composer\\Autoload\\ClassLoader->loadClass('Themes\\\\BC\\\\Theme...')
#5 /Users/juanpi/Documents/laravel/gotrip/themes/ThemeServiceProvider.php(78): class_exists('\\\\Themes\\\\BC\\\\Them...')
#6 /Users/juanpi/Documents/laravel/gotrip/vendor/laravel/framework/src/Illuminate/Foundation/Application.php(788): Themes\\ThemeServiceProvider->register()
#7 /Users/juanpi/Documents/laravel/gotrip/vendor/laravel/framework/src/Illuminate/Foundation/ProviderRepository.php(75): Illuminate\\Foundation\\Application->register(Object(Themes\\ThemeServiceProvider))
#8 /Users/juanpi/Documents/laravel/gotrip/vendor/laravel/framework/src/Illuminate/Foundation/Application.php(765): Illuminate\\Foundation\\ProviderRepository->load(Array)
#9 /Users/juanpi/Documents/laravel/gotrip/vendor/laravel/framework/src/Illuminate/Foundation/Bootstrap/RegisterProviders.php(17): Illuminate\\Foundation\\Application->registerConfiguredProviders()
#10 /Users/juanpi/Documents/laravel/gotrip/vendor/laravel/framework/src/Illuminate/Foundation/Application.php(263): Illuminate\\Foundation\\Bootstrap\\RegisterProviders->bootstrap(Object(Illuminate\\Foundation\\Application))
#11 /Users/juanpi/Documents/laravel/gotrip/vendor/laravel/framework/src/Illuminate/Foundation/Console/Kernel.php(447): Illuminate\\Foundation\\Application->bootstrapWith(Array)
#12 /Users/juanpi/Documents/laravel/gotrip/vendor/laravel/framework/src/Illuminate/Foundation/Console/Kernel.php(199): Illuminate\\Foundation\\Console\\Kernel->bootstrap()
#13 Command line code(1): Illuminate\\Foundation\\Console\\Kernel->handle(Object(Symfony\\Component\\Console\\Input\\ArgvInput), Object(Symfony\\Component\\Console\\Output\\ConsoleOutput))
#14 {main}
"} 
[2024-06-14 03:12:21] production.ERROR: include(/Users/juanpi/Documents/laravel/gotrip/vendor/composer/../../themes/BC/ThemeProvider.php): Failed to open stream: No such file or directory {"exception":"[object] (ErrorException(code: 0): include(/Users/juanpi/Documents/laravel/gotrip/vendor/composer/../../themes/BC/ThemeProvider.php): Failed to open stream: No such file or directory at /Users/juanpi/Documents/laravel/gotrip/vendor/composer/ClassLoader.php:571)
[stacktrace]
#0 /Users/juanpi/Documents/laravel/gotrip/vendor/laravel/framework/src/Illuminate/Foundation/Bootstrap/HandleExceptions.php(255): Illuminate\\Foundation\\Bootstrap\\HandleExceptions->handleError(2, 'include(/Users/...', '/Users/juanpi/D...', 571)
#1 /Users/juanpi/Documents/laravel/gotrip/vendor/composer/ClassLoader.php(571): Illuminate\\Foundation\\Bootstrap\\HandleExceptions->Illuminate\\Foundation\\Bootstrap\\{closure}(2, 'include(/Users/...', '/Users/juanpi/D...', 571)
#2 /Users/juanpi/Documents/laravel/gotrip/vendor/composer/ClassLoader.php(571): include('/Users/juanpi/D...')
#3 /Users/juanpi/Documents/laravel/gotrip/vendor/composer/ClassLoader.php(428): Composer\\Autoload\\includeFile('/Users/juanpi/D...')
#4 [internal function]: Composer\\Autoload\\ClassLoader->loadClass('Themes\\\\BC\\\\Theme...')
#5 /Users/juanpi/Documents/laravel/gotrip/themes/ThemeServiceProvider.php(78): class_exists('\\\\Themes\\\\BC\\\\Them...')
#6 /Users/juanpi/Documents/laravel/gotrip/vendor/laravel/framework/src/Illuminate/Foundation/Application.php(788): Themes\\ThemeServiceProvider->register()
#7 /Users/juanpi/Documents/laravel/gotrip/vendor/laravel/framework/src/Illuminate/Foundation/ProviderRepository.php(75): Illuminate\\Foundation\\Application->register(Object(Themes\\ThemeServiceProvider))
#8 /Users/juanpi/Documents/laravel/gotrip/vendor/laravel/framework/src/Illuminate/Foundation/Application.php(765): Illuminate\\Foundation\\ProviderRepository->load(Array)
#9 /Users/juanpi/Documents/laravel/gotrip/vendor/laravel/framework/src/Illuminate/Foundation/Bootstrap/RegisterProviders.php(17): Illuminate\\Foundation\\Application->registerConfiguredProviders()
#10 /Users/juanpi/Documents/laravel/gotrip/vendor/laravel/framework/src/Illuminate/Foundation/Application.php(263): Illuminate\\Foundation\\Bootstrap\\RegisterProviders->bootstrap(Object(Illuminate\\Foundation\\Application))
#11 /Users/juanpi/Documents/laravel/gotrip/vendor/laravel/framework/src/Illuminate/Foundation/Console/Kernel.php(447): Illuminate\\Foundation\\Application->bootstrapWith(Array)
#12 /Users/juanpi/Documents/laravel/gotrip/vendor/laravel/framework/src/Illuminate/Foundation/Console/Kernel.php(199): Illuminate\\Foundation\\Console\\Kernel->bootstrap()
#13 Command line code(1): Illuminate\\Foundation\\Console\\Kernel->handle(Object(Symfony\\Component\\Console\\Input\\ArgvInput), Object(Symfony\\Component\\Console\\Output\\ConsoleOutput))
#14 {main}
"} 
[2024-06-14 03:25:35] production.ERROR: include(/Users/juanpi/Documents/laravel/gotrip/vendor/composer/../../themes/BC/ThemeProvider.php): Failed to open stream: No such file or directory {"exception":"[object] (ErrorException(code: 0): include(/Users/juanpi/Documents/laravel/gotrip/vendor/composer/../../themes/BC/ThemeProvider.php): Failed to open stream: No such file or directory at /Users/juanpi/Documents/laravel/gotrip/vendor/composer/ClassLoader.php:571)
[stacktrace]
#0 /Users/juanpi/Documents/laravel/gotrip/vendor/laravel/framework/src/Illuminate/Foundation/Bootstrap/HandleExceptions.php(255): Illuminate\\Foundation\\Bootstrap\\HandleExceptions->handleError(2, 'include(/Users/...', '/Users/juanpi/D...', 571)
#1 /Users/juanpi/Documents/laravel/gotrip/vendor/composer/ClassLoader.php(571): Illuminate\\Foundation\\Bootstrap\\HandleExceptions->Illuminate\\Foundation\\Bootstrap\\{closure}(2, 'include(/Users/...', '/Users/juanpi/D...', 571)
#2 /Users/juanpi/Documents/laravel/gotrip/vendor/composer/ClassLoader.php(571): include('/Users/juanpi/D...')
#3 /Users/juanpi/Documents/laravel/gotrip/vendor/composer/ClassLoader.php(428): Composer\\Autoload\\includeFile('/Users/juanpi/D...')
#4 [internal function]: Composer\\Autoload\\ClassLoader->loadClass('Themes\\\\BC\\\\Theme...')
#5 /Users/juanpi/Documents/laravel/gotrip/themes/ThemeServiceProvider.php(78): class_exists('\\\\Themes\\\\BC\\\\Them...')
#6 /Users/juanpi/Documents/laravel/gotrip/vendor/laravel/framework/src/Illuminate/Foundation/Application.php(788): Themes\\ThemeServiceProvider->register()
#7 /Users/juanpi/Documents/laravel/gotrip/vendor/laravel/framework/src/Illuminate/Foundation/ProviderRepository.php(75): Illuminate\\Foundation\\Application->register(Object(Themes\\ThemeServiceProvider))
#8 /Users/juanpi/Documents/laravel/gotrip/vendor/laravel/framework/src/Illuminate/Foundation/Application.php(765): Illuminate\\Foundation\\ProviderRepository->load(Array)
#9 /Users/juanpi/Documents/laravel/gotrip/vendor/laravel/framework/src/Illuminate/Foundation/Bootstrap/RegisterProviders.php(17): Illuminate\\Foundation\\Application->registerConfiguredProviders()
#10 /Users/juanpi/Documents/laravel/gotrip/vendor/laravel/framework/src/Illuminate/Foundation/Application.php(263): Illuminate\\Foundation\\Bootstrap\\RegisterProviders->bootstrap(Object(Illuminate\\Foundation\\Application))
#11 /Users/juanpi/Documents/laravel/gotrip/vendor/laravel/framework/src/Illuminate/Foundation/Console/Kernel.php(447): Illuminate\\Foundation\\Application->bootstrapWith(Array)
#12 /Users/juanpi/Documents/laravel/gotrip/vendor/laravel/framework/src/Illuminate/Foundation/Console/Kernel.php(199): Illuminate\\Foundation\\Console\\Kernel->bootstrap()
#13 Command line code(1): Illuminate\\Foundation\\Console\\Kernel->handle(Object(Symfony\\Component\\Console\\Input\\ArgvInput), Object(Symfony\\Component\\Console\\Output\\ConsoleOutput))
#14 {main}
"} 
[2024-06-14 04:26:43] production.ERROR: include(/Users/juanpi/Documents/laravel/gotrip/vendor/composer/../../themes/BC/ThemeProvider.php): Failed to open stream: No such file or directory {"exception":"[object] (ErrorException(code: 0): include(/Users/juanpi/Documents/laravel/gotrip/vendor/composer/../../themes/BC/ThemeProvider.php): Failed to open stream: No such file or directory at /Users/juanpi/Documents/laravel/gotrip/vendor/composer/ClassLoader.php:571)
[stacktrace]
#0 /Users/juanpi/Documents/laravel/gotrip/vendor/laravel/framework/src/Illuminate/Foundation/Bootstrap/HandleExceptions.php(255): Illuminate\\Foundation\\Bootstrap\\HandleExceptions->handleError(2, 'include(/Users/...', '/Users/juanpi/D...', 571)
#1 /Users/juanpi/Documents/laravel/gotrip/vendor/composer/ClassLoader.php(571): Illuminate\\Foundation\\Bootstrap\\HandleExceptions->Illuminate\\Foundation\\Bootstrap\\{closure}(2, 'include(/Users/...', '/Users/juanpi/D...', 571)
#2 /Users/juanpi/Documents/laravel/gotrip/vendor/composer/ClassLoader.php(571): include('/Users/juanpi/D...')
#3 /Users/juanpi/Documents/laravel/gotrip/vendor/composer/ClassLoader.php(428): Composer\\Autoload\\includeFile('/Users/juanpi/D...')
#4 [internal function]: Composer\\Autoload\\ClassLoader->loadClass('Themes\\\\BC\\\\Theme...')
#5 /Users/juanpi/Documents/laravel/gotrip/themes/ThemeServiceProvider.php(78): class_exists('\\\\Themes\\\\BC\\\\Them...')
#6 /Users/juanpi/Documents/laravel/gotrip/vendor/laravel/framework/src/Illuminate/Foundation/Application.php(788): Themes\\ThemeServiceProvider->register()
#7 /Users/juanpi/Documents/laravel/gotrip/vendor/laravel/framework/src/Illuminate/Foundation/ProviderRepository.php(75): Illuminate\\Foundation\\Application->register(Object(Themes\\ThemeServiceProvider))
#8 /Users/juanpi/Documents/laravel/gotrip/vendor/laravel/framework/src/Illuminate/Foundation/Application.php(765): Illuminate\\Foundation\\ProviderRepository->load(Array)
#9 /Users/juanpi/Documents/laravel/gotrip/vendor/laravel/framework/src/Illuminate/Foundation/Bootstrap/RegisterProviders.php(17): Illuminate\\Foundation\\Application->registerConfiguredProviders()
#10 /Users/juanpi/Documents/laravel/gotrip/vendor/laravel/framework/src/Illuminate/Foundation/Application.php(263): Illuminate\\Foundation\\Bootstrap\\RegisterProviders->bootstrap(Object(Illuminate\\Foundation\\Application))
#11 /Users/juanpi/Documents/laravel/gotrip/vendor/laravel/framework/src/Illuminate/Foundation/Console/Kernel.php(447): Illuminate\\Foundation\\Application->bootstrapWith(Array)
#12 /Users/juanpi/Documents/laravel/gotrip/vendor/laravel/framework/src/Illuminate/Foundation/Console/Kernel.php(199): Illuminate\\Foundation\\Console\\Kernel->bootstrap()
#13 Command line code(1): Illuminate\\Foundation\\Console\\Kernel->handle(Object(Symfony\\Component\\Console\\Input\\ArgvInput), Object(Symfony\\Component\\Console\\Output\\ConsoleOutput))
#14 {main}
"} 
[2024-06-14 05:27:52] production.ERROR: include(/Users/juanpi/Documents/laravel/gotrip/vendor/composer/../../themes/BC/ThemeProvider.php): Failed to open stream: No such file or directory {"exception":"[object] (ErrorException(code: 0): include(/Users/juanpi/Documents/laravel/gotrip/vendor/composer/../../themes/BC/ThemeProvider.php): Failed to open stream: No such file or directory at /Users/juanpi/Documents/laravel/gotrip/vendor/composer/ClassLoader.php:571)
[stacktrace]
#0 /Users/juanpi/Documents/laravel/gotrip/vendor/laravel/framework/src/Illuminate/Foundation/Bootstrap/HandleExceptions.php(255): Illuminate\\Foundation\\Bootstrap\\HandleExceptions->handleError(2, 'include(/Users/...', '/Users/juanpi/D...', 571)
#1 /Users/juanpi/Documents/laravel/gotrip/vendor/composer/ClassLoader.php(571): Illuminate\\Foundation\\Bootstrap\\HandleExceptions->Illuminate\\Foundation\\Bootstrap\\{closure}(2, 'include(/Users/...', '/Users/juanpi/D...', 571)
#2 /Users/juanpi/Documents/laravel/gotrip/vendor/composer/ClassLoader.php(571): include('/Users/juanpi/D...')
#3 /Users/juanpi/Documents/laravel/gotrip/vendor/composer/ClassLoader.php(428): Composer\\Autoload\\includeFile('/Users/juanpi/D...')
#4 [internal function]: Composer\\Autoload\\ClassLoader->loadClass('Themes\\\\BC\\\\Theme...')
#5 /Users/juanpi/Documents/laravel/gotrip/themes/ThemeServiceProvider.php(78): class_exists('\\\\Themes\\\\BC\\\\Them...')
#6 /Users/juanpi/Documents/laravel/gotrip/vendor/laravel/framework/src/Illuminate/Foundation/Application.php(788): Themes\\ThemeServiceProvider->register()
#7 /Users/juanpi/Documents/laravel/gotrip/vendor/laravel/framework/src/Illuminate/Foundation/ProviderRepository.php(75): Illuminate\\Foundation\\Application->register(Object(Themes\\ThemeServiceProvider))
#8 /Users/juanpi/Documents/laravel/gotrip/vendor/laravel/framework/src/Illuminate/Foundation/Application.php(765): Illuminate\\Foundation\\ProviderRepository->load(Array)
#9 /Users/juanpi/Documents/laravel/gotrip/vendor/laravel/framework/src/Illuminate/Foundation/Bootstrap/RegisterProviders.php(17): Illuminate\\Foundation\\Application->registerConfiguredProviders()
#10 /Users/juanpi/Documents/laravel/gotrip/vendor/laravel/framework/src/Illuminate/Foundation/Application.php(263): Illuminate\\Foundation\\Bootstrap\\RegisterProviders->bootstrap(Object(Illuminate\\Foundation\\Application))
#11 /Users/juanpi/Documents/laravel/gotrip/vendor/laravel/framework/src/Illuminate/Foundation/Console/Kernel.php(447): Illuminate\\Foundation\\Application->bootstrapWith(Array)
#12 /Users/juanpi/Documents/laravel/gotrip/vendor/laravel/framework/src/Illuminate/Foundation/Console/Kernel.php(199): Illuminate\\Foundation\\Console\\Kernel->bootstrap()
#13 Command line code(1): Illuminate\\Foundation\\Console\\Kernel->handle(Object(Symfony\\Component\\Console\\Input\\ArgvInput), Object(Symfony\\Component\\Console\\Output\\ConsoleOutput))
#14 {main}
"} 
[2024-06-14 06:28:54] production.ERROR: include(/Users/juanpi/Documents/laravel/gotrip/vendor/composer/../../themes/BC/ThemeProvider.php): Failed to open stream: No such file or directory {"exception":"[object] (ErrorException(code: 0): include(/Users/juanpi/Documents/laravel/gotrip/vendor/composer/../../themes/BC/ThemeProvider.php): Failed to open stream: No such file or directory at /Users/juanpi/Documents/laravel/gotrip/vendor/composer/ClassLoader.php:571)
[stacktrace]
#0 /Users/juanpi/Documents/laravel/gotrip/vendor/laravel/framework/src/Illuminate/Foundation/Bootstrap/HandleExceptions.php(255): Illuminate\\Foundation\\Bootstrap\\HandleExceptions->handleError(2, 'include(/Users/...', '/Users/juanpi/D...', 571)
#1 /Users/juanpi/Documents/laravel/gotrip/vendor/composer/ClassLoader.php(571): Illuminate\\Foundation\\Bootstrap\\HandleExceptions->Illuminate\\Foundation\\Bootstrap\\{closure}(2, 'include(/Users/...', '/Users/juanpi/D...', 571)
#2 /Users/juanpi/Documents/laravel/gotrip/vendor/composer/ClassLoader.php(571): include('/Users/juanpi/D...')
#3 /Users/juanpi/Documents/laravel/gotrip/vendor/composer/ClassLoader.php(428): Composer\\Autoload\\includeFile('/Users/juanpi/D...')
#4 [internal function]: Composer\\Autoload\\ClassLoader->loadClass('Themes\\\\BC\\\\Theme...')
#5 /Users/juanpi/Documents/laravel/gotrip/themes/ThemeServiceProvider.php(78): class_exists('\\\\Themes\\\\BC\\\\Them...')
#6 /Users/juanpi/Documents/laravel/gotrip/vendor/laravel/framework/src/Illuminate/Foundation/Application.php(788): Themes\\ThemeServiceProvider->register()
#7 /Users/juanpi/Documents/laravel/gotrip/vendor/laravel/framework/src/Illuminate/Foundation/ProviderRepository.php(75): Illuminate\\Foundation\\Application->register(Object(Themes\\ThemeServiceProvider))
#8 /Users/juanpi/Documents/laravel/gotrip/vendor/laravel/framework/src/Illuminate/Foundation/Application.php(765): Illuminate\\Foundation\\ProviderRepository->load(Array)
#9 /Users/juanpi/Documents/laravel/gotrip/vendor/laravel/framework/src/Illuminate/Foundation/Bootstrap/RegisterProviders.php(17): Illuminate\\Foundation\\Application->registerConfiguredProviders()
#10 /Users/juanpi/Documents/laravel/gotrip/vendor/laravel/framework/src/Illuminate/Foundation/Application.php(263): Illuminate\\Foundation\\Bootstrap\\RegisterProviders->bootstrap(Object(Illuminate\\Foundation\\Application))
#11 /Users/juanpi/Documents/laravel/gotrip/vendor/laravel/framework/src/Illuminate/Foundation/Console/Kernel.php(447): Illuminate\\Foundation\\Application->bootstrapWith(Array)
#12 /Users/juanpi/Documents/laravel/gotrip/vendor/laravel/framework/src/Illuminate/Foundation/Console/Kernel.php(199): Illuminate\\Foundation\\Console\\Kernel->bootstrap()
#13 Command line code(1): Illuminate\\Foundation\\Console\\Kernel->handle(Object(Symfony\\Component\\Console\\Input\\ArgvInput), Object(Symfony\\Component\\Console\\Output\\ConsoleOutput))
#14 {main}
"} 
[2024-06-14 07:30:02] production.ERROR: include(/Users/juanpi/Documents/laravel/gotrip/vendor/composer/../../themes/BC/ThemeProvider.php): Failed to open stream: No such file or directory {"exception":"[object] (ErrorException(code: 0): include(/Users/juanpi/Documents/laravel/gotrip/vendor/composer/../../themes/BC/ThemeProvider.php): Failed to open stream: No such file or directory at /Users/juanpi/Documents/laravel/gotrip/vendor/composer/ClassLoader.php:571)
[stacktrace]
#0 /Users/juanpi/Documents/laravel/gotrip/vendor/laravel/framework/src/Illuminate/Foundation/Bootstrap/HandleExceptions.php(255): Illuminate\\Foundation\\Bootstrap\\HandleExceptions->handleError(2, 'include(/Users/...', '/Users/juanpi/D...', 571)
#1 /Users/juanpi/Documents/laravel/gotrip/vendor/composer/ClassLoader.php(571): Illuminate\\Foundation\\Bootstrap\\HandleExceptions->Illuminate\\Foundation\\Bootstrap\\{closure}(2, 'include(/Users/...', '/Users/juanpi/D...', 571)
#2 /Users/juanpi/Documents/laravel/gotrip/vendor/composer/ClassLoader.php(571): include('/Users/juanpi/D...')
#3 /Users/juanpi/Documents/laravel/gotrip/vendor/composer/ClassLoader.php(428): Composer\\Autoload\\includeFile('/Users/juanpi/D...')
#4 [internal function]: Composer\\Autoload\\ClassLoader->loadClass('Themes\\\\BC\\\\Theme...')
#5 /Users/juanpi/Documents/laravel/gotrip/themes/ThemeServiceProvider.php(78): class_exists('\\\\Themes\\\\BC\\\\Them...')
#6 /Users/juanpi/Documents/laravel/gotrip/vendor/laravel/framework/src/Illuminate/Foundation/Application.php(788): Themes\\ThemeServiceProvider->register()
#7 /Users/juanpi/Documents/laravel/gotrip/vendor/laravel/framework/src/Illuminate/Foundation/ProviderRepository.php(75): Illuminate\\Foundation\\Application->register(Object(Themes\\ThemeServiceProvider))
#8 /Users/juanpi/Documents/laravel/gotrip/vendor/laravel/framework/src/Illuminate/Foundation/Application.php(765): Illuminate\\Foundation\\ProviderRepository->load(Array)
#9 /Users/juanpi/Documents/laravel/gotrip/vendor/laravel/framework/src/Illuminate/Foundation/Bootstrap/RegisterProviders.php(17): Illuminate\\Foundation\\Application->registerConfiguredProviders()
#10 /Users/juanpi/Documents/laravel/gotrip/vendor/laravel/framework/src/Illuminate/Foundation/Application.php(263): Illuminate\\Foundation\\Bootstrap\\RegisterProviders->bootstrap(Object(Illuminate\\Foundation\\Application))
#11 /Users/juanpi/Documents/laravel/gotrip/vendor/laravel/framework/src/Illuminate/Foundation/Console/Kernel.php(447): Illuminate\\Foundation\\Application->bootstrapWith(Array)
#12 /Users/juanpi/Documents/laravel/gotrip/vendor/laravel/framework/src/Illuminate/Foundation/Console/Kernel.php(199): Illuminate\\Foundation\\Console\\Kernel->bootstrap()
#13 Command line code(1): Illuminate\\Foundation\\Console\\Kernel->handle(Object(Symfony\\Component\\Console\\Input\\ArgvInput), Object(Symfony\\Component\\Console\\Output\\ConsoleOutput))
#14 {main}
"} 
[2024-06-14 08:07:13] production.ERROR: include(/Users/juanpi/Documents/laravel/gotrip/vendor/composer/../../themes/BC/ThemeProvider.php): Failed to open stream: No such file or directory {"exception":"[object] (ErrorException(code: 0): include(/Users/juanpi/Documents/laravel/gotrip/vendor/composer/../../themes/BC/ThemeProvider.php): Failed to open stream: No such file or directory at /Users/juanpi/Documents/laravel/gotrip/vendor/composer/ClassLoader.php:571)
[stacktrace]
#0 /Users/juanpi/Documents/laravel/gotrip/vendor/laravel/framework/src/Illuminate/Foundation/Bootstrap/HandleExceptions.php(255): Illuminate\\Foundation\\Bootstrap\\HandleExceptions->handleError(2, 'include(/Users/...', '/Users/juanpi/D...', 571)
#1 /Users/juanpi/Documents/laravel/gotrip/vendor/composer/ClassLoader.php(571): Illuminate\\Foundation\\Bootstrap\\HandleExceptions->Illuminate\\Foundation\\Bootstrap\\{closure}(2, 'include(/Users/...', '/Users/juanpi/D...', 571)
#2 /Users/juanpi/Documents/laravel/gotrip/vendor/composer/ClassLoader.php(571): include('/Users/juanpi/D...')
#3 /Users/juanpi/Documents/laravel/gotrip/vendor/composer/ClassLoader.php(428): Composer\\Autoload\\includeFile('/Users/juanpi/D...')
#4 [internal function]: Composer\\Autoload\\ClassLoader->loadClass('Themes\\\\BC\\\\Theme...')
#5 /Users/juanpi/Documents/laravel/gotrip/themes/ThemeServiceProvider.php(78): class_exists('\\\\Themes\\\\BC\\\\Them...')
#6 /Users/juanpi/Documents/laravel/gotrip/vendor/laravel/framework/src/Illuminate/Foundation/Application.php(788): Themes\\ThemeServiceProvider->register()
#7 /Users/juanpi/Documents/laravel/gotrip/vendor/laravel/framework/src/Illuminate/Foundation/ProviderRepository.php(75): Illuminate\\Foundation\\Application->register(Object(Themes\\ThemeServiceProvider))
#8 /Users/juanpi/Documents/laravel/gotrip/vendor/laravel/framework/src/Illuminate/Foundation/Application.php(765): Illuminate\\Foundation\\ProviderRepository->load(Array)
#9 /Users/juanpi/Documents/laravel/gotrip/vendor/laravel/framework/src/Illuminate/Foundation/Bootstrap/RegisterProviders.php(17): Illuminate\\Foundation\\Application->registerConfiguredProviders()
#10 /Users/juanpi/Documents/laravel/gotrip/vendor/laravel/framework/src/Illuminate/Foundation/Application.php(263): Illuminate\\Foundation\\Bootstrap\\RegisterProviders->bootstrap(Object(Illuminate\\Foundation\\Application))
#11 /Users/juanpi/Documents/laravel/gotrip/vendor/laravel/framework/src/Illuminate/Foundation/Console/Kernel.php(447): Illuminate\\Foundation\\Application->bootstrapWith(Array)
#12 /Users/juanpi/Documents/laravel/gotrip/vendor/laravel/framework/src/Illuminate/Foundation/Console/Kernel.php(199): Illuminate\\Foundation\\Console\\Kernel->bootstrap()
#13 Command line code(1): Illuminate\\Foundation\\Console\\Kernel->handle(Object(Symfony\\Component\\Console\\Input\\ArgvInput), Object(Symfony\\Component\\Console\\Output\\ConsoleOutput))
#14 {main}
"} 
[2024-06-14 09:32:09] production.ERROR: include(/Users/juanpi/Documents/laravel/gotrip/vendor/composer/../../themes/BC/ThemeProvider.php): Failed to open stream: No such file or directory {"exception":"[object] (ErrorException(code: 0): include(/Users/juanpi/Documents/laravel/gotrip/vendor/composer/../../themes/BC/ThemeProvider.php): Failed to open stream: No such file or directory at /Users/juanpi/Documents/laravel/gotrip/vendor/composer/ClassLoader.php:571)
[stacktrace]
#0 /Users/juanpi/Documents/laravel/gotrip/vendor/laravel/framework/src/Illuminate/Foundation/Bootstrap/HandleExceptions.php(255): Illuminate\\Foundation\\Bootstrap\\HandleExceptions->handleError(2, 'include(/Users/...', '/Users/juanpi/D...', 571)
#1 /Users/juanpi/Documents/laravel/gotrip/vendor/composer/ClassLoader.php(571): Illuminate\\Foundation\\Bootstrap\\HandleExceptions->Illuminate\\Foundation\\Bootstrap\\{closure}(2, 'include(/Users/...', '/Users/juanpi/D...', 571)
#2 /Users/juanpi/Documents/laravel/gotrip/vendor/composer/ClassLoader.php(571): include('/Users/juanpi/D...')
#3 /Users/juanpi/Documents/laravel/gotrip/vendor/composer/ClassLoader.php(428): Composer\\Autoload\\includeFile('/Users/juanpi/D...')
#4 [internal function]: Composer\\Autoload\\ClassLoader->loadClass('Themes\\\\BC\\\\Theme...')
#5 /Users/juanpi/Documents/laravel/gotrip/themes/ThemeServiceProvider.php(78): class_exists('\\\\Themes\\\\BC\\\\Them...')
#6 /Users/juanpi/Documents/laravel/gotrip/vendor/laravel/framework/src/Illuminate/Foundation/Application.php(788): Themes\\ThemeServiceProvider->register()
#7 /Users/juanpi/Documents/laravel/gotrip/vendor/laravel/framework/src/Illuminate/Foundation/ProviderRepository.php(75): Illuminate\\Foundation\\Application->register(Object(Themes\\ThemeServiceProvider))
#8 /Users/juanpi/Documents/laravel/gotrip/vendor/laravel/framework/src/Illuminate/Foundation/Application.php(765): Illuminate\\Foundation\\ProviderRepository->load(Array)
#9 /Users/juanpi/Documents/laravel/gotrip/vendor/laravel/framework/src/Illuminate/Foundation/Bootstrap/RegisterProviders.php(17): Illuminate\\Foundation\\Application->registerConfiguredProviders()
#10 /Users/juanpi/Documents/laravel/gotrip/vendor/laravel/framework/src/Illuminate/Foundation/Application.php(263): Illuminate\\Foundation\\Bootstrap\\RegisterProviders->bootstrap(Object(Illuminate\\Foundation\\Application))
#11 /Users/juanpi/Documents/laravel/gotrip/vendor/laravel/framework/src/Illuminate/Foundation/Console/Kernel.php(447): Illuminate\\Foundation\\Application->bootstrapWith(Array)
#12 /Users/juanpi/Documents/laravel/gotrip/vendor/laravel/framework/src/Illuminate/Foundation/Console/Kernel.php(199): Illuminate\\Foundation\\Console\\Kernel->bootstrap()
#13 Command line code(1): Illuminate\\Foundation\\Console\\Kernel->handle(Object(Symfony\\Component\\Console\\Input\\ArgvInput), Object(Symfony\\Component\\Console\\Output\\ConsoleOutput))
#14 {main}
"} 
[2024-06-14 10:08:46] production.ERROR: include(/Users/juanpi/Documents/laravel/gotrip/vendor/composer/../../themes/BC/ThemeProvider.php): Failed to open stream: No such file or directory {"exception":"[object] (ErrorException(code: 0): include(/Users/juanpi/Documents/laravel/gotrip/vendor/composer/../../themes/BC/ThemeProvider.php): Failed to open stream: No such file or directory at /Users/juanpi/Documents/laravel/gotrip/vendor/composer/ClassLoader.php:571)
[stacktrace]
#0 /Users/juanpi/Documents/laravel/gotrip/vendor/laravel/framework/src/Illuminate/Foundation/Bootstrap/HandleExceptions.php(255): Illuminate\\Foundation\\Bootstrap\\HandleExceptions->handleError(2, 'include(/Users/...', '/Users/juanpi/D...', 571)
#1 /Users/juanpi/Documents/laravel/gotrip/vendor/composer/ClassLoader.php(571): Illuminate\\Foundation\\Bootstrap\\HandleExceptions->Illuminate\\Foundation\\Bootstrap\\{closure}(2, 'include(/Users/...', '/Users/juanpi/D...', 571)
#2 /Users/juanpi/Documents/laravel/gotrip/vendor/composer/ClassLoader.php(571): include('/Users/juanpi/D...')
#3 /Users/juanpi/Documents/laravel/gotrip/vendor/composer/ClassLoader.php(428): Composer\\Autoload\\includeFile('/Users/juanpi/D...')
#4 [internal function]: Composer\\Autoload\\ClassLoader->loadClass('Themes\\\\BC\\\\Theme...')
#5 /Users/juanpi/Documents/laravel/gotrip/themes/ThemeServiceProvider.php(78): class_exists('\\\\Themes\\\\BC\\\\Them...')
#6 /Users/juanpi/Documents/laravel/gotrip/vendor/laravel/framework/src/Illuminate/Foundation/Application.php(788): Themes\\ThemeServiceProvider->register()
#7 /Users/juanpi/Documents/laravel/gotrip/vendor/laravel/framework/src/Illuminate/Foundation/ProviderRepository.php(75): Illuminate\\Foundation\\Application->register(Object(Themes\\ThemeServiceProvider))
#8 /Users/juanpi/Documents/laravel/gotrip/vendor/laravel/framework/src/Illuminate/Foundation/Application.php(765): Illuminate\\Foundation\\ProviderRepository->load(Array)
#9 /Users/juanpi/Documents/laravel/gotrip/vendor/laravel/framework/src/Illuminate/Foundation/Bootstrap/RegisterProviders.php(17): Illuminate\\Foundation\\Application->registerConfiguredProviders()
#10 /Users/juanpi/Documents/laravel/gotrip/vendor/laravel/framework/src/Illuminate/Foundation/Application.php(263): Illuminate\\Foundation\\Bootstrap\\RegisterProviders->bootstrap(Object(Illuminate\\Foundation\\Application))
#11 /Users/juanpi/Documents/laravel/gotrip/vendor/laravel/framework/src/Illuminate/Foundation/Console/Kernel.php(447): Illuminate\\Foundation\\Application->bootstrapWith(Array)
#12 /Users/juanpi/Documents/laravel/gotrip/vendor/laravel/framework/src/Illuminate/Foundation/Console/Kernel.php(199): Illuminate\\Foundation\\Console\\Kernel->bootstrap()
#13 Command line code(1): Illuminate\\Foundation\\Console\\Kernel->handle(Object(Symfony\\Component\\Console\\Input\\ArgvInput), Object(Symfony\\Component\\Console\\Output\\ConsoleOutput))
#14 {main}
"} 
[2024-06-14 10:18:46] production.ERROR: include(/Users/juanpi/Documents/laravel/gotrip/vendor/composer/../../themes/BC/ThemeProvider.php): Failed to open stream: No such file or directory {"exception":"[object] (ErrorException(code: 0): include(/Users/juanpi/Documents/laravel/gotrip/vendor/composer/../../themes/BC/ThemeProvider.php): Failed to open stream: No such file or directory at /Users/juanpi/Documents/laravel/gotrip/vendor/composer/ClassLoader.php:571)
[stacktrace]
#0 /Users/juanpi/Documents/laravel/gotrip/vendor/laravel/framework/src/Illuminate/Foundation/Bootstrap/HandleExceptions.php(255): Illuminate\\Foundation\\Bootstrap\\HandleExceptions->handleError(2, 'include(/Users/...', '/Users/juanpi/D...', 571)
#1 /Users/juanpi/Documents/laravel/gotrip/vendor/composer/ClassLoader.php(571): Illuminate\\Foundation\\Bootstrap\\HandleExceptions->Illuminate\\Foundation\\Bootstrap\\{closure}(2, 'include(/Users/...', '/Users/juanpi/D...', 571)
#2 /Users/juanpi/Documents/laravel/gotrip/vendor/composer/ClassLoader.php(571): include('/Users/juanpi/D...')
#3 /Users/juanpi/Documents/laravel/gotrip/vendor/composer/ClassLoader.php(428): Composer\\Autoload\\includeFile('/Users/juanpi/D...')
#4 [internal function]: Composer\\Autoload\\ClassLoader->loadClass('Themes\\\\BC\\\\Theme...')
#5 /Users/juanpi/Documents/laravel/gotrip/themes/ThemeServiceProvider.php(78): class_exists('\\\\Themes\\\\BC\\\\Them...')
#6 /Users/juanpi/Documents/laravel/gotrip/vendor/laravel/framework/src/Illuminate/Foundation/Application.php(788): Themes\\ThemeServiceProvider->register()
#7 /Users/juanpi/Documents/laravel/gotrip/vendor/laravel/framework/src/Illuminate/Foundation/ProviderRepository.php(75): Illuminate\\Foundation\\Application->register(Object(Themes\\ThemeServiceProvider))
#8 /Users/juanpi/Documents/laravel/gotrip/vendor/laravel/framework/src/Illuminate/Foundation/Application.php(765): Illuminate\\Foundation\\ProviderRepository->load(Array)
#9 /Users/juanpi/Documents/laravel/gotrip/vendor/laravel/framework/src/Illuminate/Foundation/Bootstrap/RegisterProviders.php(17): Illuminate\\Foundation\\Application->registerConfiguredProviders()
#10 /Users/juanpi/Documents/laravel/gotrip/vendor/laravel/framework/src/Illuminate/Foundation/Application.php(263): Illuminate\\Foundation\\Bootstrap\\RegisterProviders->bootstrap(Object(Illuminate\\Foundation\\Application))
#11 /Users/juanpi/Documents/laravel/gotrip/vendor/laravel/framework/src/Illuminate/Foundation/Console/Kernel.php(447): Illuminate\\Foundation\\Application->bootstrapWith(Array)
#12 /Users/juanpi/Documents/laravel/gotrip/vendor/laravel/framework/src/Illuminate/Foundation/Console/Kernel.php(199): Illuminate\\Foundation\\Console\\Kernel->bootstrap()
#13 Command line code(1): Illuminate\\Foundation\\Console\\Kernel->handle(Object(Symfony\\Component\\Console\\Input\\ArgvInput), Object(Symfony\\Component\\Console\\Output\\ConsoleOutput))
#14 {main}
"} 
[2024-06-14 10:28:46] production.ERROR: include(/Users/juanpi/Documents/laravel/gotrip/vendor/composer/../../themes/BC/ThemeProvider.php): Failed to open stream: No such file or directory {"exception":"[object] (ErrorException(code: 0): include(/Users/juanpi/Documents/laravel/gotrip/vendor/composer/../../themes/BC/ThemeProvider.php): Failed to open stream: No such file or directory at /Users/juanpi/Documents/laravel/gotrip/vendor/composer/ClassLoader.php:571)
[stacktrace]
#0 /Users/juanpi/Documents/laravel/gotrip/vendor/laravel/framework/src/Illuminate/Foundation/Bootstrap/HandleExceptions.php(255): Illuminate\\Foundation\\Bootstrap\\HandleExceptions->handleError(2, 'include(/Users/...', '/Users/juanpi/D...', 571)
#1 /Users/juanpi/Documents/laravel/gotrip/vendor/composer/ClassLoader.php(571): Illuminate\\Foundation\\Bootstrap\\HandleExceptions->Illuminate\\Foundation\\Bootstrap\\{closure}(2, 'include(/Users/...', '/Users/juanpi/D...', 571)
#2 /Users/juanpi/Documents/laravel/gotrip/vendor/composer/ClassLoader.php(571): include('/Users/juanpi/D...')
#3 /Users/juanpi/Documents/laravel/gotrip/vendor/composer/ClassLoader.php(428): Composer\\Autoload\\includeFile('/Users/juanpi/D...')
#4 [internal function]: Composer\\Autoload\\ClassLoader->loadClass('Themes\\\\BC\\\\Theme...')
#5 /Users/juanpi/Documents/laravel/gotrip/themes/ThemeServiceProvider.php(78): class_exists('\\\\Themes\\\\BC\\\\Them...')
#6 /Users/juanpi/Documents/laravel/gotrip/vendor/laravel/framework/src/Illuminate/Foundation/Application.php(788): Themes\\ThemeServiceProvider->register()
#7 /Users/juanpi/Documents/laravel/gotrip/vendor/laravel/framework/src/Illuminate/Foundation/ProviderRepository.php(75): Illuminate\\Foundation\\Application->register(Object(Themes\\ThemeServiceProvider))
#8 /Users/juanpi/Documents/laravel/gotrip/vendor/laravel/framework/src/Illuminate/Foundation/Application.php(765): Illuminate\\Foundation\\ProviderRepository->load(Array)
#9 /Users/juanpi/Documents/laravel/gotrip/vendor/laravel/framework/src/Illuminate/Foundation/Bootstrap/RegisterProviders.php(17): Illuminate\\Foundation\\Application->registerConfiguredProviders()
#10 /Users/juanpi/Documents/laravel/gotrip/vendor/laravel/framework/src/Illuminate/Foundation/Application.php(263): Illuminate\\Foundation\\Bootstrap\\RegisterProviders->bootstrap(Object(Illuminate\\Foundation\\Application))
#11 /Users/juanpi/Documents/laravel/gotrip/vendor/laravel/framework/src/Illuminate/Foundation/Console/Kernel.php(447): Illuminate\\Foundation\\Application->bootstrapWith(Array)
#12 /Users/juanpi/Documents/laravel/gotrip/vendor/laravel/framework/src/Illuminate/Foundation/Console/Kernel.php(199): Illuminate\\Foundation\\Console\\Kernel->bootstrap()
#13 Command line code(1): Illuminate\\Foundation\\Console\\Kernel->handle(Object(Symfony\\Component\\Console\\Input\\ArgvInput), Object(Symfony\\Component\\Console\\Output\\ConsoleOutput))
#14 {main}
"} 
[2024-06-14 10:38:46] production.ERROR: include(/Users/juanpi/Documents/laravel/gotrip/vendor/composer/../../themes/BC/ThemeProvider.php): Failed to open stream: No such file or directory {"exception":"[object] (ErrorException(code: 0): include(/Users/juanpi/Documents/laravel/gotrip/vendor/composer/../../themes/BC/ThemeProvider.php): Failed to open stream: No such file or directory at /Users/juanpi/Documents/laravel/gotrip/vendor/composer/ClassLoader.php:571)
[stacktrace]
#0 /Users/juanpi/Documents/laravel/gotrip/vendor/laravel/framework/src/Illuminate/Foundation/Bootstrap/HandleExceptions.php(255): Illuminate\\Foundation\\Bootstrap\\HandleExceptions->handleError(2, 'include(/Users/...', '/Users/juanpi/D...', 571)
#1 /Users/juanpi/Documents/laravel/gotrip/vendor/composer/ClassLoader.php(571): Illuminate\\Foundation\\Bootstrap\\HandleExceptions->Illuminate\\Foundation\\Bootstrap\\{closure}(2, 'include(/Users/...', '/Users/juanpi/D...', 571)
#2 /Users/juanpi/Documents/laravel/gotrip/vendor/composer/ClassLoader.php(571): include('/Users/juanpi/D...')
#3 /Users/juanpi/Documents/laravel/gotrip/vendor/composer/ClassLoader.php(428): Composer\\Autoload\\includeFile('/Users/juanpi/D...')
#4 [internal function]: Composer\\Autoload\\ClassLoader->loadClass('Themes\\\\BC\\\\Theme...')
#5 /Users/juanpi/Documents/laravel/gotrip/themes/ThemeServiceProvider.php(78): class_exists('\\\\Themes\\\\BC\\\\Them...')
#6 /Users/juanpi/Documents/laravel/gotrip/vendor/laravel/framework/src/Illuminate/Foundation/Application.php(788): Themes\\ThemeServiceProvider->register()
#7 /Users/juanpi/Documents/laravel/gotrip/vendor/laravel/framework/src/Illuminate/Foundation/ProviderRepository.php(75): Illuminate\\Foundation\\Application->register(Object(Themes\\ThemeServiceProvider))
#8 /Users/juanpi/Documents/laravel/gotrip/vendor/laravel/framework/src/Illuminate/Foundation/Application.php(765): Illuminate\\Foundation\\ProviderRepository->load(Array)
#9 /Users/juanpi/Documents/laravel/gotrip/vendor/laravel/framework/src/Illuminate/Foundation/Bootstrap/RegisterProviders.php(17): Illuminate\\Foundation\\Application->registerConfiguredProviders()
#10 /Users/juanpi/Documents/laravel/gotrip/vendor/laravel/framework/src/Illuminate/Foundation/Application.php(263): Illuminate\\Foundation\\Bootstrap\\RegisterProviders->bootstrap(Object(Illuminate\\Foundation\\Application))
#11 /Users/juanpi/Documents/laravel/gotrip/vendor/laravel/framework/src/Illuminate/Foundation/Console/Kernel.php(447): Illuminate\\Foundation\\Application->bootstrapWith(Array)
#12 /Users/juanpi/Documents/laravel/gotrip/vendor/laravel/framework/src/Illuminate/Foundation/Console/Kernel.php(199): Illuminate\\Foundation\\Console\\Kernel->bootstrap()
#13 Command line code(1): Illuminate\\Foundation\\Console\\Kernel->handle(Object(Symfony\\Component\\Console\\Input\\ArgvInput), Object(Symfony\\Component\\Console\\Output\\ConsoleOutput))
#14 {main}
"} 
[2024-06-14 10:49:30] production.ERROR: include(/Users/juanpi/Documents/laravel/gotrip/vendor/composer/../../themes/BC/ThemeProvider.php): Failed to open stream: No such file or directory {"exception":"[object] (ErrorException(code: 0): include(/Users/juanpi/Documents/laravel/gotrip/vendor/composer/../../themes/BC/ThemeProvider.php): Failed to open stream: No such file or directory at /Users/juanpi/Documents/laravel/gotrip/vendor/composer/ClassLoader.php:571)
[stacktrace]
#0 /Users/juanpi/Documents/laravel/gotrip/vendor/laravel/framework/src/Illuminate/Foundation/Bootstrap/HandleExceptions.php(255): Illuminate\\Foundation\\Bootstrap\\HandleExceptions->handleError(2, 'include(/Users/...', '/Users/juanpi/D...', 571)
#1 /Users/juanpi/Documents/laravel/gotrip/vendor/composer/ClassLoader.php(571): Illuminate\\Foundation\\Bootstrap\\HandleExceptions->Illuminate\\Foundation\\Bootstrap\\{closure}(2, 'include(/Users/...', '/Users/juanpi/D...', 571)
#2 /Users/juanpi/Documents/laravel/gotrip/vendor/composer/ClassLoader.php(571): include('/Users/juanpi/D...')
#3 /Users/juanpi/Documents/laravel/gotrip/vendor/composer/ClassLoader.php(428): Composer\\Autoload\\includeFile('/Users/juanpi/D...')
#4 [internal function]: Composer\\Autoload\\ClassLoader->loadClass('Themes\\\\BC\\\\Theme...')
#5 /Users/juanpi/Documents/laravel/gotrip/themes/ThemeServiceProvider.php(78): class_exists('\\\\Themes\\\\BC\\\\Them...')
#6 /Users/juanpi/Documents/laravel/gotrip/vendor/laravel/framework/src/Illuminate/Foundation/Application.php(788): Themes\\ThemeServiceProvider->register()
#7 /Users/juanpi/Documents/laravel/gotrip/vendor/laravel/framework/src/Illuminate/Foundation/ProviderRepository.php(75): Illuminate\\Foundation\\Application->register(Object(Themes\\ThemeServiceProvider))
#8 /Users/juanpi/Documents/laravel/gotrip/vendor/laravel/framework/src/Illuminate/Foundation/Application.php(765): Illuminate\\Foundation\\ProviderRepository->load(Array)
#9 /Users/juanpi/Documents/laravel/gotrip/vendor/laravel/framework/src/Illuminate/Foundation/Bootstrap/RegisterProviders.php(17): Illuminate\\Foundation\\Application->registerConfiguredProviders()
#10 /Users/juanpi/Documents/laravel/gotrip/vendor/laravel/framework/src/Illuminate/Foundation/Application.php(263): Illuminate\\Foundation\\Bootstrap\\RegisterProviders->bootstrap(Object(Illuminate\\Foundation\\Application))
#11 /Users/juanpi/Documents/laravel/gotrip/vendor/laravel/framework/src/Illuminate/Foundation/Console/Kernel.php(447): Illuminate\\Foundation\\Application->bootstrapWith(Array)
#12 /Users/juanpi/Documents/laravel/gotrip/vendor/laravel/framework/src/Illuminate/Foundation/Console/Kernel.php(199): Illuminate\\Foundation\\Console\\Kernel->bootstrap()
#13 Command line code(1): Illuminate\\Foundation\\Console\\Kernel->handle(Object(Symfony\\Component\\Console\\Input\\ArgvInput), Object(Symfony\\Component\\Console\\Output\\ConsoleOutput))
#14 {main}
"} 
[2024-06-14 11:02:45] production.ERROR: include(/Users/juanpi/Documents/laravel/gotrip/vendor/composer/../../themes/BC/ThemeProvider.php): Failed to open stream: No such file or directory {"exception":"[object] (ErrorException(code: 0): include(/Users/juanpi/Documents/laravel/gotrip/vendor/composer/../../themes/BC/ThemeProvider.php): Failed to open stream: No such file or directory at /Users/juanpi/Documents/laravel/gotrip/vendor/composer/ClassLoader.php:571)
[stacktrace]
#0 /Users/juanpi/Documents/laravel/gotrip/vendor/laravel/framework/src/Illuminate/Foundation/Bootstrap/HandleExceptions.php(255): Illuminate\\Foundation\\Bootstrap\\HandleExceptions->handleError(2, 'include(/Users/...', '/Users/juanpi/D...', 571)
#1 /Users/juanpi/Documents/laravel/gotrip/vendor/composer/ClassLoader.php(571): Illuminate\\Foundation\\Bootstrap\\HandleExceptions->Illuminate\\Foundation\\Bootstrap\\{closure}(2, 'include(/Users/...', '/Users/juanpi/D...', 571)
#2 /Users/juanpi/Documents/laravel/gotrip/vendor/composer/ClassLoader.php(571): include('/Users/juanpi/D...')
#3 /Users/juanpi/Documents/laravel/gotrip/vendor/composer/ClassLoader.php(428): Composer\\Autoload\\includeFile('/Users/juanpi/D...')
#4 [internal function]: Composer\\Autoload\\ClassLoader->loadClass('Themes\\\\BC\\\\Theme...')
#5 /Users/juanpi/Documents/laravel/gotrip/themes/ThemeServiceProvider.php(78): class_exists('\\\\Themes\\\\BC\\\\Them...')
#6 /Users/juanpi/Documents/laravel/gotrip/vendor/laravel/framework/src/Illuminate/Foundation/Application.php(788): Themes\\ThemeServiceProvider->register()
#7 /Users/juanpi/Documents/laravel/gotrip/vendor/laravel/framework/src/Illuminate/Foundation/ProviderRepository.php(75): Illuminate\\Foundation\\Application->register(Object(Themes\\ThemeServiceProvider))
#8 /Users/juanpi/Documents/laravel/gotrip/vendor/laravel/framework/src/Illuminate/Foundation/Application.php(765): Illuminate\\Foundation\\ProviderRepository->load(Array)
#9 /Users/juanpi/Documents/laravel/gotrip/vendor/laravel/framework/src/Illuminate/Foundation/Bootstrap/RegisterProviders.php(17): Illuminate\\Foundation\\Application->registerConfiguredProviders()
#10 /Users/juanpi/Documents/laravel/gotrip/vendor/laravel/framework/src/Illuminate/Foundation/Application.php(263): Illuminate\\Foundation\\Bootstrap\\RegisterProviders->bootstrap(Object(Illuminate\\Foundation\\Application))
#11 /Users/juanpi/Documents/laravel/gotrip/vendor/laravel/framework/src/Illuminate/Foundation/Console/Kernel.php(447): Illuminate\\Foundation\\Application->bootstrapWith(Array)
#12 /Users/juanpi/Documents/laravel/gotrip/vendor/laravel/framework/src/Illuminate/Foundation/Console/Kernel.php(199): Illuminate\\Foundation\\Console\\Kernel->bootstrap()
#13 Command line code(1): Illuminate\\Foundation\\Console\\Kernel->handle(Object(Symfony\\Component\\Console\\Input\\ArgvInput), Object(Symfony\\Component\\Console\\Output\\ConsoleOutput))
#14 {main}
"} 
[2024-06-14 12:19:09] production.ERROR: include(/Users/juanpi/Documents/laravel/gotrip/vendor/composer/../../themes/BC/ThemeProvider.php): Failed to open stream: No such file or directory {"exception":"[object] (ErrorException(code: 0): include(/Users/juanpi/Documents/laravel/gotrip/vendor/composer/../../themes/BC/ThemeProvider.php): Failed to open stream: No such file or directory at /Users/juanpi/Documents/laravel/gotrip/vendor/composer/ClassLoader.php:571)
[stacktrace]
#0 /Users/juanpi/Documents/laravel/gotrip/vendor/laravel/framework/src/Illuminate/Foundation/Bootstrap/HandleExceptions.php(255): Illuminate\\Foundation\\Bootstrap\\HandleExceptions->handleError(2, 'include(/Users/...', '/Users/juanpi/D...', 571)
#1 /Users/juanpi/Documents/laravel/gotrip/vendor/composer/ClassLoader.php(571): Illuminate\\Foundation\\Bootstrap\\HandleExceptions->Illuminate\\Foundation\\Bootstrap\\{closure}(2, 'include(/Users/...', '/Users/juanpi/D...', 571)
#2 /Users/juanpi/Documents/laravel/gotrip/vendor/composer/ClassLoader.php(571): include('/Users/juanpi/D...')
#3 /Users/juanpi/Documents/laravel/gotrip/vendor/composer/ClassLoader.php(428): Composer\\Autoload\\includeFile('/Users/juanpi/D...')
#4 [internal function]: Composer\\Autoload\\ClassLoader->loadClass('Themes\\\\BC\\\\Theme...')
#5 /Users/juanpi/Documents/laravel/gotrip/themes/ThemeServiceProvider.php(78): class_exists('\\\\Themes\\\\BC\\\\Them...')
#6 /Users/juanpi/Documents/laravel/gotrip/vendor/laravel/framework/src/Illuminate/Foundation/Application.php(788): Themes\\ThemeServiceProvider->register()
#7 /Users/juanpi/Documents/laravel/gotrip/vendor/laravel/framework/src/Illuminate/Foundation/ProviderRepository.php(75): Illuminate\\Foundation\\Application->register(Object(Themes\\ThemeServiceProvider))
#8 /Users/juanpi/Documents/laravel/gotrip/vendor/laravel/framework/src/Illuminate/Foundation/Application.php(765): Illuminate\\Foundation\\ProviderRepository->load(Array)
#9 /Users/juanpi/Documents/laravel/gotrip/vendor/laravel/framework/src/Illuminate/Foundation/Bootstrap/RegisterProviders.php(17): Illuminate\\Foundation\\Application->registerConfiguredProviders()
#10 /Users/juanpi/Documents/laravel/gotrip/vendor/laravel/framework/src/Illuminate/Foundation/Application.php(263): Illuminate\\Foundation\\Bootstrap\\RegisterProviders->bootstrap(Object(Illuminate\\Foundation\\Application))
#11 /Users/juanpi/Documents/laravel/gotrip/vendor/laravel/framework/src/Illuminate/Foundation/Console/Kernel.php(447): Illuminate\\Foundation\\Application->bootstrapWith(Array)
#12 /Users/juanpi/Documents/laravel/gotrip/vendor/laravel/framework/src/Illuminate/Foundation/Console/Kernel.php(199): Illuminate\\Foundation\\Console\\Kernel->bootstrap()
#13 Command line code(1): Illuminate\\Foundation\\Console\\Kernel->handle(Object(Symfony\\Component\\Console\\Input\\ArgvInput), Object(Symfony\\Component\\Console\\Output\\ConsoleOutput))
#14 {main}
"} 
[2024-06-14 13:44:44] production.ERROR: include(/Users/juanpi/Documents/laravel/gotrip/vendor/composer/../../themes/BC/ThemeProvider.php): Failed to open stream: No such file or directory {"exception":"[object] (ErrorException(code: 0): include(/Users/juanpi/Documents/laravel/gotrip/vendor/composer/../../themes/BC/ThemeProvider.php): Failed to open stream: No such file or directory at /Users/juanpi/Documents/laravel/gotrip/vendor/composer/ClassLoader.php:571)
[stacktrace]
#0 /Users/juanpi/Documents/laravel/gotrip/vendor/laravel/framework/src/Illuminate/Foundation/Bootstrap/HandleExceptions.php(255): Illuminate\\Foundation\\Bootstrap\\HandleExceptions->handleError(2, 'include(/Users/...', '/Users/juanpi/D...', 571)
#1 /Users/juanpi/Documents/laravel/gotrip/vendor/composer/ClassLoader.php(571): Illuminate\\Foundation\\Bootstrap\\HandleExceptions->Illuminate\\Foundation\\Bootstrap\\{closure}(2, 'include(/Users/...', '/Users/juanpi/D...', 571)
#2 /Users/juanpi/Documents/laravel/gotrip/vendor/composer/ClassLoader.php(571): include('/Users/juanpi/D...')
#3 /Users/juanpi/Documents/laravel/gotrip/vendor/composer/ClassLoader.php(428): Composer\\Autoload\\includeFile('/Users/juanpi/D...')
#4 [internal function]: Composer\\Autoload\\ClassLoader->loadClass('Themes\\\\BC\\\\Theme...')
#5 /Users/juanpi/Documents/laravel/gotrip/themes/ThemeServiceProvider.php(78): class_exists('\\\\Themes\\\\BC\\\\Them...')
#6 /Users/juanpi/Documents/laravel/gotrip/vendor/laravel/framework/src/Illuminate/Foundation/Application.php(788): Themes\\ThemeServiceProvider->register()
#7 /Users/juanpi/Documents/laravel/gotrip/vendor/laravel/framework/src/Illuminate/Foundation/ProviderRepository.php(75): Illuminate\\Foundation\\Application->register(Object(Themes\\ThemeServiceProvider))
#8 /Users/juanpi/Documents/laravel/gotrip/vendor/laravel/framework/src/Illuminate/Foundation/Application.php(765): Illuminate\\Foundation\\ProviderRepository->load(Array)
#9 /Users/juanpi/Documents/laravel/gotrip/vendor/laravel/framework/src/Illuminate/Foundation/Bootstrap/RegisterProviders.php(17): Illuminate\\Foundation\\Application->registerConfiguredProviders()
#10 /Users/juanpi/Documents/laravel/gotrip/vendor/laravel/framework/src/Illuminate/Foundation/Application.php(263): Illuminate\\Foundation\\Bootstrap\\RegisterProviders->bootstrap(Object(Illuminate\\Foundation\\Application))
#11 /Users/juanpi/Documents/laravel/gotrip/vendor/laravel/framework/src/Illuminate/Foundation/Console/Kernel.php(447): Illuminate\\Foundation\\Application->bootstrapWith(Array)
#12 /Users/juanpi/Documents/laravel/gotrip/vendor/laravel/framework/src/Illuminate/Foundation/Console/Kernel.php(199): Illuminate\\Foundation\\Console\\Kernel->bootstrap()
#13 Command line code(1): Illuminate\\Foundation\\Console\\Kernel->handle(Object(Symfony\\Component\\Console\\Input\\ArgvInput), Object(Symfony\\Component\\Console\\Output\\ConsoleOutput))
#14 {main}
"} 
